<?xml version="1.0" encoding="UTF-8"?>
<testsuites name="feature_register" time="92.71" tests="4" failures="0" errors="0">
   <testsuite name="feature_register" tests="4" failures="0" errors="0" time="92.71" skipped="0" timestamp="2023-02-22 18:30:27" hostname="ADITIA ARGA PRATAMA - LAPTOP-L0K8P5OF" id="Test Suites/Without Gherkin/feature_register">
      <properties>
         <property name="deviceName" value=""/>
         <property name="devicePlatform" value=""/>
         <property name="logFolder" value="C:\\Users\\ADITIA ARGA PRATAMA\\Katalon Studio\\web-automation-testing-kelompok-1.git\\Reports\\20230222_182952\\Without Gherkin\\feature_register\\20230222_182953"/>
         <property name="logFiles" value="C:\\Users\\ADITIA ARGA PRATAMA\\Katalon Studio\\web-automation-testing-kelompok-1.git\\Reports\\20230222_182952\\Without Gherkin\\feature_register\\20230222_182953\\execution0.log"/>
         <property name="attachments" value=""/>
         <property name="hostName" value="ADITIA ARGA PRATAMA - LAPTOP-L0K8P5OF"/>
         <property name="os" value="Windows 10 64bit"/>
         <property name="katalonVersion" value="8.5.5.208"/>
         <property name="browser" value="Chrome 110.0.0.0"/>
         <property name="hostAddress" value="192.168.127.126"/>
         <property name="sessionId" value="f18ae8bc5d587dfbe2695fdb9b3aeee8"/>
         <property name="seleniumVersion" value="3.141.59"/>
         <property name="proxyInformation" value="ProxyInformation { proxyOption=NO_PROXY, proxyServerType=HTTP, username=, password=********, proxyServerAddress=, proxyServerPort=0, executionList=&quot;&quot;, isApplyToDesiredCapabilities=true }"/>
         <property name="platform" value="Windows 10"/>
      </properties>
      <testcase name="Test Cases/Step Definition/feature_register/RGT001 - User register with new email address and password" time="23.994" classname="Test Cases/Step Definition/feature_register/RGT001 - User register with new email address and password" status="PASSED">
         <system-out><![CDATA[2023-02-22 18:30:33 - [TEST_CASE][PASSED] - Test Cases/Step Definition/feature_register/RGT001 - User register with new email address and password: Test Cases/Step Definition/feature_register/RGT001 - User register with new email address and password

2023-02-22 18:30:33 - [TEST_STEP][PASSED] - callTestCase(findTestCase("Pages/page_register/navigate_to_register_page"), [:], STOP_ON_FAILURE): Call Test Case 'Test Cases/Pages/page_register/navigate_to_register_page' successfully

2023-02-22 18:30:33 - [TEST_CASE][PASSED] - Test Cases/Pages/page_register/navigate_to_register_page: Test Cases/Pages/page_register/navigate_to_register_page

2023-02-22 18:30:33 - [TEST_STEP][PASSED] - callTestCase(findTestCase("Pages/page_login/navigate_to_login_page"), [:], STOP_ON_FAILURE): Call Test Case 'Test Cases/Pages/page_login/navigate_to_login_page' successfully

2023-02-22 18:30:33 - [TEST_CASE][PASSED] - Test Cases/Pages/page_login/navigate_to_login_page: Test Cases/Pages/page_login/navigate_to_login_page

2023-02-22 18:30:34 - [TEST_STEP][PASSED] - openBrowser(""): Browser is opened with url: ''

2023-02-22 18:30:34 - [MESSAGE][WARNING] - A browser is already opened. Closing browser and opening a new one

2023-02-22 18:30:34 - [MESSAGE][INFO] - Starting 'Chrome' driver

2023-02-22 18:30:34 - [MESSAGE][INFO] - Action delay is set to 0 milliseconds

2023-02-22 18:30:36 - [MESSAGE][PASSED] - Browser is opened with url: ''

2023-02-22 18:30:36 - [TEST_STEP][PASSED] - maximizeWindow(): Current window maximized

2023-02-22 18:30:36 - [MESSAGE][PASSED] - Current window maximized

2023-02-22 18:30:36 - [TEST_STEP][PASSED] - navigateToUrl("https://secondhand-store.herokuapp.com/"): Navigate to 'https://secondhand-store.herokuapp.com/' successfully

2023-02-22 18:30:39 - [MESSAGE][PASSED] - Navigate to 'https://secondhand-store.herokuapp.com/' successfully

2023-02-22 18:30:39 - [TEST_STEP][PASSED] - waitForElementPresent(findTestObject("page_home/btn_masuk"), 3): Object 'Object Repository/page_home/btn_masuk' is present

2023-02-22 18:30:42 - [MESSAGE][PASSED] - Object 'Object Repository/page_home/btn_masuk' is present

2023-02-22 18:30:42 - [TEST_STEP][PASSED] - click(findTestObject("page_home/btn_masuk")): Object: 'Object Repository/page_home/btn_masuk' is clicked on

2023-02-22 18:30:42 - [MESSAGE][PASSED] - Object: 'Object Repository/page_home/btn_masuk' is clicked on

2023-02-22 18:30:42 - [MESSAGE][PASSED] - Call Test Case 'Test Cases/Pages/page_login/navigate_to_login_page' successfully

2023-02-22 18:30:42 - [TEST_STEP][PASSED] - waitForElementPresent(findTestObject("page_login/linktext_daftar di sini"), 3): Object 'Object Repository/page_login/linktext_daftar di sini' is present

2023-02-22 18:30:43 - [MESSAGE][PASSED] - Object 'Object Repository/page_login/linktext_daftar di sini' is present

2023-02-22 18:30:43 - [TEST_STEP][PASSED] - click(findTestObject("page_login/linktext_daftar di sini")): Object: 'Object Repository/page_login/linktext_daftar di sini' is clicked on

2023-02-22 18:30:43 - [MESSAGE][PASSED] - Object: 'Object Repository/page_login/linktext_daftar di sini' is clicked on

2023-02-22 18:30:43 - [MESSAGE][PASSED] - Call Test Case 'Test Cases/Pages/page_register/navigate_to_register_page' successfully

2023-02-22 18:30:43 - [TEST_STEP][PASSED] - callTestCase(findTestCase("Pages/page_register/verify_content"), [:], STOP_ON_FAILURE): Call Test Case 'Test Cases/Pages/page_register/verify_content' successfully

2023-02-22 18:30:43 - [TEST_CASE][PASSED] - Test Cases/Pages/page_register/verify_content: Test Cases/Pages/page_register/verify_content

2023-02-22 18:30:43 - [TEST_STEP][PASSED] - verifyElementVisible(findTestObject("page_register/btn_daftar")): Object 'Object Repository/page_register/btn_daftar' is visible

2023-02-22 18:30:44 - [MESSAGE][PASSED] - Object 'Object Repository/page_register/btn_daftar' is visible

2023-02-22 18:30:44 - [TEST_STEP][PASSED] - verifyElementVisible(findTestObject("page_register/img_rectangle left")): Object 'Object Repository/page_register/img_rectangle left' is visible

2023-02-22 18:30:44 - [MESSAGE][PASSED] - Object 'Object Repository/page_register/img_rectangle left' is visible

2023-02-22 18:30:44 - [TEST_STEP][PASSED] - verifyElementVisible(findTestObject("page_register/linktext_masuk di sini")): Object 'Object Repository/page_register/linktext_masuk di sini' is visible

2023-02-22 18:30:44 - [MESSAGE][PASSED] - Object 'Object Repository/page_register/linktext_masuk di sini' is visible

2023-02-22 18:30:44 - [TEST_STEP][PASSED] - verifyElementVisible(findTestObject("page_register/text_daftar")): Object 'Object Repository/page_register/text_daftar' is visible

2023-02-22 18:30:45 - [MESSAGE][PASSED] - Object 'Object Repository/page_register/text_daftar' is visible

2023-02-22 18:30:45 - [TEST_STEP][PASSED] - verifyElementVisible(findTestObject("page_register/text_email")): Object 'Object Repository/page_register/text_email' is visible

2023-02-22 18:30:45 - [MESSAGE][PASSED] - Object 'Object Repository/page_register/text_email' is visible

2023-02-22 18:30:45 - [TEST_STEP][PASSED] - verifyElementVisible(findTestObject("page_register/text_nama")): Object 'Object Repository/page_register/text_nama' is visible

2023-02-22 18:30:45 - [MESSAGE][PASSED] - Object 'Object Repository/page_register/text_nama' is visible

2023-02-22 18:30:45 - [TEST_STEP][PASSED] - verifyElementVisible(findTestObject("page_register/text_password")): Object 'Object Repository/page_register/text_password' is visible

2023-02-22 18:30:46 - [MESSAGE][PASSED] - Object 'Object Repository/page_register/text_password' is visible

2023-02-22 18:30:46 - [TEST_STEP][PASSED] - verifyElementVisible(findTestObject("page_register/text_SecondHand")): Object 'Object Repository/page_register/text_SecondHand' is visible

2023-02-22 18:30:46 - [MESSAGE][PASSED] - Object 'Object Repository/page_register/text_SecondHand' is visible

2023-02-22 18:30:46 - [TEST_STEP][PASSED] - verifyElementVisible(findTestObject("page_register/text_sudah punya akun")): Object 'Object Repository/page_register/text_sudah punya akun' is visible

2023-02-22 18:30:46 - [MESSAGE][PASSED] - Object 'Object Repository/page_register/text_sudah punya akun' is visible

2023-02-22 18:30:46 - [TEST_STEP][PASSED] - verifyElementVisible(findTestObject("page_register/textfield_email")): Object 'Object Repository/page_register/textfield_email' is visible

2023-02-22 18:30:47 - [MESSAGE][PASSED] - Object 'Object Repository/page_register/textfield_email' is visible

2023-02-22 18:30:47 - [TEST_STEP][PASSED] - verifyElementVisible(findTestObject("page_register/textfield_nama")): Object 'Object Repository/page_register/textfield_nama' is visible

2023-02-22 18:30:47 - [MESSAGE][PASSED] - Object 'Object Repository/page_register/textfield_nama' is visible

2023-02-22 18:30:47 - [TEST_STEP][PASSED] - verifyElementVisible(findTestObject("page_register/textfield_password")): Object 'Object Repository/page_register/textfield_password' is visible

2023-02-22 18:30:47 - [MESSAGE][PASSED] - Object 'Object Repository/page_register/textfield_password' is visible

2023-02-22 18:30:47 - [MESSAGE][PASSED] - Call Test Case 'Test Cases/Pages/page_register/verify_content' successfully

2023-02-22 18:30:47 - [TEST_STEP][PASSED] - callTestCase(findTestCase("Pages/page_register/input_nama"), ["nama":name], STOP_ON_FAILURE): Call Test Case 'Test Cases/Pages/page_register/input_nama' successfully

2023-02-22 18:30:48 - [TEST_CASE][PASSED] - Test Cases/Pages/page_register/input_nama: Test Cases/Pages/page_register/input_nama

2023-02-22 18:30:48 - [TEST_STEP][PASSED] - clearText(findTestObject("page_register/textfield_nama")): Text of object 'Object Repository/page_register/textfield_nama' is cleared

2023-02-22 18:30:48 - [MESSAGE][PASSED] - Text of object 'Object Repository/page_register/textfield_nama' is cleared

2023-02-22 18:30:48 - [TEST_STEP][PASSED] - sendKeys(findTestObject("page_register/textfield_nama"), nama): Keys 'Oyenkuu97' sent to object: 'Object Repository/page_register/textfield_nama'

2023-02-22 18:30:49 - [MESSAGE][PASSED] - Keys 'Oyenkuu97' sent to object: 'Object Repository/page_register/textfield_nama'

2023-02-22 18:30:49 - [MESSAGE][PASSED] - Call Test Case 'Test Cases/Pages/page_register/input_nama' successfully

2023-02-22 18:30:49 - [TEST_STEP][PASSED] - callTestCase(findTestCase("Pages/page_register/input_email"), ["email":email], STOP_ON_FAILURE): Call Test Case 'Test Cases/Pages/page_register/input_email' successfully

2023-02-22 18:30:49 - [TEST_CASE][PASSED] - Test Cases/Pages/page_register/input_email: Test Cases/Pages/page_register/input_email

2023-02-22 18:30:49 - [TEST_STEP][PASSED] - clearText(findTestObject("page_register/textfield_email")): Text of object 'Object Repository/page_register/textfield_email' is cleared

2023-02-22 18:30:49 - [MESSAGE][PASSED] - Text of object 'Object Repository/page_register/textfield_email' is cleared

2023-02-22 18:30:49 - [TEST_STEP][PASSED] - sendKeys(findTestObject("page_register/textfield_email"), email): Keys 'oyenkuu78f44w62@gmail.com' sent to object: 'Object Repository/page_register/textfield_email'

2023-02-22 18:30:50 - [MESSAGE][PASSED] - Keys 'oyenkuu78f44w62@gmail.com' sent to object: 'Object Repository/page_register/textfield_email'

2023-02-22 18:30:50 - [MESSAGE][PASSED] - Call Test Case 'Test Cases/Pages/page_register/input_email' successfully

2023-02-22 18:30:50 - [TEST_STEP][PASSED] - callTestCase(findTestCase("Pages/page_register/input_password"), ["password":password], STOP_ON_FAILURE): Call Test Case 'Test Cases/Pages/page_register/input_password' successfully

2023-02-22 18:30:50 - [TEST_CASE][PASSED] - Test Cases/Pages/page_register/input_password: Test Cases/Pages/page_register/input_password

2023-02-22 18:30:50 - [TEST_STEP][PASSED] - clearText(findTestObject("page_register/textfield_password")): Text of object 'Object Repository/page_register/textfield_password' is cleared

2023-02-22 18:30:51 - [MESSAGE][PASSED] - Text of object 'Object Repository/page_register/textfield_password' is cleared

2023-02-22 18:30:51 - [TEST_STEP][PASSED] - sendKeys(findTestObject("page_register/textfield_password"), password): Keys 'oyenkuu97' sent to object: 'Object Repository/page_register/textfield_password'

2023-02-22 18:30:51 - [MESSAGE][PASSED] - Keys 'oyenkuu97' sent to object: 'Object Repository/page_register/textfield_password'

2023-02-22 18:30:51 - [MESSAGE][PASSED] - Call Test Case 'Test Cases/Pages/page_register/input_password' successfully

2023-02-22 18:30:51 - [TEST_STEP][PASSED] - callTestCase(findTestCase("Pages/page_register/click_daftar"), [:], STOP_ON_FAILURE): Call Test Case 'Test Cases/Pages/page_register/click_daftar' successfully

2023-02-22 18:30:51 - [TEST_CASE][PASSED] - Test Cases/Pages/page_register/click_daftar: Test Cases/Pages/page_register/click_daftar

2023-02-22 18:30:51 - [TEST_STEP][PASSED] - click(findTestObject("page_register/btn_daftar")): Object: 'Object Repository/page_register/btn_daftar' is clicked on

2023-02-22 18:30:52 - [MESSAGE][PASSED] - Object: 'Object Repository/page_register/btn_daftar' is clicked on

2023-02-22 18:30:52 - [MESSAGE][PASSED] - Call Test Case 'Test Cases/Pages/page_register/click_daftar' successfully

2023-02-22 18:30:52 - [TEST_STEP][PASSED] - callTestCase(findTestCase("Pages/page_register/verify_content"), [:], STOP_ON_FAILURE): Call Test Case 'Test Cases/Pages/page_register/verify_content' successfully

2023-02-22 18:30:52 - [TEST_CASE][PASSED] - Test Cases/Pages/page_register/verify_content: Test Cases/Pages/page_register/verify_content

2023-02-22 18:30:52 - [TEST_STEP][PASSED] - verifyElementVisible(findTestObject("page_register/btn_daftar")): Object 'Object Repository/page_register/btn_daftar' is visible

2023-02-22 18:30:53 - [MESSAGE][PASSED] - Object 'Object Repository/page_register/btn_daftar' is visible

2023-02-22 18:30:53 - [TEST_STEP][PASSED] - verifyElementVisible(findTestObject("page_register/img_rectangle left")): Object 'Object Repository/page_register/img_rectangle left' is visible

2023-02-22 18:30:53 - [MESSAGE][PASSED] - Object 'Object Repository/page_register/img_rectangle left' is visible

2023-02-22 18:30:53 - [TEST_STEP][PASSED] - verifyElementVisible(findTestObject("page_register/linktext_masuk di sini")): Object 'Object Repository/page_register/linktext_masuk di sini' is visible

2023-02-22 18:30:53 - [MESSAGE][PASSED] - Object 'Object Repository/page_register/linktext_masuk di sini' is visible

2023-02-22 18:30:53 - [TEST_STEP][PASSED] - verifyElementVisible(findTestObject("page_register/text_daftar")): Object 'Object Repository/page_register/text_daftar' is visible

2023-02-22 18:30:54 - [MESSAGE][PASSED] - Object 'Object Repository/page_register/text_daftar' is visible

2023-02-22 18:30:54 - [TEST_STEP][PASSED] - verifyElementVisible(findTestObject("page_register/text_email")): Object 'Object Repository/page_register/text_email' is visible

2023-02-22 18:30:54 - [MESSAGE][PASSED] - Object 'Object Repository/page_register/text_email' is visible

2023-02-22 18:30:54 - [TEST_STEP][PASSED] - verifyElementVisible(findTestObject("page_register/text_nama")): Object 'Object Repository/page_register/text_nama' is visible

2023-02-22 18:30:55 - [MESSAGE][PASSED] - Object 'Object Repository/page_register/text_nama' is visible

2023-02-22 18:30:55 - [TEST_STEP][PASSED] - verifyElementVisible(findTestObject("page_register/text_password")): Object 'Object Repository/page_register/text_password' is visible

2023-02-22 18:30:55 - [MESSAGE][PASSED] - Object 'Object Repository/page_register/text_password' is visible

2023-02-22 18:30:55 - [TEST_STEP][PASSED] - verifyElementVisible(findTestObject("page_register/text_SecondHand")): Object 'Object Repository/page_register/text_SecondHand' is visible

2023-02-22 18:30:55 - [MESSAGE][PASSED] - Object 'Object Repository/page_register/text_SecondHand' is visible

2023-02-22 18:30:55 - [TEST_STEP][PASSED] - verifyElementVisible(findTestObject("page_register/text_sudah punya akun")): Object 'Object Repository/page_register/text_sudah punya akun' is visible

2023-02-22 18:30:56 - [MESSAGE][PASSED] - Object 'Object Repository/page_register/text_sudah punya akun' is visible

2023-02-22 18:30:56 - [TEST_STEP][PASSED] - verifyElementVisible(findTestObject("page_register/textfield_email")): Object 'Object Repository/page_register/textfield_email' is visible

2023-02-22 18:30:56 - [MESSAGE][PASSED] - Object 'Object Repository/page_register/textfield_email' is visible

2023-02-22 18:30:56 - [TEST_STEP][PASSED] - verifyElementVisible(findTestObject("page_register/textfield_nama")): Object 'Object Repository/page_register/textfield_nama' is visible

2023-02-22 18:30:56 - [MESSAGE][PASSED] - Object 'Object Repository/page_register/textfield_nama' is visible

2023-02-22 18:30:56 - [TEST_STEP][PASSED] - verifyElementVisible(findTestObject("page_register/textfield_password")): Object 'Object Repository/page_register/textfield_password' is visible

2023-02-22 18:30:57 - [MESSAGE][PASSED] - Object 'Object Repository/page_register/textfield_password' is visible

2023-02-22 18:30:57 - [MESSAGE][PASSED] - Call Test Case 'Test Cases/Pages/page_register/verify_content' successfully]]></system-out>
         <system-err><![CDATA[]]></system-err>
      </testcase>
      <testcase name="Test Cases/Step Definition/feature_register/RGT002 - User register by not filling all field" time="18.243" classname="Test Cases/Step Definition/feature_register/RGT002 - User register by not filling all field" status="PASSED">
         <system-out><![CDATA[2023-02-22 18:30:57 - [TEST_CASE][PASSED] - Test Cases/Step Definition/feature_register/RGT002 - User register by not filling all field: Test Cases/Step Definition/feature_register/RGT002 - User register by not filling all field

2023-02-22 18:30:57 - [TEST_STEP][PASSED] - callTestCase(findTestCase("Pages/page_register/navigate_to_register_page"), [:], STOP_ON_FAILURE): Call Test Case 'Test Cases/Pages/page_register/navigate_to_register_page' successfully

2023-02-22 18:30:57 - [TEST_CASE][PASSED] - Test Cases/Pages/page_register/navigate_to_register_page: Test Cases/Pages/page_register/navigate_to_register_page

2023-02-22 18:30:57 - [TEST_STEP][PASSED] - callTestCase(findTestCase("Pages/page_login/navigate_to_login_page"), [:], STOP_ON_FAILURE): Call Test Case 'Test Cases/Pages/page_login/navigate_to_login_page' successfully

2023-02-22 18:30:57 - [TEST_CASE][PASSED] - Test Cases/Pages/page_login/navigate_to_login_page: Test Cases/Pages/page_login/navigate_to_login_page

2023-02-22 18:30:57 - [TEST_STEP][PASSED] - openBrowser(""): Browser is opened with url: ''

2023-02-22 18:30:57 - [MESSAGE][WARNING] - A browser is already opened. Closing browser and opening a new one

2023-02-22 18:30:58 - [MESSAGE][INFO] - Starting 'Chrome' driver

2023-02-22 18:30:58 - [MESSAGE][INFO] - Action delay is set to 0 milliseconds

2023-02-22 18:30:59 - [MESSAGE][PASSED] - Browser is opened with url: ''

2023-02-22 18:30:59 - [TEST_STEP][PASSED] - maximizeWindow(): Current window maximized

2023-02-22 18:30:59 - [MESSAGE][PASSED] - Current window maximized

2023-02-22 18:30:59 - [TEST_STEP][PASSED] - navigateToUrl("https://secondhand-store.herokuapp.com/"): Navigate to 'https://secondhand-store.herokuapp.com/' successfully

2023-02-22 18:31:02 - [MESSAGE][PASSED] - Navigate to 'https://secondhand-store.herokuapp.com/' successfully

2023-02-22 18:31:02 - [TEST_STEP][PASSED] - waitForElementPresent(findTestObject("page_home/btn_masuk"), 3): Object 'Object Repository/page_home/btn_masuk' is present

2023-02-22 18:31:05 - [MESSAGE][PASSED] - Object 'Object Repository/page_home/btn_masuk' is present

2023-02-22 18:31:05 - [TEST_STEP][PASSED] - click(findTestObject("page_home/btn_masuk")): Object: 'Object Repository/page_home/btn_masuk' is clicked on

2023-02-22 18:31:05 - [MESSAGE][PASSED] - Object: 'Object Repository/page_home/btn_masuk' is clicked on

2023-02-22 18:31:05 - [MESSAGE][PASSED] - Call Test Case 'Test Cases/Pages/page_login/navigate_to_login_page' successfully

2023-02-22 18:31:05 - [TEST_STEP][PASSED] - waitForElementPresent(findTestObject("page_login/linktext_daftar di sini"), 3): Object 'Object Repository/page_login/linktext_daftar di sini' is present

2023-02-22 18:31:05 - [MESSAGE][PASSED] - Object 'Object Repository/page_login/linktext_daftar di sini' is present

2023-02-22 18:31:05 - [TEST_STEP][PASSED] - click(findTestObject("page_login/linktext_daftar di sini")): Object: 'Object Repository/page_login/linktext_daftar di sini' is clicked on

2023-02-22 18:31:06 - [MESSAGE][PASSED] - Object: 'Object Repository/page_login/linktext_daftar di sini' is clicked on

2023-02-22 18:31:06 - [MESSAGE][PASSED] - Call Test Case 'Test Cases/Pages/page_register/navigate_to_register_page' successfully

2023-02-22 18:31:06 - [TEST_STEP][PASSED] - callTestCase(findTestCase("Pages/page_register/verify_content"), [:], STOP_ON_FAILURE): Call Test Case 'Test Cases/Pages/page_register/verify_content' successfully

2023-02-22 18:31:06 - [TEST_CASE][PASSED] - Test Cases/Pages/page_register/verify_content: Test Cases/Pages/page_register/verify_content

2023-02-22 18:31:06 - [TEST_STEP][PASSED] - verifyElementVisible(findTestObject("page_register/btn_daftar")): Object 'Object Repository/page_register/btn_daftar' is visible

2023-02-22 18:31:06 - [MESSAGE][PASSED] - Object 'Object Repository/page_register/btn_daftar' is visible

2023-02-22 18:31:06 - [TEST_STEP][PASSED] - verifyElementVisible(findTestObject("page_register/img_rectangle left")): Object 'Object Repository/page_register/img_rectangle left' is visible

2023-02-22 18:31:07 - [MESSAGE][PASSED] - Object 'Object Repository/page_register/img_rectangle left' is visible

2023-02-22 18:31:07 - [TEST_STEP][PASSED] - verifyElementVisible(findTestObject("page_register/linktext_masuk di sini")): Object 'Object Repository/page_register/linktext_masuk di sini' is visible

2023-02-22 18:31:07 - [MESSAGE][PASSED] - Object 'Object Repository/page_register/linktext_masuk di sini' is visible

2023-02-22 18:31:07 - [TEST_STEP][PASSED] - verifyElementVisible(findTestObject("page_register/text_daftar")): Object 'Object Repository/page_register/text_daftar' is visible

2023-02-22 18:31:07 - [MESSAGE][PASSED] - Object 'Object Repository/page_register/text_daftar' is visible

2023-02-22 18:31:07 - [TEST_STEP][PASSED] - verifyElementVisible(findTestObject("page_register/text_email")): Object 'Object Repository/page_register/text_email' is visible

2023-02-22 18:31:08 - [MESSAGE][PASSED] - Object 'Object Repository/page_register/text_email' is visible

2023-02-22 18:31:08 - [TEST_STEP][PASSED] - verifyElementVisible(findTestObject("page_register/text_nama")): Object 'Object Repository/page_register/text_nama' is visible

2023-02-22 18:31:08 - [MESSAGE][PASSED] - Object 'Object Repository/page_register/text_nama' is visible

2023-02-22 18:31:08 - [TEST_STEP][PASSED] - verifyElementVisible(findTestObject("page_register/text_password")): Object 'Object Repository/page_register/text_password' is visible

2023-02-22 18:31:08 - [MESSAGE][PASSED] - Object 'Object Repository/page_register/text_password' is visible

2023-02-22 18:31:08 - [TEST_STEP][PASSED] - verifyElementVisible(findTestObject("page_register/text_SecondHand")): Object 'Object Repository/page_register/text_SecondHand' is visible

2023-02-22 18:31:09 - [MESSAGE][PASSED] - Object 'Object Repository/page_register/text_SecondHand' is visible

2023-02-22 18:31:09 - [TEST_STEP][PASSED] - verifyElementVisible(findTestObject("page_register/text_sudah punya akun")): Object 'Object Repository/page_register/text_sudah punya akun' is visible

2023-02-22 18:31:09 - [MESSAGE][PASSED] - Object 'Object Repository/page_register/text_sudah punya akun' is visible

2023-02-22 18:31:09 - [TEST_STEP][PASSED] - verifyElementVisible(findTestObject("page_register/textfield_email")): Object 'Object Repository/page_register/textfield_email' is visible

2023-02-22 18:31:09 - [MESSAGE][PASSED] - Object 'Object Repository/page_register/textfield_email' is visible

2023-02-22 18:31:09 - [TEST_STEP][PASSED] - verifyElementVisible(findTestObject("page_register/textfield_nama")): Object 'Object Repository/page_register/textfield_nama' is visible

2023-02-22 18:31:10 - [MESSAGE][PASSED] - Object 'Object Repository/page_register/textfield_nama' is visible

2023-02-22 18:31:10 - [TEST_STEP][PASSED] - verifyElementVisible(findTestObject("page_register/textfield_password")): Object 'Object Repository/page_register/textfield_password' is visible

2023-02-22 18:31:10 - [MESSAGE][PASSED] - Object 'Object Repository/page_register/textfield_password' is visible

2023-02-22 18:31:10 - [MESSAGE][PASSED] - Call Test Case 'Test Cases/Pages/page_register/verify_content' successfully

2023-02-22 18:31:10 - [TEST_STEP][PASSED] - callTestCase(findTestCase("Pages/page_register/click_daftar"), [:], STOP_ON_FAILURE): Call Test Case 'Test Cases/Pages/page_register/click_daftar' successfully

2023-02-22 18:31:10 - [TEST_CASE][PASSED] - Test Cases/Pages/page_register/click_daftar: Test Cases/Pages/page_register/click_daftar

2023-02-22 18:31:10 - [TEST_STEP][PASSED] - click(findTestObject("page_register/btn_daftar")): Object: 'Object Repository/page_register/btn_daftar' is clicked on

2023-02-22 18:31:10 - [MESSAGE][PASSED] - Object: 'Object Repository/page_register/btn_daftar' is clicked on

2023-02-22 18:31:10 - [MESSAGE][PASSED] - Call Test Case 'Test Cases/Pages/page_register/click_daftar' successfully

2023-02-22 18:31:10 - [TEST_STEP][PASSED] - callTestCase(findTestCase("Pages/page_register/verify_content"), [:], STOP_ON_FAILURE): Call Test Case 'Test Cases/Pages/page_register/verify_content' successfully

2023-02-22 18:31:10 - [TEST_CASE][PASSED] - Test Cases/Pages/page_register/verify_content: Test Cases/Pages/page_register/verify_content

2023-02-22 18:31:10 - [TEST_STEP][PASSED] - verifyElementVisible(findTestObject("page_register/btn_daftar")): Object 'Object Repository/page_register/btn_daftar' is visible

2023-02-22 18:31:11 - [MESSAGE][PASSED] - Object 'Object Repository/page_register/btn_daftar' is visible

2023-02-22 18:31:11 - [TEST_STEP][PASSED] - verifyElementVisible(findTestObject("page_register/img_rectangle left")): Object 'Object Repository/page_register/img_rectangle left' is visible

2023-02-22 18:31:11 - [MESSAGE][PASSED] - Object 'Object Repository/page_register/img_rectangle left' is visible

2023-02-22 18:31:11 - [TEST_STEP][PASSED] - verifyElementVisible(findTestObject("page_register/linktext_masuk di sini")): Object 'Object Repository/page_register/linktext_masuk di sini' is visible

2023-02-22 18:31:12 - [MESSAGE][PASSED] - Object 'Object Repository/page_register/linktext_masuk di sini' is visible

2023-02-22 18:31:12 - [TEST_STEP][PASSED] - verifyElementVisible(findTestObject("page_register/text_daftar")): Object 'Object Repository/page_register/text_daftar' is visible

2023-02-22 18:31:12 - [MESSAGE][PASSED] - Object 'Object Repository/page_register/text_daftar' is visible

2023-02-22 18:31:12 - [TEST_STEP][PASSED] - verifyElementVisible(findTestObject("page_register/text_email")): Object 'Object Repository/page_register/text_email' is visible

2023-02-22 18:31:12 - [MESSAGE][PASSED] - Object 'Object Repository/page_register/text_email' is visible

2023-02-22 18:31:12 - [TEST_STEP][PASSED] - verifyElementVisible(findTestObject("page_register/text_nama")): Object 'Object Repository/page_register/text_nama' is visible

2023-02-22 18:31:13 - [MESSAGE][PASSED] - Object 'Object Repository/page_register/text_nama' is visible

2023-02-22 18:31:13 - [TEST_STEP][PASSED] - verifyElementVisible(findTestObject("page_register/text_password")): Object 'Object Repository/page_register/text_password' is visible

2023-02-22 18:31:13 - [MESSAGE][PASSED] - Object 'Object Repository/page_register/text_password' is visible

2023-02-22 18:31:13 - [TEST_STEP][PASSED] - verifyElementVisible(findTestObject("page_register/text_SecondHand")): Object 'Object Repository/page_register/text_SecondHand' is visible

2023-02-22 18:31:13 - [MESSAGE][PASSED] - Object 'Object Repository/page_register/text_SecondHand' is visible

2023-02-22 18:31:13 - [TEST_STEP][PASSED] - verifyElementVisible(findTestObject("page_register/text_sudah punya akun")): Object 'Object Repository/page_register/text_sudah punya akun' is visible

2023-02-22 18:31:14 - [MESSAGE][PASSED] - Object 'Object Repository/page_register/text_sudah punya akun' is visible

2023-02-22 18:31:14 - [TEST_STEP][PASSED] - verifyElementVisible(findTestObject("page_register/textfield_email")): Object 'Object Repository/page_register/textfield_email' is visible

2023-02-22 18:31:14 - [MESSAGE][PASSED] - Object 'Object Repository/page_register/textfield_email' is visible

2023-02-22 18:31:14 - [TEST_STEP][PASSED] - verifyElementVisible(findTestObject("page_register/textfield_nama")): Object 'Object Repository/page_register/textfield_nama' is visible

2023-02-22 18:31:14 - [MESSAGE][PASSED] - Object 'Object Repository/page_register/textfield_nama' is visible

2023-02-22 18:31:14 - [TEST_STEP][PASSED] - verifyElementVisible(findTestObject("page_register/textfield_password")): Object 'Object Repository/page_register/textfield_password' is visible

2023-02-22 18:31:15 - [MESSAGE][PASSED] - Object 'Object Repository/page_register/textfield_password' is visible

2023-02-22 18:31:15 - [MESSAGE][PASSED] - Call Test Case 'Test Cases/Pages/page_register/verify_content' successfully]]></system-out>
         <system-err><![CDATA[]]></system-err>
      </testcase>
      <testcase name="Test Cases/Step Definition/feature_register/RGT003 - User register with invalid email format" time="20.916" classname="Test Cases/Step Definition/feature_register/RGT003 - User register with invalid email format" status="PASSED">
         <system-out><![CDATA[2023-02-22 18:31:15 - [TEST_CASE][PASSED] - Test Cases/Step Definition/feature_register/RGT003 - User register with invalid email format: Test Cases/Step Definition/feature_register/RGT003 - User register with invalid email format

2023-02-22 18:31:15 - [TEST_STEP][PASSED] - callTestCase(findTestCase("Pages/page_register/navigate_to_register_page"), [:], STOP_ON_FAILURE): Call Test Case 'Test Cases/Pages/page_register/navigate_to_register_page' successfully

2023-02-22 18:31:15 - [TEST_CASE][PASSED] - Test Cases/Pages/page_register/navigate_to_register_page: Test Cases/Pages/page_register/navigate_to_register_page

2023-02-22 18:31:15 - [TEST_STEP][PASSED] - callTestCase(findTestCase("Pages/page_login/navigate_to_login_page"), [:], STOP_ON_FAILURE): Call Test Case 'Test Cases/Pages/page_login/navigate_to_login_page' successfully

2023-02-22 18:31:15 - [TEST_CASE][PASSED] - Test Cases/Pages/page_login/navigate_to_login_page: Test Cases/Pages/page_login/navigate_to_login_page

2023-02-22 18:31:15 - [TEST_STEP][PASSED] - openBrowser(""): Browser is opened with url: ''

2023-02-22 18:31:15 - [MESSAGE][WARNING] - A browser is already opened. Closing browser and opening a new one

2023-02-22 18:31:16 - [MESSAGE][INFO] - Starting 'Chrome' driver

2023-02-22 18:31:16 - [MESSAGE][INFO] - Action delay is set to 0 milliseconds

2023-02-22 18:31:17 - [MESSAGE][PASSED] - Browser is opened with url: ''

2023-02-22 18:31:17 - [TEST_STEP][PASSED] - maximizeWindow(): Current window maximized

2023-02-22 18:31:17 - [MESSAGE][PASSED] - Current window maximized

2023-02-22 18:31:17 - [TEST_STEP][PASSED] - navigateToUrl("https://secondhand-store.herokuapp.com/"): Navigate to 'https://secondhand-store.herokuapp.com/' successfully

2023-02-22 18:31:20 - [MESSAGE][PASSED] - Navigate to 'https://secondhand-store.herokuapp.com/' successfully

2023-02-22 18:31:20 - [TEST_STEP][PASSED] - waitForElementPresent(findTestObject("page_home/btn_masuk"), 3): Object 'Object Repository/page_home/btn_masuk' is present

2023-02-22 18:31:23 - [MESSAGE][PASSED] - Object 'Object Repository/page_home/btn_masuk' is present

2023-02-22 18:31:23 - [TEST_STEP][PASSED] - click(findTestObject("page_home/btn_masuk")): Object: 'Object Repository/page_home/btn_masuk' is clicked on

2023-02-22 18:31:24 - [MESSAGE][PASSED] - Object: 'Object Repository/page_home/btn_masuk' is clicked on

2023-02-22 18:31:24 - [MESSAGE][PASSED] - Call Test Case 'Test Cases/Pages/page_login/navigate_to_login_page' successfully

2023-02-22 18:31:24 - [TEST_STEP][PASSED] - waitForElementPresent(findTestObject("page_login/linktext_daftar di sini"), 3): Object 'Object Repository/page_login/linktext_daftar di sini' is present

2023-02-22 18:31:24 - [MESSAGE][PASSED] - Object 'Object Repository/page_login/linktext_daftar di sini' is present

2023-02-22 18:31:24 - [TEST_STEP][PASSED] - click(findTestObject("page_login/linktext_daftar di sini")): Object: 'Object Repository/page_login/linktext_daftar di sini' is clicked on

2023-02-22 18:31:25 - [MESSAGE][PASSED] - Object: 'Object Repository/page_login/linktext_daftar di sini' is clicked on

2023-02-22 18:31:25 - [MESSAGE][PASSED] - Call Test Case 'Test Cases/Pages/page_register/navigate_to_register_page' successfully

2023-02-22 18:31:25 - [TEST_STEP][PASSED] - callTestCase(findTestCase("Pages/page_register/verify_content"), [:], STOP_ON_FAILURE): Call Test Case 'Test Cases/Pages/page_register/verify_content' successfully

2023-02-22 18:31:25 - [TEST_CASE][PASSED] - Test Cases/Pages/page_register/verify_content: Test Cases/Pages/page_register/verify_content

2023-02-22 18:31:25 - [TEST_STEP][PASSED] - verifyElementVisible(findTestObject("page_register/btn_daftar")): Object 'Object Repository/page_register/btn_daftar' is visible

2023-02-22 18:31:25 - [MESSAGE][PASSED] - Object 'Object Repository/page_register/btn_daftar' is visible

2023-02-22 18:31:25 - [TEST_STEP][PASSED] - verifyElementVisible(findTestObject("page_register/img_rectangle left")): Object 'Object Repository/page_register/img_rectangle left' is visible

2023-02-22 18:31:25 - [MESSAGE][PASSED] - Object 'Object Repository/page_register/img_rectangle left' is visible

2023-02-22 18:31:25 - [TEST_STEP][PASSED] - verifyElementVisible(findTestObject("page_register/linktext_masuk di sini")): Object 'Object Repository/page_register/linktext_masuk di sini' is visible

2023-02-22 18:31:26 - [MESSAGE][PASSED] - Object 'Object Repository/page_register/linktext_masuk di sini' is visible

2023-02-22 18:31:26 - [TEST_STEP][PASSED] - verifyElementVisible(findTestObject("page_register/text_daftar")): Object 'Object Repository/page_register/text_daftar' is visible

2023-02-22 18:31:26 - [MESSAGE][PASSED] - Object 'Object Repository/page_register/text_daftar' is visible

2023-02-22 18:31:26 - [TEST_STEP][PASSED] - verifyElementVisible(findTestObject("page_register/text_email")): Object 'Object Repository/page_register/text_email' is visible

2023-02-22 18:31:26 - [MESSAGE][PASSED] - Object 'Object Repository/page_register/text_email' is visible

2023-02-22 18:31:26 - [TEST_STEP][PASSED] - verifyElementVisible(findTestObject("page_register/text_nama")): Object 'Object Repository/page_register/text_nama' is visible

2023-02-22 18:31:27 - [MESSAGE][PASSED] - Object 'Object Repository/page_register/text_nama' is visible

2023-02-22 18:31:27 - [TEST_STEP][PASSED] - verifyElementVisible(findTestObject("page_register/text_password")): Object 'Object Repository/page_register/text_password' is visible

2023-02-22 18:31:27 - [MESSAGE][PASSED] - Object 'Object Repository/page_register/text_password' is visible

2023-02-22 18:31:27 - [TEST_STEP][PASSED] - verifyElementVisible(findTestObject("page_register/text_SecondHand")): Object 'Object Repository/page_register/text_SecondHand' is visible

2023-02-22 18:31:27 - [MESSAGE][PASSED] - Object 'Object Repository/page_register/text_SecondHand' is visible

2023-02-22 18:31:27 - [TEST_STEP][PASSED] - verifyElementVisible(findTestObject("page_register/text_sudah punya akun")): Object 'Object Repository/page_register/text_sudah punya akun' is visible

2023-02-22 18:31:28 - [MESSAGE][PASSED] - Object 'Object Repository/page_register/text_sudah punya akun' is visible

2023-02-22 18:31:28 - [TEST_STEP][PASSED] - verifyElementVisible(findTestObject("page_register/textfield_email")): Object 'Object Repository/page_register/textfield_email' is visible

2023-02-22 18:31:28 - [MESSAGE][PASSED] - Object 'Object Repository/page_register/textfield_email' is visible

2023-02-22 18:31:28 - [TEST_STEP][PASSED] - verifyElementVisible(findTestObject("page_register/textfield_nama")): Object 'Object Repository/page_register/textfield_nama' is visible

2023-02-22 18:31:28 - [MESSAGE][PASSED] - Object 'Object Repository/page_register/textfield_nama' is visible

2023-02-22 18:31:28 - [TEST_STEP][PASSED] - verifyElementVisible(findTestObject("page_register/textfield_password")): Object 'Object Repository/page_register/textfield_password' is visible

2023-02-22 18:31:29 - [MESSAGE][PASSED] - Object 'Object Repository/page_register/textfield_password' is visible

2023-02-22 18:31:29 - [MESSAGE][PASSED] - Call Test Case 'Test Cases/Pages/page_register/verify_content' successfully

2023-02-22 18:31:29 - [TEST_STEP][PASSED] - callTestCase(findTestCase("Pages/page_register/input_nama"), ["nama":name], STOP_ON_FAILURE): Call Test Case 'Test Cases/Pages/page_register/input_nama' successfully

2023-02-22 18:31:29 - [TEST_CASE][PASSED] - Test Cases/Pages/page_register/input_nama: Test Cases/Pages/page_register/input_nama

2023-02-22 18:31:29 - [TEST_STEP][PASSED] - clearText(findTestObject("page_register/textfield_nama")): Text of object 'Object Repository/page_register/textfield_nama' is cleared

2023-02-22 18:31:29 - [MESSAGE][PASSED] - Text of object 'Object Repository/page_register/textfield_nama' is cleared

2023-02-22 18:31:29 - [TEST_STEP][PASSED] - sendKeys(findTestObject("page_register/textfield_nama"), nama): Keys 'Mayorey' sent to object: 'Object Repository/page_register/textfield_nama'

2023-02-22 18:31:30 - [MESSAGE][PASSED] - Keys 'Mayorey' sent to object: 'Object Repository/page_register/textfield_nama'

2023-02-22 18:31:30 - [MESSAGE][PASSED] - Call Test Case 'Test Cases/Pages/page_register/input_nama' successfully

2023-02-22 18:31:30 - [TEST_STEP][PASSED] - callTestCase(findTestCase("Pages/page_register/input_email"), ["email":email], STOP_ON_FAILURE): Call Test Case 'Test Cases/Pages/page_register/input_email' successfully

2023-02-22 18:31:30 - [TEST_CASE][PASSED] - Test Cases/Pages/page_register/input_email: Test Cases/Pages/page_register/input_email

2023-02-22 18:31:30 - [TEST_STEP][PASSED] - clearText(findTestObject("page_register/textfield_email")): Text of object 'Object Repository/page_register/textfield_email' is cleared

2023-02-22 18:31:30 - [MESSAGE][PASSED] - Text of object 'Object Repository/page_register/textfield_email' is cleared

2023-02-22 18:31:30 - [TEST_STEP][PASSED] - sendKeys(findTestObject("page_register/textfield_email"), email): Keys 'mayorey' sent to object: 'Object Repository/page_register/textfield_email'

2023-02-22 18:31:30 - [MESSAGE][PASSED] - Keys 'mayorey' sent to object: 'Object Repository/page_register/textfield_email'

2023-02-22 18:31:30 - [MESSAGE][PASSED] - Call Test Case 'Test Cases/Pages/page_register/input_email' successfully

2023-02-22 18:31:30 - [TEST_STEP][PASSED] - callTestCase(findTestCase("Pages/page_register/input_password"), ["password":password], STOP_ON_FAILURE): Call Test Case 'Test Cases/Pages/page_register/input_password' successfully

2023-02-22 18:31:30 - [TEST_CASE][PASSED] - Test Cases/Pages/page_register/input_password: Test Cases/Pages/page_register/input_password

2023-02-22 18:31:30 - [TEST_STEP][PASSED] - clearText(findTestObject("page_register/textfield_password")): Text of object 'Object Repository/page_register/textfield_password' is cleared

2023-02-22 18:31:31 - [MESSAGE][PASSED] - Text of object 'Object Repository/page_register/textfield_password' is cleared

2023-02-22 18:31:31 - [TEST_STEP][PASSED] - sendKeys(findTestObject("page_register/textfield_password"), password): Keys 'mayorey12' sent to object: 'Object Repository/page_register/textfield_password'

2023-02-22 18:31:31 - [MESSAGE][PASSED] - Keys 'mayorey12' sent to object: 'Object Repository/page_register/textfield_password'

2023-02-22 18:31:31 - [MESSAGE][PASSED] - Call Test Case 'Test Cases/Pages/page_register/input_password' successfully

2023-02-22 18:31:31 - [TEST_STEP][PASSED] - callTestCase(findTestCase("Pages/page_register/click_daftar"), [:], STOP_ON_FAILURE): Call Test Case 'Test Cases/Pages/page_register/click_daftar' successfully

2023-02-22 18:31:31 - [TEST_CASE][PASSED] - Test Cases/Pages/page_register/click_daftar: Test Cases/Pages/page_register/click_daftar

2023-02-22 18:31:31 - [TEST_STEP][PASSED] - click(findTestObject("page_register/btn_daftar")): Object: 'Object Repository/page_register/btn_daftar' is clicked on

2023-02-22 18:31:32 - [MESSAGE][PASSED] - Object: 'Object Repository/page_register/btn_daftar' is clicked on

2023-02-22 18:31:32 - [MESSAGE][PASSED] - Call Test Case 'Test Cases/Pages/page_register/click_daftar' successfully

2023-02-22 18:31:32 - [TEST_STEP][PASSED] - callTestCase(findTestCase("Pages/page_register/verify_content"), [:], STOP_ON_FAILURE): Call Test Case 'Test Cases/Pages/page_register/verify_content' successfully

2023-02-22 18:31:32 - [TEST_CASE][PASSED] - Test Cases/Pages/page_register/verify_content: Test Cases/Pages/page_register/verify_content

2023-02-22 18:31:32 - [TEST_STEP][PASSED] - verifyElementVisible(findTestObject("page_register/btn_daftar")): Object 'Object Repository/page_register/btn_daftar' is visible

2023-02-22 18:31:32 - [MESSAGE][PASSED] - Object 'Object Repository/page_register/btn_daftar' is visible

2023-02-22 18:31:32 - [TEST_STEP][PASSED] - verifyElementVisible(findTestObject("page_register/img_rectangle left")): Object 'Object Repository/page_register/img_rectangle left' is visible

2023-02-22 18:31:32 - [MESSAGE][PASSED] - Object 'Object Repository/page_register/img_rectangle left' is visible

2023-02-22 18:31:32 - [TEST_STEP][PASSED] - verifyElementVisible(findTestObject("page_register/linktext_masuk di sini")): Object 'Object Repository/page_register/linktext_masuk di sini' is visible

2023-02-22 18:31:33 - [MESSAGE][PASSED] - Object 'Object Repository/page_register/linktext_masuk di sini' is visible

2023-02-22 18:31:33 - [TEST_STEP][PASSED] - verifyElementVisible(findTestObject("page_register/text_daftar")): Object 'Object Repository/page_register/text_daftar' is visible

2023-02-22 18:31:33 - [MESSAGE][PASSED] - Object 'Object Repository/page_register/text_daftar' is visible

2023-02-22 18:31:33 - [TEST_STEP][PASSED] - verifyElementVisible(findTestObject("page_register/text_email")): Object 'Object Repository/page_register/text_email' is visible

2023-02-22 18:31:33 - [MESSAGE][PASSED] - Object 'Object Repository/page_register/text_email' is visible

2023-02-22 18:31:33 - [TEST_STEP][PASSED] - verifyElementVisible(findTestObject("page_register/text_nama")): Object 'Object Repository/page_register/text_nama' is visible

2023-02-22 18:31:34 - [MESSAGE][PASSED] - Object 'Object Repository/page_register/text_nama' is visible

2023-02-22 18:31:34 - [TEST_STEP][PASSED] - verifyElementVisible(findTestObject("page_register/text_password")): Object 'Object Repository/page_register/text_password' is visible

2023-02-22 18:31:34 - [MESSAGE][PASSED] - Object 'Object Repository/page_register/text_password' is visible

2023-02-22 18:31:34 - [TEST_STEP][PASSED] - verifyElementVisible(findTestObject("page_register/text_SecondHand")): Object 'Object Repository/page_register/text_SecondHand' is visible

2023-02-22 18:31:34 - [MESSAGE][PASSED] - Object 'Object Repository/page_register/text_SecondHand' is visible

2023-02-22 18:31:34 - [TEST_STEP][PASSED] - verifyElementVisible(findTestObject("page_register/text_sudah punya akun")): Object 'Object Repository/page_register/text_sudah punya akun' is visible

2023-02-22 18:31:35 - [MESSAGE][PASSED] - Object 'Object Repository/page_register/text_sudah punya akun' is visible

2023-02-22 18:31:35 - [TEST_STEP][PASSED] - verifyElementVisible(findTestObject("page_register/textfield_email")): Object 'Object Repository/page_register/textfield_email' is visible

2023-02-22 18:31:35 - [MESSAGE][PASSED] - Object 'Object Repository/page_register/textfield_email' is visible

2023-02-22 18:31:35 - [TEST_STEP][PASSED] - verifyElementVisible(findTestObject("page_register/textfield_nama")): Object 'Object Repository/page_register/textfield_nama' is visible

2023-02-22 18:31:35 - [MESSAGE][PASSED] - Object 'Object Repository/page_register/textfield_nama' is visible

2023-02-22 18:31:35 - [TEST_STEP][PASSED] - verifyElementVisible(findTestObject("page_register/textfield_password")): Object 'Object Repository/page_register/textfield_password' is visible

2023-02-22 18:31:36 - [MESSAGE][PASSED] - Object 'Object Repository/page_register/textfield_password' is visible

2023-02-22 18:31:36 - [MESSAGE][PASSED] - Call Test Case 'Test Cases/Pages/page_register/verify_content' successfully]]></system-out>
         <system-err><![CDATA[]]></system-err>
      </testcase>
      <testcase name="Test Cases/Step Definition/feature_register/RGT004 - User register with used credential" time="23.932" classname="Test Cases/Step Definition/feature_register/RGT004 - User register with used credential" status="PASSED">
         <system-out><![CDATA[2023-02-22 18:31:36 - [TEST_CASE][PASSED] - Test Cases/Step Definition/feature_register/RGT004 - User register with used credential: Test Cases/Step Definition/feature_register/RGT004 - User register with used credential

2023-02-22 18:31:36 - [TEST_STEP][PASSED] - callTestCase(findTestCase("Pages/page_register/navigate_to_register_page"), [:], STOP_ON_FAILURE): Call Test Case 'Test Cases/Pages/page_register/navigate_to_register_page' successfully

2023-02-22 18:31:36 - [TEST_CASE][PASSED] - Test Cases/Pages/page_register/navigate_to_register_page: Test Cases/Pages/page_register/navigate_to_register_page

2023-02-22 18:31:36 - [TEST_STEP][PASSED] - callTestCase(findTestCase("Pages/page_login/navigate_to_login_page"), [:], STOP_ON_FAILURE): Call Test Case 'Test Cases/Pages/page_login/navigate_to_login_page' successfully

2023-02-22 18:31:36 - [TEST_CASE][PASSED] - Test Cases/Pages/page_login/navigate_to_login_page: Test Cases/Pages/page_login/navigate_to_login_page

2023-02-22 18:31:36 - [TEST_STEP][PASSED] - openBrowser(""): Browser is opened with url: ''

2023-02-22 18:31:36 - [MESSAGE][WARNING] - A browser is already opened. Closing browser and opening a new one

2023-02-22 18:31:37 - [MESSAGE][INFO] - Starting 'Chrome' driver

2023-02-22 18:31:37 - [MESSAGE][INFO] - Action delay is set to 0 milliseconds

2023-02-22 18:31:38 - [MESSAGE][PASSED] - Browser is opened with url: ''

2023-02-22 18:31:38 - [TEST_STEP][PASSED] - maximizeWindow(): Current window maximized

2023-02-22 18:31:38 - [MESSAGE][PASSED] - Current window maximized

2023-02-22 18:31:38 - [TEST_STEP][PASSED] - navigateToUrl("https://secondhand-store.herokuapp.com/"): Navigate to 'https://secondhand-store.herokuapp.com/' successfully

2023-02-22 18:31:41 - [MESSAGE][PASSED] - Navigate to 'https://secondhand-store.herokuapp.com/' successfully

2023-02-22 18:31:41 - [TEST_STEP][PASSED] - waitForElementPresent(findTestObject("page_home/btn_masuk"), 3): Object 'Object Repository/page_home/btn_masuk' is present

2023-02-22 18:31:47 - [MESSAGE][PASSED] - Object 'Object Repository/page_home/btn_masuk' is present

2023-02-22 18:31:47 - [TEST_STEP][PASSED] - click(findTestObject("page_home/btn_masuk")): Object: 'Object Repository/page_home/btn_masuk' is clicked on

2023-02-22 18:31:47 - [MESSAGE][PASSED] - Object: 'Object Repository/page_home/btn_masuk' is clicked on

2023-02-22 18:31:47 - [MESSAGE][PASSED] - Call Test Case 'Test Cases/Pages/page_login/navigate_to_login_page' successfully

2023-02-22 18:31:47 - [TEST_STEP][PASSED] - waitForElementPresent(findTestObject("page_login/linktext_daftar di sini"), 3): Object 'Object Repository/page_login/linktext_daftar di sini' is present

2023-02-22 18:31:47 - [MESSAGE][PASSED] - Object 'Object Repository/page_login/linktext_daftar di sini' is present

2023-02-22 18:31:47 - [TEST_STEP][PASSED] - click(findTestObject("page_login/linktext_daftar di sini")): Object: 'Object Repository/page_login/linktext_daftar di sini' is clicked on

2023-02-22 18:31:48 - [MESSAGE][PASSED] - Object: 'Object Repository/page_login/linktext_daftar di sini' is clicked on

2023-02-22 18:31:48 - [MESSAGE][PASSED] - Call Test Case 'Test Cases/Pages/page_register/navigate_to_register_page' successfully

2023-02-22 18:31:48 - [TEST_STEP][PASSED] - callTestCase(findTestCase("Pages/page_register/verify_content"), [:], STOP_ON_FAILURE): Call Test Case 'Test Cases/Pages/page_register/verify_content' successfully

2023-02-22 18:31:48 - [TEST_CASE][PASSED] - Test Cases/Pages/page_register/verify_content: Test Cases/Pages/page_register/verify_content

2023-02-22 18:31:48 - [TEST_STEP][PASSED] - verifyElementVisible(findTestObject("page_register/btn_daftar")): Object 'Object Repository/page_register/btn_daftar' is visible

2023-02-22 18:31:48 - [MESSAGE][PASSED] - Object 'Object Repository/page_register/btn_daftar' is visible

2023-02-22 18:31:48 - [TEST_STEP][PASSED] - verifyElementVisible(findTestObject("page_register/img_rectangle left")): Object 'Object Repository/page_register/img_rectangle left' is visible

2023-02-22 18:31:49 - [MESSAGE][PASSED] - Object 'Object Repository/page_register/img_rectangle left' is visible

2023-02-22 18:31:49 - [TEST_STEP][PASSED] - verifyElementVisible(findTestObject("page_register/linktext_masuk di sini")): Object 'Object Repository/page_register/linktext_masuk di sini' is visible

2023-02-22 18:31:49 - [MESSAGE][PASSED] - Object 'Object Repository/page_register/linktext_masuk di sini' is visible

2023-02-22 18:31:49 - [TEST_STEP][PASSED] - verifyElementVisible(findTestObject("page_register/text_daftar")): Object 'Object Repository/page_register/text_daftar' is visible

2023-02-22 18:31:49 - [MESSAGE][PASSED] - Object 'Object Repository/page_register/text_daftar' is visible

2023-02-22 18:31:49 - [TEST_STEP][PASSED] - verifyElementVisible(findTestObject("page_register/text_email")): Object 'Object Repository/page_register/text_email' is visible

2023-02-22 18:31:50 - [MESSAGE][PASSED] - Object 'Object Repository/page_register/text_email' is visible

2023-02-22 18:31:50 - [TEST_STEP][PASSED] - verifyElementVisible(findTestObject("page_register/text_nama")): Object 'Object Repository/page_register/text_nama' is visible

2023-02-22 18:31:50 - [MESSAGE][PASSED] - Object 'Object Repository/page_register/text_nama' is visible

2023-02-22 18:31:50 - [TEST_STEP][PASSED] - verifyElementVisible(findTestObject("page_register/text_password")): Object 'Object Repository/page_register/text_password' is visible

2023-02-22 18:31:50 - [MESSAGE][PASSED] - Object 'Object Repository/page_register/text_password' is visible

2023-02-22 18:31:50 - [TEST_STEP][PASSED] - verifyElementVisible(findTestObject("page_register/text_SecondHand")): Object 'Object Repository/page_register/text_SecondHand' is visible

2023-02-22 18:31:51 - [MESSAGE][PASSED] - Object 'Object Repository/page_register/text_SecondHand' is visible

2023-02-22 18:31:51 - [TEST_STEP][PASSED] - verifyElementVisible(findTestObject("page_register/text_sudah punya akun")): Object 'Object Repository/page_register/text_sudah punya akun' is visible

2023-02-22 18:31:51 - [MESSAGE][PASSED] - Object 'Object Repository/page_register/text_sudah punya akun' is visible

2023-02-22 18:31:51 - [TEST_STEP][PASSED] - verifyElementVisible(findTestObject("page_register/textfield_email")): Object 'Object Repository/page_register/textfield_email' is visible

2023-02-22 18:31:51 - [MESSAGE][PASSED] - Object 'Object Repository/page_register/textfield_email' is visible

2023-02-22 18:31:51 - [TEST_STEP][PASSED] - verifyElementVisible(findTestObject("page_register/textfield_nama")): Object 'Object Repository/page_register/textfield_nama' is visible

2023-02-22 18:31:52 - [MESSAGE][PASSED] - Object 'Object Repository/page_register/textfield_nama' is visible

2023-02-22 18:31:52 - [TEST_STEP][PASSED] - verifyElementVisible(findTestObject("page_register/textfield_password")): Object 'Object Repository/page_register/textfield_password' is visible

2023-02-22 18:31:52 - [MESSAGE][PASSED] - Object 'Object Repository/page_register/textfield_password' is visible

2023-02-22 18:31:52 - [MESSAGE][PASSED] - Call Test Case 'Test Cases/Pages/page_register/verify_content' successfully

2023-02-22 18:31:52 - [TEST_STEP][PASSED] - callTestCase(findTestCase("Pages/page_register/input_nama"), ["nama":name], STOP_ON_FAILURE): Call Test Case 'Test Cases/Pages/page_register/input_nama' successfully

2023-02-22 18:31:52 - [TEST_CASE][PASSED] - Test Cases/Pages/page_register/input_nama: Test Cases/Pages/page_register/input_nama

2023-02-22 18:31:52 - [TEST_STEP][PASSED] - clearText(findTestObject("page_register/textfield_nama")): Text of object 'Object Repository/page_register/textfield_nama' is cleared

2023-02-22 18:31:52 - [MESSAGE][PASSED] - Text of object 'Object Repository/page_register/textfield_nama' is cleared

2023-02-22 18:31:52 - [TEST_STEP][PASSED] - sendKeys(findTestObject("page_register/textfield_nama"), nama): Keys 'Nathalie' sent to object: 'Object Repository/page_register/textfield_nama'

2023-02-22 18:31:53 - [MESSAGE][PASSED] - Keys 'Nathalie' sent to object: 'Object Repository/page_register/textfield_nama'

2023-02-22 18:31:53 - [MESSAGE][PASSED] - Call Test Case 'Test Cases/Pages/page_register/input_nama' successfully

2023-02-22 18:31:53 - [TEST_STEP][PASSED] - callTestCase(findTestCase("Pages/page_register/input_email"), ["email":email], STOP_ON_FAILURE): Call Test Case 'Test Cases/Pages/page_register/input_email' successfully

2023-02-22 18:31:53 - [TEST_CASE][PASSED] - Test Cases/Pages/page_register/input_email: Test Cases/Pages/page_register/input_email

2023-02-22 18:31:53 - [TEST_STEP][PASSED] - clearText(findTestObject("page_register/textfield_email")): Text of object 'Object Repository/page_register/textfield_email' is cleared

2023-02-22 18:31:53 - [MESSAGE][PASSED] - Text of object 'Object Repository/page_register/textfield_email' is cleared

2023-02-22 18:31:53 - [TEST_STEP][PASSED] - sendKeys(findTestObject("page_register/textfield_email"), email): Keys 'nathaliemeimei@gmail.com' sent to object: 'Object Repository/page_register/textfield_email'

2023-02-22 18:31:53 - [MESSAGE][PASSED] - Keys 'nathaliemeimei@gmail.com' sent to object: 'Object Repository/page_register/textfield_email'

2023-02-22 18:31:53 - [MESSAGE][PASSED] - Call Test Case 'Test Cases/Pages/page_register/input_email' successfully

2023-02-22 18:31:53 - [TEST_STEP][PASSED] - callTestCase(findTestCase("Pages/page_register/input_password"), ["password":password], STOP_ON_FAILURE): Call Test Case 'Test Cases/Pages/page_register/input_password' successfully

2023-02-22 18:31:54 - [TEST_CASE][PASSED] - Test Cases/Pages/page_register/input_password: Test Cases/Pages/page_register/input_password

2023-02-22 18:31:54 - [TEST_STEP][PASSED] - clearText(findTestObject("page_register/textfield_password")): Text of object 'Object Repository/page_register/textfield_password' is cleared

2023-02-22 18:31:54 - [MESSAGE][PASSED] - Text of object 'Object Repository/page_register/textfield_password' is cleared

2023-02-22 18:31:54 - [TEST_STEP][PASSED] - sendKeys(findTestObject("page_register/textfield_password"), password): Keys 'aduuuh12' sent to object: 'Object Repository/page_register/textfield_password'

2023-02-22 18:31:54 - [MESSAGE][PASSED] - Keys 'aduuuh12' sent to object: 'Object Repository/page_register/textfield_password'

2023-02-22 18:31:54 - [MESSAGE][PASSED] - Call Test Case 'Test Cases/Pages/page_register/input_password' successfully

2023-02-22 18:31:54 - [TEST_STEP][PASSED] - callTestCase(findTestCase("Pages/page_register/click_daftar"), [:], STOP_ON_FAILURE): Call Test Case 'Test Cases/Pages/page_register/click_daftar' successfully

2023-02-22 18:31:54 - [TEST_CASE][PASSED] - Test Cases/Pages/page_register/click_daftar: Test Cases/Pages/page_register/click_daftar

2023-02-22 18:31:54 - [TEST_STEP][PASSED] - click(findTestObject("page_register/btn_daftar")): Object: 'Object Repository/page_register/btn_daftar' is clicked on

2023-02-22 18:31:55 - [MESSAGE][PASSED] - Object: 'Object Repository/page_register/btn_daftar' is clicked on

2023-02-22 18:31:55 - [MESSAGE][PASSED] - Call Test Case 'Test Cases/Pages/page_register/click_daftar' successfully

2023-02-22 18:31:55 - [TEST_STEP][PASSED] - callTestCase(findTestCase("Pages/page_register/verify_content"), [:], STOP_ON_FAILURE): Call Test Case 'Test Cases/Pages/page_register/verify_content' successfully

2023-02-22 18:31:55 - [TEST_CASE][PASSED] - Test Cases/Pages/page_register/verify_content: Test Cases/Pages/page_register/verify_content

2023-02-22 18:31:55 - [TEST_STEP][PASSED] - verifyElementVisible(findTestObject("page_register/btn_daftar")): Object 'Object Repository/page_register/btn_daftar' is visible

2023-02-22 18:31:56 - [MESSAGE][PASSED] - Object 'Object Repository/page_register/btn_daftar' is visible

2023-02-22 18:31:56 - [TEST_STEP][PASSED] - verifyElementVisible(findTestObject("page_register/img_rectangle left")): Object 'Object Repository/page_register/img_rectangle left' is visible

2023-02-22 18:31:56 - [MESSAGE][PASSED] - Object 'Object Repository/page_register/img_rectangle left' is visible

2023-02-22 18:31:56 - [TEST_STEP][PASSED] - verifyElementVisible(findTestObject("page_register/linktext_masuk di sini")): Object 'Object Repository/page_register/linktext_masuk di sini' is visible

2023-02-22 18:31:57 - [MESSAGE][PASSED] - Object 'Object Repository/page_register/linktext_masuk di sini' is visible

2023-02-22 18:31:57 - [TEST_STEP][PASSED] - verifyElementVisible(findTestObject("page_register/text_daftar")): Object 'Object Repository/page_register/text_daftar' is visible

2023-02-22 18:31:57 - [MESSAGE][PASSED] - Object 'Object Repository/page_register/text_daftar' is visible

2023-02-22 18:31:57 - [TEST_STEP][PASSED] - verifyElementVisible(findTestObject("page_register/text_email")): Object 'Object Repository/page_register/text_email' is visible

2023-02-22 18:31:57 - [MESSAGE][PASSED] - Object 'Object Repository/page_register/text_email' is visible

2023-02-22 18:31:57 - [TEST_STEP][PASSED] - verifyElementVisible(findTestObject("page_register/text_nama")): Object 'Object Repository/page_register/text_nama' is visible

2023-02-22 18:31:58 - [MESSAGE][PASSED] - Object 'Object Repository/page_register/text_nama' is visible

2023-02-22 18:31:58 - [TEST_STEP][PASSED] - verifyElementVisible(findTestObject("page_register/text_password")): Object 'Object Repository/page_register/text_password' is visible

2023-02-22 18:31:58 - [MESSAGE][PASSED] - Object 'Object Repository/page_register/text_password' is visible

2023-02-22 18:31:58 - [TEST_STEP][PASSED] - verifyElementVisible(findTestObject("page_register/text_SecondHand")): Object 'Object Repository/page_register/text_SecondHand' is visible

2023-02-22 18:31:58 - [MESSAGE][PASSED] - Object 'Object Repository/page_register/text_SecondHand' is visible

2023-02-22 18:31:58 - [TEST_STEP][PASSED] - verifyElementVisible(findTestObject("page_register/text_sudah punya akun")): Object 'Object Repository/page_register/text_sudah punya akun' is visible

2023-02-22 18:31:59 - [MESSAGE][PASSED] - Object 'Object Repository/page_register/text_sudah punya akun' is visible

2023-02-22 18:31:59 - [TEST_STEP][PASSED] - verifyElementVisible(findTestObject("page_register/textfield_email")): Object 'Object Repository/page_register/textfield_email' is visible

2023-02-22 18:31:59 - [MESSAGE][PASSED] - Object 'Object Repository/page_register/textfield_email' is visible

2023-02-22 18:31:59 - [TEST_STEP][PASSED] - verifyElementVisible(findTestObject("page_register/textfield_nama")): Object 'Object Repository/page_register/textfield_nama' is visible

2023-02-22 18:31:59 - [MESSAGE][PASSED] - Object 'Object Repository/page_register/textfield_nama' is visible

2023-02-22 18:31:59 - [TEST_STEP][PASSED] - verifyElementVisible(findTestObject("page_register/textfield_password")): Object 'Object Repository/page_register/textfield_password' is visible

2023-02-22 18:32:00 - [MESSAGE][PASSED] - Object 'Object Repository/page_register/textfield_password' is visible

2023-02-22 18:32:00 - [MESSAGE][PASSED] - Call Test Case 'Test Cases/Pages/page_register/verify_content' successfully]]></system-out>
         <system-err><![CDATA[]]></system-err>
      </testcase>
      <system-out><![CDATA[2023-02-22 18:30:27 - [TEST_SUITE][PASSED] - feature_register: Test Cases/Step Definition/feature_register/RGT004 - User register with used credential]]></system-out>
      <system-err><![CDATA[]]></system-err>
   </testsuite>
</testsuites>
