<?xml version="1.0" encoding="UTF-8"?>
<testsuites name="feature_edit_profile" time="39.549" tests="1" failures="0" errors="0">
   <testsuite name="feature_edit_profile" tests="1" failures="0" errors="0" time="39.549" skipped="0" timestamp="2023-02-22 18:36:23" hostname="ADITIA ARGA PRATAMA - LAPTOP-L0K8P5OF" id="Test Suites/Without Gherkin/feature_edit_profile">
      <properties>
         <property name="deviceName" value=""/>
         <property name="devicePlatform" value=""/>
         <property name="logFolder" value="C:\\Users\\ADITIA ARGA PRATAMA\\Katalon Studio\\web-automation-testing-kelompok-1.git\\Reports\\20230222_182952\\Without Gherkin\\feature_edit_profile\\20230222_183003"/>
         <property name="logFiles" value="C:\\Users\\ADITIA ARGA PRATAMA\\Katalon Studio\\web-automation-testing-kelompok-1.git\\Reports\\20230222_182952\\Without Gherkin\\feature_edit_profile\\20230222_183003\\execution0.log"/>
         <property name="attachments" value=""/>
         <property name="hostName" value="ADITIA ARGA PRATAMA - LAPTOP-L0K8P5OF"/>
         <property name="os" value="Windows 10 64bit"/>
         <property name="katalonVersion" value="8.5.5.208"/>
         <property name="browser" value="Chrome 110.0.0.0"/>
         <property name="hostAddress" value="192.168.127.126"/>
         <property name="sessionId" value="d510cfe0027c50b207fb4a9830102981"/>
         <property name="seleniumVersion" value="3.141.59"/>
         <property name="proxyInformation" value="ProxyInformation { proxyOption=NO_PROXY, proxyServerType=HTTP, username=, password=********, proxyServerAddress=, proxyServerPort=0, executionList=&quot;&quot;, isApplyToDesiredCapabilities=true }"/>
         <property name="platform" value="Windows 10"/>
      </properties>
      <testcase name="Test Cases/Step Definition/feature_edit_profile/EPR001 - Edit profile" time="33.88" classname="Test Cases/Step Definition/feature_edit_profile/EPR001 - Edit profile" status="PASSED">
         <system-out><![CDATA[2023-02-22 18:36:29 - [TEST_CASE][PASSED] - Test Cases/Step Definition/feature_edit_profile/EPR001 - Edit profile: Test Cases/Step Definition/feature_edit_profile/EPR001 - Edit profile

2023-02-22 18:36:30 - [TEST_STEP][PASSED] - callTestCase(findTestCase("Pages/page_login/navigate_to_login_page"), [:], STOP_ON_FAILURE): Call Test Case 'Test Cases/Pages/page_login/navigate_to_login_page' successfully

2023-02-22 18:36:30 - [TEST_CASE][PASSED] - Test Cases/Pages/page_login/navigate_to_login_page: Test Cases/Pages/page_login/navigate_to_login_page

2023-02-22 18:36:30 - [TEST_STEP][PASSED] - openBrowser(""): Browser is opened with url: ''

2023-02-22 18:36:30 - [MESSAGE][WARNING] - A browser is already opened. Closing browser and opening a new one

2023-02-22 18:36:31 - [MESSAGE][INFO] - Starting 'Chrome' driver

2023-02-22 18:36:31 - [MESSAGE][INFO] - Action delay is set to 0 milliseconds

2023-02-22 18:36:32 - [MESSAGE][PASSED] - Browser is opened with url: ''

2023-02-22 18:36:32 - [TEST_STEP][PASSED] - maximizeWindow(): Current window maximized

2023-02-22 18:36:32 - [MESSAGE][PASSED] - Current window maximized

2023-02-22 18:36:32 - [TEST_STEP][PASSED] - navigateToUrl("https://secondhand-store.herokuapp.com/"): Navigate to 'https://secondhand-store.herokuapp.com/' successfully

2023-02-22 18:36:36 - [MESSAGE][PASSED] - Navigate to 'https://secondhand-store.herokuapp.com/' successfully

2023-02-22 18:36:36 - [TEST_STEP][PASSED] - waitForElementPresent(findTestObject("page_home/btn_masuk"), 3): Object 'Object Repository/page_home/btn_masuk' is present

2023-02-22 18:36:39 - [MESSAGE][PASSED] - Object 'Object Repository/page_home/btn_masuk' is present

2023-02-22 18:36:39 - [TEST_STEP][PASSED] - click(findTestObject("page_home/btn_masuk")): Object: 'Object Repository/page_home/btn_masuk' is clicked on

2023-02-22 18:36:40 - [MESSAGE][PASSED] - Object: 'Object Repository/page_home/btn_masuk' is clicked on

2023-02-22 18:36:40 - [MESSAGE][PASSED] - Call Test Case 'Test Cases/Pages/page_login/navigate_to_login_page' successfully

2023-02-22 18:36:40 - [TEST_STEP][PASSED] - callTestCase(findTestCase("Pages/page_login/verify_content"), [:], STOP_ON_FAILURE): Call Test Case 'Test Cases/Pages/page_login/verify_content' successfully

2023-02-22 18:36:40 - [TEST_CASE][PASSED] - Test Cases/Pages/page_login/verify_content: Test Cases/Pages/page_login/verify_content

2023-02-22 18:36:40 - [TEST_STEP][PASSED] - verifyElementVisible(findTestObject("page_login/img_rectangle left")): Object 'Object Repository/page_login/img_rectangle left' is visible

2023-02-22 18:36:40 - [MESSAGE][PASSED] - Object 'Object Repository/page_login/img_rectangle left' is visible

2023-02-22 18:36:40 - [TEST_STEP][PASSED] - verifyElementVisible(findTestObject("page_login/text_secondHand")): Object 'Object Repository/page_login/text_secondHand' is visible

2023-02-22 18:36:41 - [MESSAGE][PASSED] - Object 'Object Repository/page_login/text_secondHand' is visible

2023-02-22 18:36:41 - [TEST_STEP][PASSED] - verifyElementVisible(findTestObject("page_login/text_masuk")): Object 'Object Repository/page_login/text_masuk' is visible

2023-02-22 18:36:41 - [MESSAGE][PASSED] - Object 'Object Repository/page_login/text_masuk' is visible

2023-02-22 18:36:41 - [TEST_STEP][PASSED] - verifyElementVisible(findTestObject("page_login/text_email")): Object 'Object Repository/page_login/text_email' is visible

2023-02-22 18:36:41 - [MESSAGE][PASSED] - Object 'Object Repository/page_login/text_email' is visible

2023-02-22 18:36:41 - [TEST_STEP][PASSED] - verifyElementVisible(findTestObject("page_login/textfield_email")): Object 'Object Repository/page_login/textfield_email' is visible

2023-02-22 18:36:42 - [MESSAGE][PASSED] - Object 'Object Repository/page_login/textfield_email' is visible

2023-02-22 18:36:42 - [TEST_STEP][PASSED] - verifyElementVisible(findTestObject("page_login/text_password")): Object 'Object Repository/page_login/text_password' is visible

2023-02-22 18:36:42 - [MESSAGE][PASSED] - Object 'Object Repository/page_login/text_password' is visible

2023-02-22 18:36:42 - [TEST_STEP][PASSED] - verifyElementVisible(findTestObject("page_login/textfield_password")): Object 'Object Repository/page_login/textfield_password' is visible

2023-02-22 18:36:42 - [MESSAGE][PASSED] - Object 'Object Repository/page_login/textfield_password' is visible

2023-02-22 18:36:42 - [TEST_STEP][PASSED] - verifyElementVisible(findTestObject("page_login/btn_masuk")): Object 'Object Repository/page_login/btn_masuk' is visible

2023-02-22 18:36:43 - [MESSAGE][PASSED] - Object 'Object Repository/page_login/btn_masuk' is visible

2023-02-22 18:36:43 - [TEST_STEP][PASSED] - verifyElementVisible(findTestObject("page_login/text_belum punya akun")): Object 'Object Repository/page_login/text_belum punya akun' is visible

2023-02-22 18:36:43 - [MESSAGE][PASSED] - Object 'Object Repository/page_login/text_belum punya akun' is visible

2023-02-22 18:36:43 - [TEST_STEP][PASSED] - verifyElementVisible(findTestObject("page_login/linktext_daftar di sini")): Object 'Object Repository/page_login/linktext_daftar di sini' is visible

2023-02-22 18:36:43 - [MESSAGE][PASSED] - Object 'Object Repository/page_login/linktext_daftar di sini' is visible

2023-02-22 18:36:43 - [MESSAGE][PASSED] - Call Test Case 'Test Cases/Pages/page_login/verify_content' successfully

2023-02-22 18:36:43 - [TEST_STEP][PASSED] - callTestCase(findTestCase("Pages/page_login/input_email"), ["email":email], STOP_ON_FAILURE): Call Test Case 'Test Cases/Pages/page_login/input_email' successfully

2023-02-22 18:36:44 - [TEST_CASE][PASSED] - Test Cases/Pages/page_login/input_email: Test Cases/Pages/page_login/input_email

2023-02-22 18:36:44 - [TEST_STEP][PASSED] - clearText(findTestObject("page_login/textfield_email")): Text of object 'Object Repository/page_login/textfield_email' is cleared

2023-02-22 18:36:44 - [MESSAGE][PASSED] - Text of object 'Object Repository/page_login/textfield_email' is cleared

2023-02-22 18:36:44 - [TEST_STEP][PASSED] - sendKeys(findTestObject("page_login/textfield_email"), email): Keys 'afkoke@gmail.com' sent to object: 'Object Repository/page_login/textfield_email'

2023-02-22 18:36:45 - [MESSAGE][PASSED] - Keys 'afkoke@gmail.com' sent to object: 'Object Repository/page_login/textfield_email'

2023-02-22 18:36:45 - [MESSAGE][PASSED] - Call Test Case 'Test Cases/Pages/page_login/input_email' successfully

2023-02-22 18:36:45 - [TEST_STEP][PASSED] - callTestCase(findTestCase("Pages/page_login/input_password"), ["password":password], STOP_ON_FAILURE): Call Test Case 'Test Cases/Pages/page_login/input_password' successfully

2023-02-22 18:36:45 - [TEST_CASE][PASSED] - Test Cases/Pages/page_login/input_password: Test Cases/Pages/page_login/input_password

2023-02-22 18:36:45 - [TEST_STEP][PASSED] - clearText(findTestObject("page_login/textfield_password")): Text of object 'Object Repository/page_login/textfield_password' is cleared

2023-02-22 18:36:45 - [MESSAGE][PASSED] - Text of object 'Object Repository/page_login/textfield_password' is cleared

2023-02-22 18:36:45 - [TEST_STEP][PASSED] - sendKeys(findTestObject("page_login/textfield_password"), password): Keys '1234567890' sent to object: 'Object Repository/page_login/textfield_password'

2023-02-22 18:36:46 - [MESSAGE][PASSED] - Keys '1234567890' sent to object: 'Object Repository/page_login/textfield_password'

2023-02-22 18:36:46 - [MESSAGE][PASSED] - Call Test Case 'Test Cases/Pages/page_login/input_password' successfully

2023-02-22 18:36:46 - [TEST_STEP][PASSED] - callTestCase(findTestCase("Pages/page_login/click_masuk"), [:], STOP_ON_FAILURE): Call Test Case 'Test Cases/Pages/page_login/click_masuk' successfully

2023-02-22 18:36:46 - [TEST_CASE][PASSED] - Test Cases/Pages/page_login/click_masuk: Test Cases/Pages/page_login/click_masuk

2023-02-22 18:36:46 - [TEST_STEP][PASSED] - click(findTestObject("page_login/btn_masuk")): Object: 'Object Repository/page_login/btn_masuk' is clicked on

2023-02-22 18:36:46 - [MESSAGE][PASSED] - Object: 'Object Repository/page_login/btn_masuk' is clicked on

2023-02-22 18:36:46 - [MESSAGE][PASSED] - Call Test Case 'Test Cases/Pages/page_login/click_masuk' successfully

2023-02-22 18:36:46 - [TEST_STEP][PASSED] - callTestCase(findTestCase("Pages/page_profile/click_icon_orang"), [:], STOP_ON_FAILURE): Call Test Case 'Test Cases/Pages/page_profile/click_icon_orang' successfully

2023-02-22 18:36:46 - [TEST_CASE][PASSED] - Test Cases/Pages/page_profile/click_icon_orang: Test Cases/Pages/page_profile/click_icon_orang

2023-02-22 18:36:47 - [TEST_STEP][PASSED] - waitForElementPresent(findTestObject("page_profile/icon_orang"), 3): Object 'Object Repository/page_profile/icon_orang' is present

2023-02-22 18:36:50 - [MESSAGE][PASSED] - Object 'Object Repository/page_profile/icon_orang' is present

2023-02-22 18:36:50 - [TEST_STEP][PASSED] - click(findTestObject("page_profile/icon_orang")): Object: 'Object Repository/page_profile/icon_orang' is clicked on

2023-02-22 18:36:50 - [MESSAGE][PASSED] - Object: 'Object Repository/page_profile/icon_orang' is clicked on

2023-02-22 18:36:50 - [MESSAGE][PASSED] - Call Test Case 'Test Cases/Pages/page_profile/click_icon_orang' successfully

2023-02-22 18:36:50 - [TEST_STEP][PASSED] - callTestCase(findTestCase("Pages/page_profile/click_btn_profile"), [:], STOP_ON_FAILURE): Call Test Case 'Test Cases/Pages/page_profile/click_btn_profile' successfully

2023-02-22 18:36:50 - [TEST_CASE][PASSED] - Test Cases/Pages/page_profile/click_btn_profile: Test Cases/Pages/page_profile/click_btn_profile

2023-02-22 18:36:50 - [TEST_STEP][PASSED] - waitForElementPresent(findTestObject("page_profile/btn_profile"), 3): Object 'Object Repository/page_profile/btn_profile' is present

2023-02-22 18:36:51 - [MESSAGE][PASSED] - Object 'Object Repository/page_profile/btn_profile' is present

2023-02-22 18:36:51 - [TEST_STEP][PASSED] - click(findTestObject("page_profile/btn_profile")): Object: 'Object Repository/page_profile/btn_profile' is clicked on

2023-02-22 18:36:51 - [MESSAGE][PASSED] - Object: 'Object Repository/page_profile/btn_profile' is clicked on

2023-02-22 18:36:51 - [MESSAGE][PASSED] - Call Test Case 'Test Cases/Pages/page_profile/click_btn_profile' successfully

2023-02-22 18:36:51 - [TEST_STEP][PASSED] - callTestCase(findTestCase("Pages/page_profile/input_nama"), ["nama":nama], STOP_ON_FAILURE): Call Test Case 'Test Cases/Pages/page_profile/input_nama' successfully

2023-02-22 18:36:51 - [TEST_CASE][PASSED] - Test Cases/Pages/page_profile/input_nama: Test Cases/Pages/page_profile/input_nama

2023-02-22 18:36:51 - [TEST_STEP][PASSED] - waitForElementPresent(findTestObject("page_profile/field_nama"), 3): Object 'Object Repository/page_profile/field_nama' is present

2023-02-22 18:36:52 - [MESSAGE][PASSED] - Object 'Object Repository/page_profile/field_nama' is present

2023-02-22 18:36:52 - [TEST_STEP][PASSED] - setText(findTestObject("page_profile/field_nama"), nama): Text 'Binar QA2
' is set on object 'Object Repository/page_profile/field_nama'

2023-02-22 18:36:53 - [MESSAGE][PASSED] - Text 'Binar QA2
' is set on object 'Object Repository/page_profile/field_nama'

2023-02-22 18:36:53 - [MESSAGE][PASSED] - Call Test Case 'Test Cases/Pages/page_profile/input_nama' successfully

2023-02-22 18:36:53 - [TEST_STEP][PASSED] - callTestCase(findTestCase("Pages/page_profile/input_kota"), ["kota":kota], STOP_ON_FAILURE): Call Test Case 'Test Cases/Pages/page_profile/input_kota' successfully

2023-02-22 18:36:53 - [TEST_CASE][PASSED] - Test Cases/Pages/page_profile/input_kota: Test Cases/Pages/page_profile/input_kota

2023-02-22 18:36:53 - [TEST_STEP][PASSED] - click(findTestObject("page_profile/field_kota"), STOP_ON_FAILURE): Object: 'Object Repository/page_profile/field_kota' is clicked on

2023-02-22 18:36:54 - [MESSAGE][PASSED] - Object: 'Object Repository/page_profile/field_kota' is clicked on

2023-02-22 18:36:54 - [TEST_STEP][PASSED] - selectOptionByLabel(findTestObject("page_profile/field_kota"), kota, false): All options with label 'Kediri' are selected in object 'Object Repository/page_profile/field_kota' 

2023-02-22 18:36:55 - [MESSAGE][PASSED] - All options with label 'Kediri' are selected in object 'Object Repository/page_profile/field_kota' 

2023-02-22 18:36:55 - [MESSAGE][PASSED] - Call Test Case 'Test Cases/Pages/page_profile/input_kota' successfully

2023-02-22 18:36:55 - [TEST_STEP][PASSED] - callTestCase(findTestCase("Pages/page_profile/input_alamat"), ["alamat":alamat], STOP_ON_FAILURE): Call Test Case 'Test Cases/Pages/page_profile/input_alamat' successfully

2023-02-22 18:36:55 - [TEST_CASE][PASSED] - Test Cases/Pages/page_profile/input_alamat: Test Cases/Pages/page_profile/input_alamat

2023-02-22 18:36:55 - [TEST_STEP][PASSED] - waitForElementPresent(findTestObject("page_profile/field_alamat"), 3): Object 'Object Repository/page_profile/field_alamat' is present

2023-02-22 18:36:55 - [MESSAGE][PASSED] - Object 'Object Repository/page_profile/field_alamat' is present

2023-02-22 18:36:55 - [TEST_STEP][PASSED] - setText(findTestObject("page_profile/field_alamat"), alamat): Text 'Sleman' is set on object 'Object Repository/page_profile/field_alamat'

2023-02-22 18:36:56 - [MESSAGE][PASSED] - Text 'Sleman' is set on object 'Object Repository/page_profile/field_alamat'

2023-02-22 18:36:56 - [MESSAGE][PASSED] - Call Test Case 'Test Cases/Pages/page_profile/input_alamat' successfully

2023-02-22 18:36:56 - [TEST_STEP][PASSED] - callTestCase(findTestCase("Pages/page_profile/input_no_handphone"), ["nohp":nohp], STOP_ON_FAILURE): Call Test Case 'Test Cases/Pages/page_profile/input_no_handphone' successfully

2023-02-22 18:36:56 - [TEST_CASE][PASSED] - Test Cases/Pages/page_profile/input_no_handphone: Test Cases/Pages/page_profile/input_no_handphone

2023-02-22 18:36:56 - [TEST_STEP][PASSED] - waitForElementPresent(findTestObject("page_profile/field_handphone"), 3): Object 'Object Repository/page_profile/field_handphone' is present

2023-02-22 18:36:57 - [MESSAGE][PASSED] - Object 'Object Repository/page_profile/field_handphone' is present

2023-02-22 18:36:57 - [TEST_STEP][PASSED] - setText(findTestObject("page_profile/field_handphone"), nohp): Text '082187397' is set on object 'Object Repository/page_profile/field_handphone'

2023-02-22 18:36:57 - [MESSAGE][PASSED] - Text '082187397' is set on object 'Object Repository/page_profile/field_handphone'

2023-02-22 18:36:57 - [MESSAGE][PASSED] - Call Test Case 'Test Cases/Pages/page_profile/input_no_handphone' successfully

2023-02-22 18:36:57 - [TEST_STEP][PASSED] - callTestCase(findTestCase("Pages/page_profile/click_button_submit"), [:], STOP_ON_FAILURE): Call Test Case 'Test Cases/Pages/page_profile/click_button_submit' successfully

2023-02-22 18:36:58 - [TEST_CASE][PASSED] - Test Cases/Pages/page_profile/click_button_submit: Test Cases/Pages/page_profile/click_button_submit

2023-02-22 18:36:58 - [TEST_STEP][PASSED] - waitForElementPresent(findTestObject("page_profile/btn_submit"), 3): Object 'Object Repository/page_profile/btn_submit' is present

2023-02-22 18:36:58 - [MESSAGE][PASSED] - Object 'Object Repository/page_profile/btn_submit' is present

2023-02-22 18:36:58 - [TEST_STEP][PASSED] - click(findTestObject("page_profile/btn_submit")): Object: 'Object Repository/page_profile/btn_submit' is clicked on

2023-02-22 18:36:58 - [MESSAGE][PASSED] - Object: 'Object Repository/page_profile/btn_submit' is clicked on

2023-02-22 18:36:58 - [MESSAGE][PASSED] - Call Test Case 'Test Cases/Pages/page_profile/click_button_submit' successfully

2023-02-22 18:36:58 - [TEST_STEP][PASSED] - callTestCase(findTestCase("Pages/page_profile/notif_success_update"), [:], STOP_ON_FAILURE): Call Test Case 'Test Cases/Pages/page_profile/notif_success_update' successfully

2023-02-22 18:36:59 - [TEST_CASE][PASSED] - Test Cases/Pages/page_profile/notif_success_update: Test Cases/Pages/page_profile/notif_success_update

2023-02-22 18:36:59 - [TEST_STEP][PASSED] - waitForElementPresent(findTestObject("page_profile/notif_success_update"), 3): Object 'Object Repository/page_profile/notif_success_update' is not present after 3 second(s)

2023-02-22 18:37:03 - [MESSAGE][INFO] - Unable to find the element located by 'By.xpath: '. Please recheck the objects properties to make sure the desired element is located. 

2023-02-22 18:37:03 - [MESSAGE][WARNING] - Object 'Object Repository/page_profile/notif_success_update' is not present after 3 second(s)

2023-02-22 18:37:03 - [MESSAGE][PASSED] - Call Test Case 'Test Cases/Pages/page_profile/notif_success_update' successfully]]></system-out>
         <system-err><![CDATA[]]></system-err>
      </testcase>
      <system-out><![CDATA[2023-02-22 18:36:23 - [TEST_SUITE][PASSED] - feature_edit_profile: Test Cases/Step Definition/feature_edit_profile/EPR001 - Edit profile]]></system-out>
      <system-err><![CDATA[]]></system-err>
   </testsuite>
</testsuites>
