<?xml version="1.0" encoding="UTF-8"?>
<testsuites name="feature_notification" time="28.695" tests="1" failures="0" errors="0">
   <testsuite name="feature_notification" tests="1" failures="0" errors="0" time="28.695" skipped="0" timestamp="2023-02-22 18:34:55" hostname="ADITIA ARGA PRATAMA - LAPTOP-L0K8P5OF" id="Test Suites/Without Gherkin/feature_notification">
      <properties>
         <property name="deviceName" value=""/>
         <property name="devicePlatform" value=""/>
         <property name="logFolder" value="C:\\Users\\ADITIA ARGA PRATAMA\\Katalon Studio\\web-automation-testing-kelompok-1.git\\Reports\\20230222_182952\\Without Gherkin\\feature_notification\\20230222_182959"/>
         <property name="logFiles" value="C:\\Users\\ADITIA ARGA PRATAMA\\Katalon Studio\\web-automation-testing-kelompok-1.git\\Reports\\20230222_182952\\Without Gherkin\\feature_notification\\20230222_182959\\execution0.log"/>
         <property name="attachments" value=""/>
         <property name="hostName" value="ADITIA ARGA PRATAMA - LAPTOP-L0K8P5OF"/>
         <property name="os" value="Windows 10 64bit"/>
         <property name="katalonVersion" value="8.5.5.208"/>
         <property name="browser" value="Chrome 110.0.0.0"/>
         <property name="hostAddress" value="192.168.127.126"/>
         <property name="sessionId" value="a45080452537bc77e23418646937dff8"/>
         <property name="seleniumVersion" value="3.141.59"/>
         <property name="proxyInformation" value="ProxyInformation { proxyOption=NO_PROXY, proxyServerType=HTTP, username=, password=********, proxyServerAddress=, proxyServerPort=0, executionList=&quot;&quot;, isApplyToDesiredCapabilities=true }"/>
         <property name="platform" value="Windows 10"/>
      </properties>
      <testcase name="Test Cases/Step Definition/feature_notification/NOT001 - Notification" time="23.175" classname="Test Cases/Step Definition/feature_notification/NOT001 - Notification" status="PASSED">
         <system-out><![CDATA[2023-02-22 18:35:00 - [TEST_CASE][PASSED] - Test Cases/Step Definition/feature_notification/NOT001 - Notification: Test Cases/Step Definition/feature_notification/NOT001 - Notification

2023-02-22 18:35:00 - [TEST_STEP][PASSED] - callTestCase(findTestCase("Pages/page_login/navigate_to_login_page"), [:], STOP_ON_FAILURE): Call Test Case 'Test Cases/Pages/page_login/navigate_to_login_page' successfully

2023-02-22 18:35:00 - [TEST_CASE][PASSED] - Test Cases/Pages/page_login/navigate_to_login_page: Test Cases/Pages/page_login/navigate_to_login_page

2023-02-22 18:35:01 - [TEST_STEP][PASSED] - openBrowser(""): Browser is opened with url: ''

2023-02-22 18:35:01 - [MESSAGE][WARNING] - A browser is already opened. Closing browser and opening a new one

2023-02-22 18:35:01 - [MESSAGE][INFO] - Starting 'Chrome' driver

2023-02-22 18:35:01 - [MESSAGE][INFO] - Action delay is set to 0 milliseconds

2023-02-22 18:35:03 - [MESSAGE][PASSED] - Browser is opened with url: ''

2023-02-22 18:35:03 - [TEST_STEP][PASSED] - maximizeWindow(): Current window maximized

2023-02-22 18:35:03 - [MESSAGE][PASSED] - Current window maximized

2023-02-22 18:35:03 - [TEST_STEP][PASSED] - navigateToUrl("https://secondhand-store.herokuapp.com/"): Navigate to 'https://secondhand-store.herokuapp.com/' successfully

2023-02-22 18:35:06 - [MESSAGE][PASSED] - Navigate to 'https://secondhand-store.herokuapp.com/' successfully

2023-02-22 18:35:06 - [TEST_STEP][PASSED] - waitForElementPresent(findTestObject("page_home/btn_masuk"), 3): Object 'Object Repository/page_home/btn_masuk' is present

2023-02-22 18:35:10 - [MESSAGE][PASSED] - Object 'Object Repository/page_home/btn_masuk' is present

2023-02-22 18:35:10 - [TEST_STEP][PASSED] - click(findTestObject("page_home/btn_masuk")): Object: 'Object Repository/page_home/btn_masuk' is clicked on

2023-02-22 18:35:10 - [MESSAGE][PASSED] - Object: 'Object Repository/page_home/btn_masuk' is clicked on

2023-02-22 18:35:10 - [MESSAGE][PASSED] - Call Test Case 'Test Cases/Pages/page_login/navigate_to_login_page' successfully

2023-02-22 18:35:10 - [TEST_STEP][PASSED] - callTestCase(findTestCase("Pages/page_login/verify_content"), [:], STOP_ON_FAILURE): Call Test Case 'Test Cases/Pages/page_login/verify_content' successfully

2023-02-22 18:35:10 - [TEST_CASE][PASSED] - Test Cases/Pages/page_login/verify_content: Test Cases/Pages/page_login/verify_content

2023-02-22 18:35:10 - [TEST_STEP][PASSED] - verifyElementVisible(findTestObject("page_login/img_rectangle left")): Object 'Object Repository/page_login/img_rectangle left' is visible

2023-02-22 18:35:11 - [MESSAGE][PASSED] - Object 'Object Repository/page_login/img_rectangle left' is visible

2023-02-22 18:35:11 - [TEST_STEP][PASSED] - verifyElementVisible(findTestObject("page_login/text_secondHand")): Object 'Object Repository/page_login/text_secondHand' is visible

2023-02-22 18:35:11 - [MESSAGE][PASSED] - Object 'Object Repository/page_login/text_secondHand' is visible

2023-02-22 18:35:11 - [TEST_STEP][PASSED] - verifyElementVisible(findTestObject("page_login/text_masuk")): Object 'Object Repository/page_login/text_masuk' is visible

2023-02-22 18:35:11 - [MESSAGE][PASSED] - Object 'Object Repository/page_login/text_masuk' is visible

2023-02-22 18:35:11 - [TEST_STEP][PASSED] - verifyElementVisible(findTestObject("page_login/text_email")): Object 'Object Repository/page_login/text_email' is visible

2023-02-22 18:35:12 - [MESSAGE][PASSED] - Object 'Object Repository/page_login/text_email' is visible

2023-02-22 18:35:12 - [TEST_STEP][PASSED] - verifyElementVisible(findTestObject("page_login/textfield_email")): Object 'Object Repository/page_login/textfield_email' is visible

2023-02-22 18:35:12 - [MESSAGE][PASSED] - Object 'Object Repository/page_login/textfield_email' is visible

2023-02-22 18:35:12 - [TEST_STEP][PASSED] - verifyElementVisible(findTestObject("page_login/text_password")): Object 'Object Repository/page_login/text_password' is visible

2023-02-22 18:35:12 - [MESSAGE][PASSED] - Object 'Object Repository/page_login/text_password' is visible

2023-02-22 18:35:12 - [TEST_STEP][PASSED] - verifyElementVisible(findTestObject("page_login/textfield_password")): Object 'Object Repository/page_login/textfield_password' is visible

2023-02-22 18:35:13 - [MESSAGE][PASSED] - Object 'Object Repository/page_login/textfield_password' is visible

2023-02-22 18:35:13 - [TEST_STEP][PASSED] - verifyElementVisible(findTestObject("page_login/btn_masuk")): Object 'Object Repository/page_login/btn_masuk' is visible

2023-02-22 18:35:13 - [MESSAGE][PASSED] - Object 'Object Repository/page_login/btn_masuk' is visible

2023-02-22 18:35:13 - [TEST_STEP][PASSED] - verifyElementVisible(findTestObject("page_login/text_belum punya akun")): Object 'Object Repository/page_login/text_belum punya akun' is visible

2023-02-22 18:35:13 - [MESSAGE][PASSED] - Object 'Object Repository/page_login/text_belum punya akun' is visible

2023-02-22 18:35:13 - [TEST_STEP][PASSED] - verifyElementVisible(findTestObject("page_login/linktext_daftar di sini")): Object 'Object Repository/page_login/linktext_daftar di sini' is visible

2023-02-22 18:35:14 - [MESSAGE][PASSED] - Object 'Object Repository/page_login/linktext_daftar di sini' is visible

2023-02-22 18:35:14 - [MESSAGE][PASSED] - Call Test Case 'Test Cases/Pages/page_login/verify_content' successfully

2023-02-22 18:35:14 - [TEST_STEP][PASSED] - callTestCase(findTestCase("Pages/page_login/input_email"), ["email":"afkoke@gmail.com"], STOP_ON_FAILURE): Call Test Case 'Test Cases/Pages/page_login/input_email' successfully

2023-02-22 18:35:14 - [TEST_CASE][PASSED] - Test Cases/Pages/page_login/input_email: Test Cases/Pages/page_login/input_email

2023-02-22 18:35:14 - [TEST_STEP][PASSED] - clearText(findTestObject("page_login/textfield_email")): Text of object 'Object Repository/page_login/textfield_email' is cleared

2023-02-22 18:35:14 - [MESSAGE][PASSED] - Text of object 'Object Repository/page_login/textfield_email' is cleared

2023-02-22 18:35:14 - [TEST_STEP][PASSED] - sendKeys(findTestObject("page_login/textfield_email"), email): Keys 'afkoke@gmail.com' sent to object: 'Object Repository/page_login/textfield_email'

2023-02-22 18:35:15 - [MESSAGE][PASSED] - Keys 'afkoke@gmail.com' sent to object: 'Object Repository/page_login/textfield_email'

2023-02-22 18:35:15 - [MESSAGE][PASSED] - Call Test Case 'Test Cases/Pages/page_login/input_email' successfully

2023-02-22 18:35:15 - [TEST_STEP][PASSED] - callTestCase(findTestCase("Pages/page_login/input_password"), ["password":"1234567890"], STOP_ON_FAILURE): Call Test Case 'Test Cases/Pages/page_login/input_password' successfully

2023-02-22 18:35:15 - [TEST_CASE][PASSED] - Test Cases/Pages/page_login/input_password: Test Cases/Pages/page_login/input_password

2023-02-22 18:35:15 - [TEST_STEP][PASSED] - clearText(findTestObject("page_login/textfield_password")): Text of object 'Object Repository/page_login/textfield_password' is cleared

2023-02-22 18:35:15 - [MESSAGE][PASSED] - Text of object 'Object Repository/page_login/textfield_password' is cleared

2023-02-22 18:35:15 - [TEST_STEP][PASSED] - sendKeys(findTestObject("page_login/textfield_password"), password): Keys '1234567890' sent to object: 'Object Repository/page_login/textfield_password'

2023-02-22 18:35:16 - [MESSAGE][PASSED] - Keys '1234567890' sent to object: 'Object Repository/page_login/textfield_password'

2023-02-22 18:35:16 - [MESSAGE][PASSED] - Call Test Case 'Test Cases/Pages/page_login/input_password' successfully

2023-02-22 18:35:16 - [TEST_STEP][PASSED] - callTestCase(findTestCase("Pages/page_login/click_masuk"), [:], STOP_ON_FAILURE): Call Test Case 'Test Cases/Pages/page_login/click_masuk' successfully

2023-02-22 18:35:16 - [TEST_CASE][PASSED] - Test Cases/Pages/page_login/click_masuk: Test Cases/Pages/page_login/click_masuk

2023-02-22 18:35:16 - [TEST_STEP][PASSED] - click(findTestObject("page_login/btn_masuk")): Object: 'Object Repository/page_login/btn_masuk' is clicked on

2023-02-22 18:35:16 - [MESSAGE][PASSED] - Object: 'Object Repository/page_login/btn_masuk' is clicked on

2023-02-22 18:35:16 - [MESSAGE][PASSED] - Call Test Case 'Test Cases/Pages/page_login/click_masuk' successfully

2023-02-22 18:35:16 - [TEST_STEP][PASSED] - callTestCase(findTestCase("Pages/page_notification/click_icon_lonceng"), [:], STOP_ON_FAILURE): Call Test Case 'Test Cases/Pages/page_notification/click_icon_lonceng' successfully

2023-02-22 18:35:17 - [TEST_CASE][PASSED] - Test Cases/Pages/page_notification/click_icon_lonceng: Test Cases/Pages/page_notification/click_icon_lonceng

2023-02-22 18:35:17 - [TEST_STEP][PASSED] - waitForElementPresent(findTestObject("page_notification/icon_lonceng"), 5): Object 'Object Repository/page_notification/icon_lonceng' is present

2023-02-22 18:35:18 - [MESSAGE][PASSED] - Object 'Object Repository/page_notification/icon_lonceng' is present

2023-02-22 18:35:18 - [TEST_STEP][PASSED] - click(findTestObject("page_notification/icon_lonceng")): Object: 'Object Repository/page_notification/icon_lonceng' is clicked on

2023-02-22 18:35:19 - [MESSAGE][PASSED] - Object: 'Object Repository/page_notification/icon_lonceng' is clicked on

2023-02-22 18:35:19 - [MESSAGE][PASSED] - Call Test Case 'Test Cases/Pages/page_notification/click_icon_lonceng' successfully

2023-02-22 18:35:19 - [TEST_STEP][PASSED] - callTestCase(findTestCase("Pages/page_notification/list_notif"), [:], STOP_ON_FAILURE): Call Test Case 'Test Cases/Pages/page_notification/list_notif' successfully

2023-02-22 18:35:19 - [TEST_CASE][PASSED] - Test Cases/Pages/page_notification/list_notif: Test Cases/Pages/page_notification/list_notif

2023-02-22 18:35:19 - [TEST_STEP][PASSED] - waitForElementPresent(findTestObject("page_notification/list_notif"), 3): Object 'Object Repository/page_notification/list_notif' is not present after 3 second(s)

2023-02-22 18:35:23 - [MESSAGE][INFO] - Unable to find the element located by 'By.xpath: '. Please recheck the objects properties to make sure the desired element is located. 

2023-02-22 18:35:23 - [MESSAGE][WARNING] - Object 'Object Repository/page_notification/list_notif' is not present after 3 second(s)

2023-02-22 18:35:23 - [MESSAGE][PASSED] - Call Test Case 'Test Cases/Pages/page_notification/list_notif' successfully]]></system-out>
         <system-err><![CDATA[]]></system-err>
      </testcase>
      <system-out><![CDATA[2023-02-22 18:34:55 - [TEST_SUITE][PASSED] - feature_notification: Test Cases/Step Definition/feature_notification/NOT001 - Notification]]></system-out>
      <system-err><![CDATA[]]></system-err>
   </testsuite>
</testsuites>
