<?xml version="1.0" encoding="UTF-8"?>
<testsuites name="feature_seller_list" time="32.593" tests="3" failures="0" errors="0">
   <testsuite name="feature_seller_list" tests="3" failures="0" errors="0" time="32.593" skipped="0" timestamp="2023-02-22 18:37:22" hostname="ADITIA ARGA PRATAMA - LAPTOP-L0K8P5OF" id="Test Suites/Without Gherkin/feature_seller_list">
      <properties>
         <property name="deviceName" value=""/>
         <property name="devicePlatform" value=""/>
         <property name="logFolder" value="C:\\Users\\ADITIA ARGA PRATAMA\\Katalon Studio\\web-automation-testing-kelompok-1.git\\Reports\\20230222_182952\\Without Gherkin\\feature_seller_list\\20230222_183005"/>
         <property name="logFiles" value="C:\\Users\\ADITIA ARGA PRATAMA\\Katalon Studio\\web-automation-testing-kelompok-1.git\\Reports\\20230222_182952\\Without Gherkin\\feature_seller_list\\20230222_183005\\execution0.log"/>
         <property name="attachments" value=""/>
         <property name="hostName" value="ADITIA ARGA PRATAMA - LAPTOP-L0K8P5OF"/>
         <property name="os" value="Windows 10 64bit"/>
         <property name="katalonVersion" value="8.5.5.208"/>
         <property name="browser" value="Chrome 110.0.0.0"/>
         <property name="hostAddress" value="192.168.127.126"/>
         <property name="sessionId" value="6f98cf1476854aa607a85de8cf0c322a"/>
         <property name="seleniumVersion" value="3.141.59"/>
         <property name="proxyInformation" value="ProxyInformation { proxyOption=NO_PROXY, proxyServerType=HTTP, username=, password=********, proxyServerAddress=, proxyServerPort=0, executionList=&quot;&quot;, isApplyToDesiredCapabilities=true }"/>
         <property name="platform" value="Windows 10"/>
      </properties>
      <testcase name="Test Cases/Step Definition/feature_seller_list/SLL001 - All product" time="18.193" classname="Test Cases/Step Definition/feature_seller_list/SLL001 - All product" status="PASSED">
         <system-out><![CDATA[2023-02-22 18:37:27 - [TEST_CASE][PASSED] - Test Cases/Step Definition/feature_seller_list/SLL001 - All product: Test Cases/Step Definition/feature_seller_list/SLL001 - All product

2023-02-22 18:37:28 - [TEST_STEP][PASSED] - callTestCase(findTestCase("Pages/page_login/navigate_to_login_page"), [:], STOP_ON_FAILURE): Call Test Case 'Test Cases/Pages/page_login/navigate_to_login_page' successfully

2023-02-22 18:37:28 - [TEST_CASE][PASSED] - Test Cases/Pages/page_login/navigate_to_login_page: Test Cases/Pages/page_login/navigate_to_login_page

2023-02-22 18:37:28 - [TEST_STEP][PASSED] - openBrowser(""): Browser is opened with url: ''

2023-02-22 18:37:28 - [MESSAGE][WARNING] - A browser is already opened. Closing browser and opening a new one

2023-02-22 18:37:29 - [MESSAGE][INFO] - Starting 'Chrome' driver

2023-02-22 18:37:29 - [MESSAGE][INFO] - Action delay is set to 0 milliseconds

2023-02-22 18:37:30 - [MESSAGE][PASSED] - Browser is opened with url: ''

2023-02-22 18:37:30 - [TEST_STEP][PASSED] - maximizeWindow(): Current window maximized

2023-02-22 18:37:30 - [MESSAGE][PASSED] - Current window maximized

2023-02-22 18:37:30 - [TEST_STEP][PASSED] - navigateToUrl("https://secondhand-store.herokuapp.com/"): Navigate to 'https://secondhand-store.herokuapp.com/' successfully

2023-02-22 18:37:33 - [MESSAGE][PASSED] - Navigate to 'https://secondhand-store.herokuapp.com/' successfully

2023-02-22 18:37:33 - [TEST_STEP][PASSED] - waitForElementPresent(findTestObject("page_home/btn_masuk"), 3): Object 'Object Repository/page_home/btn_masuk' is present

2023-02-22 18:37:36 - [MESSAGE][PASSED] - Object 'Object Repository/page_home/btn_masuk' is present

2023-02-22 18:37:36 - [TEST_STEP][PASSED] - click(findTestObject("page_home/btn_masuk")): Object: 'Object Repository/page_home/btn_masuk' is clicked on

2023-02-22 18:37:36 - [MESSAGE][PASSED] - Object: 'Object Repository/page_home/btn_masuk' is clicked on

2023-02-22 18:37:36 - [MESSAGE][PASSED] - Call Test Case 'Test Cases/Pages/page_login/navigate_to_login_page' successfully

2023-02-22 18:37:36 - [TEST_STEP][PASSED] - callTestCase(findTestCase("Pages/page_login/input_email"), ["email":"putriyulina45@gmail.com"], STOP_ON_FAILURE): Call Test Case 'Test Cases/Pages/page_login/input_email' successfully

2023-02-22 18:37:37 - [TEST_CASE][PASSED] - Test Cases/Pages/page_login/input_email: Test Cases/Pages/page_login/input_email

2023-02-22 18:37:37 - [TEST_STEP][PASSED] - clearText(findTestObject("page_login/textfield_email")): Text of object 'Object Repository/page_login/textfield_email' is cleared

2023-02-22 18:37:37 - [MESSAGE][PASSED] - Text of object 'Object Repository/page_login/textfield_email' is cleared

2023-02-22 18:37:37 - [TEST_STEP][PASSED] - sendKeys(findTestObject("page_login/textfield_email"), email): Keys 'putriyulina45@gmail.com' sent to object: 'Object Repository/page_login/textfield_email'

2023-02-22 18:37:38 - [MESSAGE][PASSED] - Keys 'putriyulina45@gmail.com' sent to object: 'Object Repository/page_login/textfield_email'

2023-02-22 18:37:38 - [MESSAGE][PASSED] - Call Test Case 'Test Cases/Pages/page_login/input_email' successfully

2023-02-22 18:37:38 - [TEST_STEP][PASSED] - callTestCase(findTestCase("Pages/page_login/input_password"), ["password":"Puyulputriyulina123"], STOP_ON_FAILURE): Call Test Case 'Test Cases/Pages/page_login/input_password' successfully

2023-02-22 18:37:38 - [TEST_CASE][PASSED] - Test Cases/Pages/page_login/input_password: Test Cases/Pages/page_login/input_password

2023-02-22 18:37:38 - [TEST_STEP][PASSED] - clearText(findTestObject("page_login/textfield_password")): Text of object 'Object Repository/page_login/textfield_password' is cleared

2023-02-22 18:37:38 - [MESSAGE][PASSED] - Text of object 'Object Repository/page_login/textfield_password' is cleared

2023-02-22 18:37:38 - [TEST_STEP][PASSED] - sendKeys(findTestObject("page_login/textfield_password"), password): Keys 'Puyulputriyulina123' sent to object: 'Object Repository/page_login/textfield_password'

2023-02-22 18:37:39 - [MESSAGE][PASSED] - Keys 'Puyulputriyulina123' sent to object: 'Object Repository/page_login/textfield_password'

2023-02-22 18:37:39 - [MESSAGE][PASSED] - Call Test Case 'Test Cases/Pages/page_login/input_password' successfully

2023-02-22 18:37:39 - [TEST_STEP][PASSED] - callTestCase(findTestCase("Pages/page_login/click_masuk"), [:], STOP_ON_FAILURE): Call Test Case 'Test Cases/Pages/page_login/click_masuk' successfully

2023-02-22 18:37:39 - [TEST_CASE][PASSED] - Test Cases/Pages/page_login/click_masuk: Test Cases/Pages/page_login/click_masuk

2023-02-22 18:37:39 - [TEST_STEP][PASSED] - click(findTestObject("page_login/btn_masuk")): Object: 'Object Repository/page_login/btn_masuk' is clicked on

2023-02-22 18:37:39 - [MESSAGE][PASSED] - Object: 'Object Repository/page_login/btn_masuk' is clicked on

2023-02-22 18:37:39 - [MESSAGE][PASSED] - Call Test Case 'Test Cases/Pages/page_login/click_masuk' successfully

2023-02-22 18:37:39 - [TEST_STEP][PASSED] - callTestCase(findTestCase("Pages/page_home/navigate_to_daftarjual_page"), [:], STOP_ON_FAILURE): Call Test Case 'Test Cases/Pages/page_home/navigate_to_daftarjual_page' successfully

2023-02-22 18:37:39 - [TEST_CASE][PASSED] - Test Cases/Pages/page_home/navigate_to_daftarjual_page: Test Cases/Pages/page_home/navigate_to_daftarjual_page

2023-02-22 18:37:40 - [TEST_STEP][PASSED] - delay(3): Delayed 3 second(s)

2023-02-22 18:37:43 - [MESSAGE][PASSED] - Delayed 3 second(s)

2023-02-22 18:37:43 - [TEST_STEP][PASSED] - verifyElementPresent(findTestObject("page_home/btn_daftar_jual_page"), 3): Object 'Object Repository/page_home/btn_daftar_jual_page' is present

2023-02-22 18:37:43 - [MESSAGE][PASSED] - Object 'Object Repository/page_home/btn_daftar_jual_page' is present

2023-02-22 18:37:43 - [TEST_STEP][PASSED] - click(findTestObject("page_home/btn_daftar_jual_page")): Object: 'Object Repository/page_home/btn_daftar_jual_page' is clicked on

2023-02-22 18:37:43 - [MESSAGE][PASSED] - Object: 'Object Repository/page_home/btn_daftar_jual_page' is clicked on

2023-02-22 18:37:43 - [MESSAGE][PASSED] - Call Test Case 'Test Cases/Pages/page_home/navigate_to_daftarjual_page' successfully

2023-02-22 18:37:43 - [TEST_STEP][PASSED] - callTestCase(findTestCase("Pages/page_sellerlist/verify_all_product"), [:], STOP_ON_FAILURE): Call Test Case 'Test Cases/Pages/page_sellerlist/verify_all_product' successfully

2023-02-22 18:37:43 - [TEST_CASE][PASSED] - Test Cases/Pages/page_sellerlist/verify_all_product: Test Cases/Pages/page_sellerlist/verify_all_product

2023-02-22 18:37:44 - [TEST_STEP][PASSED] - waitForElementPresent(findTestObject("page_sellerlist/text_all_product"), 3): Object 'Object Repository/page_sellerlist/text_all_product' is present

2023-02-22 18:37:45 - [MESSAGE][PASSED] - Object 'Object Repository/page_sellerlist/text_all_product' is present

2023-02-22 18:37:45 - [TEST_STEP][PASSED] - verifyElementAttributeValue(findTestObject("page_sellerlist/text_all_product"), "class", ""link" active", 0): Object 'Object Repository/page_sellerlist/text_all_product' has attribute 'class' with value '"link" active'

2023-02-22 18:37:45 - [MESSAGE][WARNING] - Timeout '0' is invalid. Using default page load timeout: '30'

2023-02-22 18:37:46 - [MESSAGE][PASSED] - Object 'Object Repository/page_sellerlist/text_all_product' has attribute 'class' with value '"link" active'

2023-02-22 18:37:46 - [MESSAGE][PASSED] - Call Test Case 'Test Cases/Pages/page_sellerlist/verify_all_product' successfully]]></system-out>
         <system-err><![CDATA[]]></system-err>
      </testcase>
      <testcase name="Test Cases/Step Definition/feature_seller_list/SLL002 - List diminati" time="1.886" classname="Test Cases/Step Definition/feature_seller_list/SLL002 - List diminati" status="PASSED">
         <system-out><![CDATA[2023-02-22 18:37:46 - [TEST_CASE][PASSED] - Test Cases/Step Definition/feature_seller_list/SLL002 - List diminati: Test Cases/Step Definition/feature_seller_list/SLL002 - List diminati

2023-02-22 18:37:46 - [TEST_STEP][PASSED] - callTestCase(findTestCase("Pages/page_sellerlist/click_button_diminati"), [:], STOP_ON_FAILURE): Call Test Case 'Test Cases/Pages/page_sellerlist/click_button_diminati' successfully

2023-02-22 18:37:46 - [TEST_CASE][PASSED] - Test Cases/Pages/page_sellerlist/click_button_diminati: Test Cases/Pages/page_sellerlist/click_button_diminati

2023-02-22 18:37:46 - [TEST_STEP][PASSED] - waitForElementPresent(findTestObject("page_sellerlist/text_diminati"), 5): Object 'Object Repository/page_sellerlist/text_diminati' is present

2023-02-22 18:37:47 - [MESSAGE][PASSED] - Object 'Object Repository/page_sellerlist/text_diminati' is present

2023-02-22 18:37:47 - [TEST_STEP][PASSED] - click(findTestObject("page_sellerlist/text_diminati")): Object: 'Object Repository/page_sellerlist/text_diminati' is clicked on

2023-02-22 18:37:47 - [MESSAGE][PASSED] - Object: 'Object Repository/page_sellerlist/text_diminati' is clicked on

2023-02-22 18:37:47 - [MESSAGE][PASSED] - Call Test Case 'Test Cases/Pages/page_sellerlist/click_button_diminati' successfully

2023-02-22 18:37:47 - [TEST_STEP][PASSED] - callTestCase(findTestCase("Pages/page_sellerlist/verify_list_diminati"), [:], STOP_ON_FAILURE): Call Test Case 'Test Cases/Pages/page_sellerlist/verify_list_diminati' successfully

2023-02-22 18:37:47 - [TEST_CASE][PASSED] - Test Cases/Pages/page_sellerlist/verify_list_diminati: Test Cases/Pages/page_sellerlist/verify_list_diminati

2023-02-22 18:37:47 - [TEST_STEP][PASSED] - verifyElementAttributeValue(findTestObject("page_sellerlist/text_diminati"), "class", ""link" active", 0): Object 'Object Repository/page_sellerlist/text_diminati' has attribute 'class' with value '"link" active'

2023-02-22 18:37:47 - [MESSAGE][WARNING] - Timeout '0' is invalid. Using default page load timeout: '30'

2023-02-22 18:37:48 - [MESSAGE][PASSED] - Object 'Object Repository/page_sellerlist/text_diminati' has attribute 'class' with value '"link" active'

2023-02-22 18:37:48 - [MESSAGE][PASSED] - Call Test Case 'Test Cases/Pages/page_sellerlist/verify_list_diminati' successfully]]></system-out>
         <system-err><![CDATA[]]></system-err>
      </testcase>
      <testcase name="Test Cases/Step Definition/feature_seller_list/SLL003 - List terjual" time="6.899" classname="Test Cases/Step Definition/feature_seller_list/SLL003 - List terjual" status="PASSED">
         <system-out><![CDATA[2023-02-22 18:37:48 - [TEST_CASE][PASSED] - Test Cases/Step Definition/feature_seller_list/SLL003 - List terjual: Test Cases/Step Definition/feature_seller_list/SLL003 - List terjual

2023-02-22 18:37:48 - [TEST_STEP][PASSED] - callTestCase(findTestCase("Pages/page_sellerlist/click_button_terjual"), [:], STOP_ON_FAILURE): Call Test Case 'Test Cases/Pages/page_sellerlist/click_button_terjual' successfully

2023-02-22 18:37:48 - [TEST_CASE][PASSED] - Test Cases/Pages/page_sellerlist/click_button_terjual: Test Cases/Pages/page_sellerlist/click_button_terjual

2023-02-22 18:37:48 - [TEST_STEP][PASSED] - waitForElementPresent(findTestObject("page_sellerlist/text_terjual"), 5): Object 'Object Repository/page_sellerlist/text_terjual' is present

2023-02-22 18:37:48 - [MESSAGE][PASSED] - Object 'Object Repository/page_sellerlist/text_terjual' is present

2023-02-22 18:37:48 - [TEST_STEP][PASSED] - click(findTestObject("page_sellerlist/text_terjual")): Object: 'Object Repository/page_sellerlist/text_terjual' is clicked on

2023-02-22 18:37:49 - [MESSAGE][PASSED] - Object: 'Object Repository/page_sellerlist/text_terjual' is clicked on

2023-02-22 18:37:49 - [MESSAGE][PASSED] - Call Test Case 'Test Cases/Pages/page_sellerlist/click_button_terjual' successfully

2023-02-22 18:37:49 - [TEST_STEP][PASSED] - callTestCase(findTestCase("Pages/page_sellerlist/verify_list_terjual"), [:], STOP_ON_FAILURE): Call Test Case 'Test Cases/Pages/page_sellerlist/verify_list_terjual' successfully

2023-02-22 18:37:49 - [TEST_CASE][PASSED] - Test Cases/Pages/page_sellerlist/verify_list_terjual: Test Cases/Pages/page_sellerlist/verify_list_terjual

2023-02-22 18:37:49 - [TEST_STEP][PASSED] - verifyElementAttributeValue(findTestObject("page_sellerlist/text_terjual"), "class", ""link" active", 0): Object 'Object Repository/page_sellerlist/text_terjual' has attribute 'class' with value '"link" active'

2023-02-22 18:37:49 - [MESSAGE][WARNING] - Timeout '0' is invalid. Using default page load timeout: '30'

2023-02-22 18:37:49 - [MESSAGE][PASSED] - Object 'Object Repository/page_sellerlist/text_terjual' has attribute 'class' with value '"link" active'

2023-02-22 18:37:49 - [TEST_STEP][PASSED] - delay(5): Delayed 5 second(s)

2023-02-22 18:37:54 - [MESSAGE][PASSED] - Delayed 5 second(s)

2023-02-22 18:37:54 - [MESSAGE][PASSED] - Call Test Case 'Test Cases/Pages/page_sellerlist/verify_list_terjual' successfully]]></system-out>
         <system-err><![CDATA[]]></system-err>
      </testcase>
      <system-out><![CDATA[2023-02-22 18:37:22 - [TEST_SUITE][PASSED] - feature_seller_list: Test Cases/Step Definition/feature_seller_list/SLL003 - List terjual]]></system-out>
      <system-err><![CDATA[]]></system-err>
   </testsuite>
</testsuites>
