<?xml version="1.0" encoding="UTF-8"?>
<testsuites name="feature_add_product" time="86.772" tests="4" failures="0" errors="0">
   <testsuite name="feature_add_product" tests="4" failures="0" errors="0" time="86.772" skipped="0" timestamp="2023-02-22 18:38:20" hostname="ADITIA ARGA PRATAMA - LAPTOP-L0K8P5OF" id="Test Suites/Without Gherkin/feature_add_product">
      <properties>
         <property name="deviceName" value=""/>
         <property name="devicePlatform" value=""/>
         <property name="logFolder" value="C:\\Users\\ADITIA ARGA PRATAMA\\Katalon Studio\\web-automation-testing-kelompok-1.git\\Reports\\20230222_182952\\Without Gherkin\\feature_add_product\\20230222_183007"/>
         <property name="logFiles" value="C:\\Users\\ADITIA ARGA PRATAMA\\Katalon Studio\\web-automation-testing-kelompok-1.git\\Reports\\20230222_182952\\Without Gherkin\\feature_add_product\\20230222_183007\\execution0.log"/>
         <property name="attachments" value=""/>
         <property name="hostName" value="ADITIA ARGA PRATAMA - LAPTOP-L0K8P5OF"/>
         <property name="os" value="Windows 10 64bit"/>
         <property name="katalonVersion" value="8.5.5.208"/>
         <property name="browser" value="Chrome 110.0.0.0"/>
         <property name="hostAddress" value="192.168.127.126"/>
         <property name="sessionId" value="19e5eb6547b6f639b7e59e01cc2c87e7"/>
         <property name="seleniumVersion" value="3.141.59"/>
         <property name="proxyInformation" value="ProxyInformation { proxyOption=NO_PROXY, proxyServerType=HTTP, username=, password=********, proxyServerAddress=, proxyServerPort=0, executionList=&quot;&quot;, isApplyToDesiredCapabilities=true }"/>
         <property name="platform" value="Windows 10"/>
      </properties>
      <testcase name="Test Cases/Step Definition/feature_add_product/ADP001 - Add product from homepage" time="25.402" classname="Test Cases/Step Definition/feature_add_product/ADP001 - Add product from homepage" status="PASSED">
         <system-out><![CDATA[2023-02-22 18:38:25 - [TEST_CASE][PASSED] - Test Cases/Step Definition/feature_add_product/ADP001 - Add product from homepage: Test Cases/Step Definition/feature_add_product/ADP001 - Add product from homepage

2023-02-22 18:38:26 - [TEST_STEP][PASSED] - callTestCase(findTestCase("Pages/page_home/navigate_to_login_page"), [:], STOP_ON_FAILURE): Call Test Case 'Test Cases/Pages/page_home/navigate_to_login_page' successfully

2023-02-22 18:38:26 - [TEST_CASE][PASSED] - Test Cases/Pages/page_home/navigate_to_login_page: Test Cases/Pages/page_home/navigate_to_login_page

2023-02-22 18:38:26 - [TEST_STEP][PASSED] - verifyElementPresent(findTestObject("page_home/btn_masuk"), 3): Object 'Object Repository/page_home/btn_masuk' is present

2023-02-22 18:38:28 - [MESSAGE][PASSED] - Object 'Object Repository/page_home/btn_masuk' is present

2023-02-22 18:38:28 - [TEST_STEP][PASSED] - click(findTestObject("page_home/btn_masuk"), STOP_ON_FAILURE): Object: 'Object Repository/page_home/btn_masuk' is clicked on

2023-02-22 18:38:29 - [MESSAGE][PASSED] - Object: 'Object Repository/page_home/btn_masuk' is clicked on

2023-02-22 18:38:29 - [MESSAGE][PASSED] - Call Test Case 'Test Cases/Pages/page_home/navigate_to_login_page' successfully

2023-02-22 18:38:29 - [TEST_STEP][PASSED] - callTestCase(findTestCase("Pages/page_login/verify_content"), [:], STOP_ON_FAILURE): Call Test Case 'Test Cases/Pages/page_login/verify_content' successfully

2023-02-22 18:38:29 - [TEST_CASE][PASSED] - Test Cases/Pages/page_login/verify_content: Test Cases/Pages/page_login/verify_content

2023-02-22 18:38:29 - [TEST_STEP][PASSED] - verifyElementVisible(findTestObject("page_login/img_rectangle left")): Object 'Object Repository/page_login/img_rectangle left' is visible

2023-02-22 18:38:29 - [MESSAGE][PASSED] - Object 'Object Repository/page_login/img_rectangle left' is visible

2023-02-22 18:38:29 - [TEST_STEP][PASSED] - verifyElementVisible(findTestObject("page_login/text_secondHand")): Object 'Object Repository/page_login/text_secondHand' is visible

2023-02-22 18:38:30 - [MESSAGE][PASSED] - Object 'Object Repository/page_login/text_secondHand' is visible

2023-02-22 18:38:30 - [TEST_STEP][PASSED] - verifyElementVisible(findTestObject("page_login/text_masuk")): Object 'Object Repository/page_login/text_masuk' is visible

2023-02-22 18:38:30 - [MESSAGE][PASSED] - Object 'Object Repository/page_login/text_masuk' is visible

2023-02-22 18:38:30 - [TEST_STEP][PASSED] - verifyElementVisible(findTestObject("page_login/text_email")): Object 'Object Repository/page_login/text_email' is visible

2023-02-22 18:38:30 - [MESSAGE][PASSED] - Object 'Object Repository/page_login/text_email' is visible

2023-02-22 18:38:30 - [TEST_STEP][PASSED] - verifyElementVisible(findTestObject("page_login/textfield_email")): Object 'Object Repository/page_login/textfield_email' is visible

2023-02-22 18:38:31 - [MESSAGE][PASSED] - Object 'Object Repository/page_login/textfield_email' is visible

2023-02-22 18:38:31 - [TEST_STEP][PASSED] - verifyElementVisible(findTestObject("page_login/text_password")): Object 'Object Repository/page_login/text_password' is visible

2023-02-22 18:38:31 - [MESSAGE][PASSED] - Object 'Object Repository/page_login/text_password' is visible

2023-02-22 18:38:31 - [TEST_STEP][PASSED] - verifyElementVisible(findTestObject("page_login/textfield_password")): Object 'Object Repository/page_login/textfield_password' is visible

2023-02-22 18:38:31 - [MESSAGE][PASSED] - Object 'Object Repository/page_login/textfield_password' is visible

2023-02-22 18:38:31 - [TEST_STEP][PASSED] - verifyElementVisible(findTestObject("page_login/btn_masuk")): Object 'Object Repository/page_login/btn_masuk' is visible

2023-02-22 18:38:32 - [MESSAGE][PASSED] - Object 'Object Repository/page_login/btn_masuk' is visible

2023-02-22 18:38:32 - [TEST_STEP][PASSED] - verifyElementVisible(findTestObject("page_login/text_belum punya akun")): Object 'Object Repository/page_login/text_belum punya akun' is visible

2023-02-22 18:38:32 - [MESSAGE][PASSED] - Object 'Object Repository/page_login/text_belum punya akun' is visible

2023-02-22 18:38:32 - [TEST_STEP][PASSED] - verifyElementVisible(findTestObject("page_login/linktext_daftar di sini")): Object 'Object Repository/page_login/linktext_daftar di sini' is visible

2023-02-22 18:38:32 - [MESSAGE][PASSED] - Object 'Object Repository/page_login/linktext_daftar di sini' is visible

2023-02-22 18:38:32 - [MESSAGE][PASSED] - Call Test Case 'Test Cases/Pages/page_login/verify_content' successfully

2023-02-22 18:38:32 - [TEST_STEP][PASSED] - callTestCase(findTestCase("Pages/page_login/input_email"), ["email":email], STOP_ON_FAILURE): Call Test Case 'Test Cases/Pages/page_login/input_email' successfully

2023-02-22 18:38:32 - [TEST_CASE][PASSED] - Test Cases/Pages/page_login/input_email: Test Cases/Pages/page_login/input_email

2023-02-22 18:38:33 - [TEST_STEP][PASSED] - clearText(findTestObject("page_login/textfield_email")): Text of object 'Object Repository/page_login/textfield_email' is cleared

2023-02-22 18:38:33 - [MESSAGE][PASSED] - Text of object 'Object Repository/page_login/textfield_email' is cleared

2023-02-22 18:38:33 - [TEST_STEP][PASSED] - sendKeys(findTestObject("page_login/textfield_email"), email): Keys 'd.erprion@gmail.com' sent to object: 'Object Repository/page_login/textfield_email'

2023-02-22 18:38:33 - [MESSAGE][PASSED] - Keys 'd.erprion@gmail.com' sent to object: 'Object Repository/page_login/textfield_email'

2023-02-22 18:38:33 - [MESSAGE][PASSED] - Call Test Case 'Test Cases/Pages/page_login/input_email' successfully

2023-02-22 18:38:33 - [TEST_STEP][PASSED] - callTestCase(findTestCase("Pages/page_login/input_password"), ["password":password], STOP_ON_FAILURE): Call Test Case 'Test Cases/Pages/page_login/input_password' successfully

2023-02-22 18:38:33 - [TEST_CASE][PASSED] - Test Cases/Pages/page_login/input_password: Test Cases/Pages/page_login/input_password

2023-02-22 18:38:34 - [TEST_STEP][PASSED] - clearText(findTestObject("page_login/textfield_password")): Text of object 'Object Repository/page_login/textfield_password' is cleared

2023-02-22 18:38:34 - [MESSAGE][PASSED] - Text of object 'Object Repository/page_login/textfield_password' is cleared

2023-02-22 18:38:34 - [TEST_STEP][PASSED] - sendKeys(findTestObject("page_login/textfield_password"), password): Keys 'qwerty1234' sent to object: 'Object Repository/page_login/textfield_password'

2023-02-22 18:38:34 - [MESSAGE][PASSED] - Keys 'qwerty1234' sent to object: 'Object Repository/page_login/textfield_password'

2023-02-22 18:38:34 - [MESSAGE][PASSED] - Call Test Case 'Test Cases/Pages/page_login/input_password' successfully

2023-02-22 18:38:34 - [TEST_STEP][PASSED] - callTestCase(findTestCase("Pages/page_login/click_masuk"), [:], STOP_ON_FAILURE): Call Test Case 'Test Cases/Pages/page_login/click_masuk' successfully

2023-02-22 18:38:35 - [TEST_CASE][PASSED] - Test Cases/Pages/page_login/click_masuk: Test Cases/Pages/page_login/click_masuk

2023-02-22 18:38:35 - [TEST_STEP][PASSED] - click(findTestObject("page_login/btn_masuk")): Object: 'Object Repository/page_login/btn_masuk' is clicked on

2023-02-22 18:38:35 - [MESSAGE][PASSED] - Object: 'Object Repository/page_login/btn_masuk' is clicked on

2023-02-22 18:38:35 - [MESSAGE][PASSED] - Call Test Case 'Test Cases/Pages/page_login/click_masuk' successfully

2023-02-22 18:38:35 - [TEST_STEP][PASSED] - callTestCase(findTestCase("Pages/page_home/click_add_product_button"), [:], STOP_ON_FAILURE): Call Test Case 'Test Cases/Pages/page_home/click_add_product_button' successfully

2023-02-22 18:38:35 - [TEST_CASE][PASSED] - Test Cases/Pages/page_home/click_add_product_button: Test Cases/Pages/page_home/click_add_product_button

2023-02-22 18:38:35 - [TEST_STEP][PASSED] - verifyElementPresent(findTestObject("page_home/btn_jual_add_product"), 3): Object 'Object Repository/page_home/btn_jual_add_product' is present

2023-02-22 18:38:37 - [MESSAGE][PASSED] - Object 'Object Repository/page_home/btn_jual_add_product' is present

2023-02-22 18:38:37 - [TEST_STEP][PASSED] - click(findTestObject("page_home/btn_jual_add_product")): Object: 'Object Repository/page_home/btn_jual_add_product' is clicked on

2023-02-22 18:38:38 - [MESSAGE][PASSED] - Object: 'Object Repository/page_home/btn_jual_add_product' is clicked on

2023-02-22 18:38:38 - [MESSAGE][PASSED] - Call Test Case 'Test Cases/Pages/page_home/click_add_product_button' successfully

2023-02-22 18:38:38 - [TEST_STEP][PASSED] - callTestCase(findTestCase("Pages/page_productinfo/input_nama_produk_field"), ["product_name":product_name], STOP_ON_FAILURE): Call Test Case 'Test Cases/Pages/page_productinfo/input_nama_produk_field' successfully

2023-02-22 18:38:38 - [TEST_CASE][PASSED] - Test Cases/Pages/page_productinfo/input_nama_produk_field: Test Cases/Pages/page_productinfo/input_nama_produk_field

2023-02-22 18:38:38 - [TEST_STEP][PASSED] - clearText(findTestObject("page_productinfo/input_nama_produk"), STOP_ON_FAILURE): Text of object 'Object Repository/page_productinfo/input_nama_produk' is cleared

2023-02-22 18:38:38 - [MESSAGE][PASSED] - Text of object 'Object Repository/page_productinfo/input_nama_produk' is cleared

2023-02-22 18:38:39 - [TEST_STEP][PASSED] - sendKeys(findTestObject("page_productinfo/input_nama_produk"), product_name): Keys 'HomepageProduct' sent to object: 'Object Repository/page_productinfo/input_nama_produk'

2023-02-22 18:38:39 - [MESSAGE][PASSED] - Keys 'HomepageProduct' sent to object: 'Object Repository/page_productinfo/input_nama_produk'

2023-02-22 18:38:39 - [MESSAGE][PASSED] - Call Test Case 'Test Cases/Pages/page_productinfo/input_nama_produk_field' successfully

2023-02-22 18:38:39 - [TEST_STEP][PASSED] - callTestCase(findTestCase("Pages/page_productinfo/input_harga_produk_field"), ["product_price":product_price], STOP_ON_FAILURE): Call Test Case 'Test Cases/Pages/page_productinfo/input_harga_produk_field' successfully

2023-02-22 18:38:39 - [TEST_CASE][PASSED] - Test Cases/Pages/page_productinfo/input_harga_produk_field: Test Cases/Pages/page_productinfo/input_harga_produk_field

2023-02-22 18:38:39 - [TEST_STEP][PASSED] - clearText(findTestObject("page_productinfo/input_harga_produk"), STOP_ON_FAILURE): Text of object 'Object Repository/page_productinfo/input_harga_produk' is cleared

2023-02-22 18:38:40 - [MESSAGE][PASSED] - Text of object 'Object Repository/page_productinfo/input_harga_produk' is cleared

2023-02-22 18:38:40 - [TEST_STEP][PASSED] - sendKeys(findTestObject("page_productinfo/input_harga_produk"), product_price): Keys '141414' sent to object: 'Object Repository/page_productinfo/input_harga_produk'

2023-02-22 18:38:40 - [MESSAGE][PASSED] - Keys '141414' sent to object: 'Object Repository/page_productinfo/input_harga_produk'

2023-02-22 18:38:40 - [MESSAGE][PASSED] - Call Test Case 'Test Cases/Pages/page_productinfo/input_harga_produk_field' successfully

2023-02-22 18:38:40 - [TEST_STEP][PASSED] - callTestCase(findTestCase("Pages/page_productinfo/input_deskripsi_field"), ["product_description":product_description], STOP_ON_FAILURE): Call Test Case 'Test Cases/Pages/page_productinfo/input_deskripsi_field' successfully

2023-02-22 18:38:40 - [TEST_CASE][PASSED] - Test Cases/Pages/page_productinfo/input_deskripsi_field: Test Cases/Pages/page_productinfo/input_deskripsi_field

2023-02-22 18:38:40 - [TEST_STEP][PASSED] - clearText(findTestObject("page_productinfo/input_deskripsi"), STOP_ON_FAILURE): Text of object 'Object Repository/page_productinfo/input_deskripsi' is cleared

2023-02-22 18:38:41 - [MESSAGE][PASSED] - Text of object 'Object Repository/page_productinfo/input_deskripsi' is cleared

2023-02-22 18:38:41 - [TEST_STEP][PASSED] - sendKeys(findTestObject("page_productinfo/input_deskripsi"), product_description): Keys 'hanya untuk testing deskripsi saja' sent to object: 'Object Repository/page_productinfo/input_deskripsi'

2023-02-22 18:38:41 - [MESSAGE][PASSED] - Keys 'hanya untuk testing deskripsi saja' sent to object: 'Object Repository/page_productinfo/input_deskripsi'

2023-02-22 18:38:41 - [MESSAGE][PASSED] - Call Test Case 'Test Cases/Pages/page_productinfo/input_deskripsi_field' successfully

2023-02-22 18:38:41 - [TEST_STEP][PASSED] - callTestCase(findTestCase("Pages/page_productinfo/choose_kategori_field"), ["category":category], STOP_ON_FAILURE): Call Test Case 'Test Cases/Pages/page_productinfo/choose_kategori_field' successfully

2023-02-22 18:38:41 - [TEST_CASE][PASSED] - Test Cases/Pages/page_productinfo/choose_kategori_field: Test Cases/Pages/page_productinfo/choose_kategori_field

2023-02-22 18:38:41 - [TEST_STEP][PASSED] - click(findTestObject("page_productinfo/select_Kategori")): Object: 'Object Repository/page_productinfo/select_Kategori' is clicked on

2023-02-22 18:38:42 - [MESSAGE][PASSED] - Object: 'Object Repository/page_productinfo/select_Kategori' is clicked on

2023-02-22 18:38:42 - [TEST_STEP][PASSED] - selectOptionByLabel(findTestObject("page_productinfo/select_kategori"), category, false): All options with label 'Hoby' are selected in object 'Object Repository/page_productinfo/select_kategori' 

2023-02-22 18:38:42 - [MESSAGE][PASSED] - All options with label 'Hoby' are selected in object 'Object Repository/page_productinfo/select_kategori' 

2023-02-22 18:38:42 - [MESSAGE][PASSED] - Call Test Case 'Test Cases/Pages/page_productinfo/choose_kategori_field' successfully

2023-02-22 18:38:42 - [TEST_STEP][PASSED] - callTestCase(findTestCase("Pages/page_productinfo/click_terbitkan_button"), [:], STOP_ON_FAILURE): Call Test Case 'Test Cases/Pages/page_productinfo/click_terbitkan_button' successfully

2023-02-22 18:38:43 - [TEST_CASE][PASSED] - Test Cases/Pages/page_productinfo/click_terbitkan_button: Test Cases/Pages/page_productinfo/click_terbitkan_button

2023-02-22 18:38:43 - [TEST_STEP][PASSED] - click(findTestObject("page_productinfo/btn_terbitkan")): Object: 'Object Repository/page_productinfo/btn_terbitkan' is clicked on

2023-02-22 18:38:43 - [MESSAGE][PASSED] - Object: 'Object Repository/page_productinfo/btn_terbitkan' is clicked on

2023-02-22 18:38:43 - [MESSAGE][PASSED] - Call Test Case 'Test Cases/Pages/page_productinfo/click_terbitkan_button' successfully

2023-02-22 18:38:43 - [TEST_STEP][PASSED] - callTestCase(findTestCase("Pages/page_home/navigate_to_daftarjual_page"), [:], STOP_ON_FAILURE): Call Test Case 'Test Cases/Pages/page_home/navigate_to_daftarjual_page' successfully

2023-02-22 18:38:43 - [TEST_CASE][PASSED] - Test Cases/Pages/page_home/navigate_to_daftarjual_page: Test Cases/Pages/page_home/navigate_to_daftarjual_page

2023-02-22 18:38:43 - [TEST_STEP][PASSED] - delay(3): Delayed 3 second(s)

2023-02-22 18:38:46 - [MESSAGE][PASSED] - Delayed 3 second(s)

2023-02-22 18:38:46 - [TEST_STEP][PASSED] - verifyElementPresent(findTestObject("page_home/btn_daftar_jual_page"), 3): Object 'Object Repository/page_home/btn_daftar_jual_page' is present

2023-02-22 18:38:47 - [MESSAGE][PASSED] - Object 'Object Repository/page_home/btn_daftar_jual_page' is present

2023-02-22 18:38:47 - [TEST_STEP][PASSED] - click(findTestObject("page_home/btn_daftar_jual_page")): Object: 'Object Repository/page_home/btn_daftar_jual_page' is clicked on

2023-02-22 18:38:48 - [MESSAGE][PASSED] - Object: 'Object Repository/page_home/btn_daftar_jual_page' is clicked on

2023-02-22 18:38:48 - [MESSAGE][PASSED] - Call Test Case 'Test Cases/Pages/page_home/navigate_to_daftarjual_page' successfully

2023-02-22 18:38:48 - [TEST_STEP][PASSED] - callTestCase(findTestCase("Pages/page_daftarjual/verify_add_product_from_homepage_success"), [:], STOP_ON_FAILURE): Call Test Case 'Test Cases/Pages/page_daftarjual/verify_add_product_from_homepage_success' successfully

2023-02-22 18:38:48 - [TEST_CASE][PASSED] - Test Cases/Pages/page_daftarjual/verify_add_product_from_homepage_success: Test Cases/Pages/page_daftarjual/verify_add_product_from_homepage_success

2023-02-22 18:38:48 - [TEST_STEP][PASSED] - verifyElementPresent(findTestObject("page_daftarjual/div_homepage_product"), 2): Object 'Object Repository/page_daftarjual/div_homepage_product' is present

2023-02-22 18:38:50 - [MESSAGE][PASSED] - Object 'Object Repository/page_daftarjual/div_homepage_product' is present

2023-02-22 18:38:50 - [TEST_STEP][PASSED] - verifyTextPresent("HomepageProduct", false): Text 'HomepageProduct' is present on page 

2023-02-22 18:38:50 - [MESSAGE][PASSED] - Text 'HomepageProduct' is present on page 

2023-02-22 18:38:50 - [TEST_STEP][PASSED] - verifyTextPresent("141.414,00", false): Text '141.414,00' is present on page 

2023-02-22 18:38:51 - [MESSAGE][PASSED] - Text '141.414,00' is present on page 

2023-02-22 18:38:51 - [MESSAGE][PASSED] - Call Test Case 'Test Cases/Pages/page_daftarjual/verify_add_product_from_homepage_success' successfully]]></system-out>
         <system-err><![CDATA[]]></system-err>
      </testcase>
      <testcase name="Test Cases/Step Definition/feature_add_product/ADP002 - Add product from daftarjual page" time="15.362" classname="Test Cases/Step Definition/feature_add_product/ADP002 - Add product from daftarjual page" status="PASSED">
         <system-out><![CDATA[2023-02-22 18:38:51 - [TEST_CASE][PASSED] - Test Cases/Step Definition/feature_add_product/ADP002 - Add product from daftarjual page: Test Cases/Step Definition/feature_add_product/ADP002 - Add product from daftarjual page

2023-02-22 18:38:51 - [TEST_STEP][PASSED] - callTestCase(findTestCase("Pages/page_home/navigate_to_daftarjual_page"), [:], STOP_ON_FAILURE): Call Test Case 'Test Cases/Pages/page_home/navigate_to_daftarjual_page' successfully

2023-02-22 18:38:51 - [TEST_CASE][PASSED] - Test Cases/Pages/page_home/navigate_to_daftarjual_page: Test Cases/Pages/page_home/navigate_to_daftarjual_page

2023-02-22 18:38:51 - [TEST_STEP][PASSED] - delay(3): Delayed 3 second(s)

2023-02-22 18:38:54 - [MESSAGE][PASSED] - Delayed 3 second(s)

2023-02-22 18:38:54 - [TEST_STEP][PASSED] - verifyElementPresent(findTestObject("page_home/btn_daftar_jual_page"), 3): Object 'Object Repository/page_home/btn_daftar_jual_page' is present

2023-02-22 18:38:54 - [MESSAGE][PASSED] - Object 'Object Repository/page_home/btn_daftar_jual_page' is present

2023-02-22 18:38:54 - [TEST_STEP][PASSED] - click(findTestObject("page_home/btn_daftar_jual_page")): Object: 'Object Repository/page_home/btn_daftar_jual_page' is clicked on

2023-02-22 18:38:55 - [MESSAGE][PASSED] - Object: 'Object Repository/page_home/btn_daftar_jual_page' is clicked on

2023-02-22 18:38:55 - [MESSAGE][PASSED] - Call Test Case 'Test Cases/Pages/page_home/navigate_to_daftarjual_page' successfully

2023-02-22 18:38:55 - [TEST_STEP][PASSED] - callTestCase(findTestCase("Pages/page_daftarjual/click_tambah_produk_button"), [:], STOP_ON_FAILURE): Call Test Case 'Test Cases/Pages/page_daftarjual/click_tambah_produk_button' successfully

2023-02-22 18:38:55 - [TEST_CASE][PASSED] - Test Cases/Pages/page_daftarjual/click_tambah_produk_button: Test Cases/Pages/page_daftarjual/click_tambah_produk_button

2023-02-22 18:38:55 - [TEST_STEP][PASSED] - verifyElementPresent(findTestObject("page_daftarjual/btn_tambah_produk"), 3): Object 'Object Repository/page_daftarjual/btn_tambah_produk' is present

2023-02-22 18:38:55 - [MESSAGE][PASSED] - Object 'Object Repository/page_daftarjual/btn_tambah_produk' is present

2023-02-22 18:38:55 - [TEST_STEP][PASSED] - click(findTestObject("page_daftarjual/btn_tambah_produk")): Object: 'Object Repository/page_daftarjual/btn_tambah_produk' is clicked on

2023-02-22 18:38:56 - [MESSAGE][PASSED] - Object: 'Object Repository/page_daftarjual/btn_tambah_produk' is clicked on

2023-02-22 18:38:56 - [MESSAGE][PASSED] - Call Test Case 'Test Cases/Pages/page_daftarjual/click_tambah_produk_button' successfully

2023-02-22 18:38:56 - [TEST_STEP][PASSED] - callTestCase(findTestCase("Pages/page_productinfo/input_nama_produk_field"), ["product_name":product_name], STOP_ON_FAILURE): Call Test Case 'Test Cases/Pages/page_productinfo/input_nama_produk_field' successfully

2023-02-22 18:38:56 - [TEST_CASE][PASSED] - Test Cases/Pages/page_productinfo/input_nama_produk_field: Test Cases/Pages/page_productinfo/input_nama_produk_field

2023-02-22 18:38:56 - [TEST_STEP][PASSED] - clearText(findTestObject("page_productinfo/input_nama_produk"), STOP_ON_FAILURE): Text of object 'Object Repository/page_productinfo/input_nama_produk' is cleared

2023-02-22 18:38:57 - [MESSAGE][PASSED] - Text of object 'Object Repository/page_productinfo/input_nama_produk' is cleared

2023-02-22 18:38:57 - [TEST_STEP][PASSED] - sendKeys(findTestObject("page_productinfo/input_nama_produk"), product_name): Keys 'NewProduct' sent to object: 'Object Repository/page_productinfo/input_nama_produk'

2023-02-22 18:38:58 - [MESSAGE][PASSED] - Keys 'NewProduct' sent to object: 'Object Repository/page_productinfo/input_nama_produk'

2023-02-22 18:38:58 - [MESSAGE][PASSED] - Call Test Case 'Test Cases/Pages/page_productinfo/input_nama_produk_field' successfully

2023-02-22 18:38:58 - [TEST_STEP][PASSED] - callTestCase(findTestCase("Pages/page_productinfo/input_harga_produk_field"), ["product_price":product_price], STOP_ON_FAILURE): Call Test Case 'Test Cases/Pages/page_productinfo/input_harga_produk_field' successfully

2023-02-22 18:38:58 - [TEST_CASE][PASSED] - Test Cases/Pages/page_productinfo/input_harga_produk_field: Test Cases/Pages/page_productinfo/input_harga_produk_field

2023-02-22 18:38:58 - [TEST_STEP][PASSED] - clearText(findTestObject("page_productinfo/input_harga_produk"), STOP_ON_FAILURE): Text of object 'Object Repository/page_productinfo/input_harga_produk' is cleared

2023-02-22 18:38:58 - [MESSAGE][PASSED] - Text of object 'Object Repository/page_productinfo/input_harga_produk' is cleared

2023-02-22 18:38:58 - [TEST_STEP][PASSED] - sendKeys(findTestObject("page_productinfo/input_harga_produk"), product_price): Keys '115300000' sent to object: 'Object Repository/page_productinfo/input_harga_produk'

2023-02-22 18:38:58 - [MESSAGE][PASSED] - Keys '115300000' sent to object: 'Object Repository/page_productinfo/input_harga_produk'

2023-02-22 18:38:58 - [MESSAGE][PASSED] - Call Test Case 'Test Cases/Pages/page_productinfo/input_harga_produk_field' successfully

2023-02-22 18:38:58 - [TEST_STEP][PASSED] - callTestCase(findTestCase("Pages/page_productinfo/input_deskripsi_field"), ["product_description":product_description], STOP_ON_FAILURE): Call Test Case 'Test Cases/Pages/page_productinfo/input_deskripsi_field' successfully

2023-02-22 18:38:58 - [TEST_CASE][PASSED] - Test Cases/Pages/page_productinfo/input_deskripsi_field: Test Cases/Pages/page_productinfo/input_deskripsi_field

2023-02-22 18:38:58 - [TEST_STEP][PASSED] - clearText(findTestObject("page_productinfo/input_deskripsi"), STOP_ON_FAILURE): Text of object 'Object Repository/page_productinfo/input_deskripsi' is cleared

2023-02-22 18:38:59 - [MESSAGE][PASSED] - Text of object 'Object Repository/page_productinfo/input_deskripsi' is cleared

2023-02-22 18:38:59 - [TEST_STEP][PASSED] - sendKeys(findTestObject("page_productinfo/input_deskripsi"), product_description): Keys 'hanya untuk testing deskripsi saja' sent to object: 'Object Repository/page_productinfo/input_deskripsi'

2023-02-22 18:38:59 - [MESSAGE][PASSED] - Keys 'hanya untuk testing deskripsi saja' sent to object: 'Object Repository/page_productinfo/input_deskripsi'

2023-02-22 18:38:59 - [MESSAGE][PASSED] - Call Test Case 'Test Cases/Pages/page_productinfo/input_deskripsi_field' successfully

2023-02-22 18:38:59 - [TEST_STEP][PASSED] - callTestCase(findTestCase("Pages/page_productinfo/choose_kategori_field"), ["category":category], STOP_ON_FAILURE): Call Test Case 'Test Cases/Pages/page_productinfo/choose_kategori_field' successfully

2023-02-22 18:38:59 - [TEST_CASE][PASSED] - Test Cases/Pages/page_productinfo/choose_kategori_field: Test Cases/Pages/page_productinfo/choose_kategori_field

2023-02-22 18:38:59 - [TEST_STEP][PASSED] - click(findTestObject("page_productinfo/select_Kategori")): Object: 'Object Repository/page_productinfo/select_Kategori' is clicked on

2023-02-22 18:39:00 - [MESSAGE][PASSED] - Object: 'Object Repository/page_productinfo/select_Kategori' is clicked on

2023-02-22 18:39:00 - [TEST_STEP][PASSED] - selectOptionByLabel(findTestObject("page_productinfo/select_kategori"), category, false): All options with label 'Baju' are selected in object 'Object Repository/page_productinfo/select_kategori' 

2023-02-22 18:39:00 - [MESSAGE][PASSED] - All options with label 'Baju' are selected in object 'Object Repository/page_productinfo/select_kategori' 

2023-02-22 18:39:00 - [MESSAGE][PASSED] - Call Test Case 'Test Cases/Pages/page_productinfo/choose_kategori_field' successfully

2023-02-22 18:39:00 - [TEST_STEP][PASSED] - callTestCase(findTestCase("Pages/page_productinfo/click_terbitkan_button"), [:], STOP_ON_FAILURE): Call Test Case 'Test Cases/Pages/page_productinfo/click_terbitkan_button' successfully

2023-02-22 18:39:00 - [TEST_CASE][PASSED] - Test Cases/Pages/page_productinfo/click_terbitkan_button: Test Cases/Pages/page_productinfo/click_terbitkan_button

2023-02-22 18:39:00 - [TEST_STEP][PASSED] - click(findTestObject("page_productinfo/btn_terbitkan")): Object: 'Object Repository/page_productinfo/btn_terbitkan' is clicked on

2023-02-22 18:39:01 - [MESSAGE][PASSED] - Object: 'Object Repository/page_productinfo/btn_terbitkan' is clicked on

2023-02-22 18:39:01 - [MESSAGE][PASSED] - Call Test Case 'Test Cases/Pages/page_productinfo/click_terbitkan_button' successfully

2023-02-22 18:39:01 - [TEST_STEP][PASSED] - callTestCase(findTestCase("Pages/page_home/navigate_to_daftarjual_page"), [:], STOP_ON_FAILURE): Call Test Case 'Test Cases/Pages/page_home/navigate_to_daftarjual_page' successfully

2023-02-22 18:39:01 - [TEST_CASE][PASSED] - Test Cases/Pages/page_home/navigate_to_daftarjual_page: Test Cases/Pages/page_home/navigate_to_daftarjual_page

2023-02-22 18:39:01 - [TEST_STEP][PASSED] - delay(3): Delayed 3 second(s)

2023-02-22 18:39:04 - [MESSAGE][PASSED] - Delayed 3 second(s)

2023-02-22 18:39:04 - [TEST_STEP][PASSED] - verifyElementPresent(findTestObject("page_home/btn_daftar_jual_page"), 3): Object 'Object Repository/page_home/btn_daftar_jual_page' is present

2023-02-22 18:39:04 - [MESSAGE][PASSED] - Object 'Object Repository/page_home/btn_daftar_jual_page' is present

2023-02-22 18:39:04 - [TEST_STEP][PASSED] - click(findTestObject("page_home/btn_daftar_jual_page")): Object: 'Object Repository/page_home/btn_daftar_jual_page' is clicked on

2023-02-22 18:39:05 - [MESSAGE][PASSED] - Object: 'Object Repository/page_home/btn_daftar_jual_page' is clicked on

2023-02-22 18:39:05 - [MESSAGE][PASSED] - Call Test Case 'Test Cases/Pages/page_home/navigate_to_daftarjual_page' successfully

2023-02-22 18:39:05 - [TEST_STEP][PASSED] - callTestCase(findTestCase("Pages/page_daftarjual/verify_add_product_success"), [:], STOP_ON_FAILURE): Call Test Case 'Test Cases/Pages/page_daftarjual/verify_add_product_success' successfully

2023-02-22 18:39:05 - [TEST_CASE][PASSED] - Test Cases/Pages/page_daftarjual/verify_add_product_success: Test Cases/Pages/page_daftarjual/verify_add_product_success

2023-02-22 18:39:05 - [TEST_STEP][PASSED] - verifyElementPresent(findTestObject("page_daftarjual/div_edit_produk"), 2): Object 'Object Repository/page_daftarjual/div_edit_produk' is present

2023-02-22 18:39:05 - [MESSAGE][PASSED] - Object 'Object Repository/page_daftarjual/div_edit_produk' is present

2023-02-22 18:39:05 - [TEST_STEP][PASSED] - verifyTextPresent("NewProduct", false): Text 'NewProduct' is present on page 

2023-02-22 18:39:06 - [MESSAGE][PASSED] - Text 'NewProduct' is present on page 

2023-02-22 18:39:06 - [TEST_STEP][PASSED] - verifyTextPresent("115.300.000,00", false): Text '115.300.000,00' is present on page 

2023-02-22 18:39:06 - [MESSAGE][PASSED] - Text '115.300.000,00' is present on page 

2023-02-22 18:39:06 - [MESSAGE][PASSED] - Call Test Case 'Test Cases/Pages/page_daftarjual/verify_add_product_success' successfully]]></system-out>
         <system-err><![CDATA[]]></system-err>
      </testcase>
      <testcase name="Test Cases/Step Definition/feature_add_product/ADP003 - Cancel add product" time="8.108" classname="Test Cases/Step Definition/feature_add_product/ADP003 - Cancel add product" status="PASSED">
         <system-out><![CDATA[2023-02-22 18:39:06 - [TEST_CASE][PASSED] - Test Cases/Step Definition/feature_add_product/ADP003 - Cancel add product: Test Cases/Step Definition/feature_add_product/ADP003 - Cancel add product

2023-02-22 18:39:06 - [TEST_STEP][PASSED] - callTestCase(findTestCase("Pages/page_daftarjual/click_tambah_produk_button"), [:], STOP_ON_FAILURE): Call Test Case 'Test Cases/Pages/page_daftarjual/click_tambah_produk_button' successfully

2023-02-22 18:39:06 - [TEST_CASE][PASSED] - Test Cases/Pages/page_daftarjual/click_tambah_produk_button: Test Cases/Pages/page_daftarjual/click_tambah_produk_button

2023-02-22 18:39:06 - [TEST_STEP][PASSED] - verifyElementPresent(findTestObject("page_daftarjual/btn_tambah_produk"), 3): Object 'Object Repository/page_daftarjual/btn_tambah_produk' is present

2023-02-22 18:39:07 - [MESSAGE][PASSED] - Object 'Object Repository/page_daftarjual/btn_tambah_produk' is present

2023-02-22 18:39:07 - [TEST_STEP][PASSED] - click(findTestObject("page_daftarjual/btn_tambah_produk")): Object: 'Object Repository/page_daftarjual/btn_tambah_produk' is clicked on

2023-02-22 18:39:07 - [MESSAGE][PASSED] - Object: 'Object Repository/page_daftarjual/btn_tambah_produk' is clicked on

2023-02-22 18:39:07 - [MESSAGE][PASSED] - Call Test Case 'Test Cases/Pages/page_daftarjual/click_tambah_produk_button' successfully

2023-02-22 18:39:07 - [TEST_STEP][PASSED] - callTestCase(findTestCase("Pages/page_productinfo/cancel_add_product"), [:], STOP_ON_FAILURE): Call Test Case 'Test Cases/Pages/page_productinfo/cancel_add_product' successfully

2023-02-22 18:39:07 - [TEST_CASE][PASSED] - Test Cases/Pages/page_productinfo/cancel_add_product: Test Cases/Pages/page_productinfo/cancel_add_product

2023-02-22 18:39:07 - [TEST_STEP][PASSED] - click(findTestObject("page_productinfo/btn_back_cancel")): Object: 'Object Repository/page_productinfo/btn_back_cancel' is clicked on

2023-02-22 18:39:08 - [MESSAGE][PASSED] - Object: 'Object Repository/page_productinfo/btn_back_cancel' is clicked on

2023-02-22 18:39:08 - [TEST_STEP][PASSED] - verifyElementVisible(findTestObject("page_daftarjual/h4_title_page"), STOP_ON_FAILURE): Object 'Object Repository/page_daftarjual/h4_title_page' is visible

2023-02-22 18:39:13 - [MESSAGE][PASSED] - Object 'Object Repository/page_daftarjual/h4_title_page' is visible

2023-02-22 18:39:13 - [TEST_STEP][PASSED] - verifyElementVisible(findTestObject("page_daftarjual/i_semua_product"), STOP_ON_FAILURE): Object 'Object Repository/page_daftarjual/i_semua_product' is visible

2023-02-22 18:39:13 - [MESSAGE][PASSED] - Object 'Object Repository/page_daftarjual/i_semua_product' is visible

2023-02-22 18:39:13 - [MESSAGE][PASSED] - Call Test Case 'Test Cases/Pages/page_productinfo/cancel_add_product' successfully

2023-02-22 18:39:13 - [TEST_STEP][PASSED] - callTestCase(findTestCase("Pages/page_daftarjual/verify_cancel_add_product"), [:], STOP_ON_FAILURE): Call Test Case 'Test Cases/Pages/page_daftarjual/verify_cancel_add_product' successfully

2023-02-22 18:39:13 - [TEST_CASE][PASSED] - Test Cases/Pages/page_daftarjual/verify_cancel_add_product: Test Cases/Pages/page_daftarjual/verify_cancel_add_product

2023-02-22 18:39:13 - [TEST_STEP][PASSED] - verifyElementVisible(findTestObject("page_daftarjual/h4_title_page")): Object 'Object Repository/page_daftarjual/h4_title_page' is visible

2023-02-22 18:39:14 - [MESSAGE][PASSED] - Object 'Object Repository/page_daftarjual/h4_title_page' is visible

2023-02-22 18:39:14 - [TEST_STEP][PASSED] - verifyElementVisible(findTestObject("page_daftarjual/i_semua_product")): Object 'Object Repository/page_daftarjual/i_semua_product' is visible

2023-02-22 18:39:14 - [MESSAGE][PASSED] - Object 'Object Repository/page_daftarjual/i_semua_product' is visible

2023-02-22 18:39:14 - [MESSAGE][PASSED] - Call Test Case 'Test Cases/Pages/page_daftarjual/verify_cancel_add_product' successfully]]></system-out>
         <system-err><![CDATA[]]></system-err>
      </testcase>
      <testcase name="Test Cases/Step Definition/feature_add_product/ADP004 - Add Product more than limit" time="32.363" classname="Test Cases/Step Definition/feature_add_product/ADP004 - Add Product more than limit" status="PASSED">
         <system-out><![CDATA[2023-02-22 18:39:14 - [TEST_CASE][PASSED] - Test Cases/Step Definition/feature_add_product/ADP004 - Add Product more than limit: Test Cases/Step Definition/feature_add_product/ADP004 - Add Product more than limit

2023-02-22 18:39:14 - [TEST_STEP][PASSED] - callTestCase(findTestCase("Pages/page_home/navigate_to_daftarjual_page"), [:], STOP_ON_FAILURE): Call Test Case 'Test Cases/Pages/page_home/navigate_to_daftarjual_page' successfully

2023-02-22 18:39:14 - [TEST_CASE][PASSED] - Test Cases/Pages/page_home/navigate_to_daftarjual_page: Test Cases/Pages/page_home/navigate_to_daftarjual_page

2023-02-22 18:39:14 - [TEST_STEP][PASSED] - delay(3): Delayed 3 second(s)

2023-02-22 18:39:17 - [MESSAGE][PASSED] - Delayed 3 second(s)

2023-02-22 18:39:17 - [TEST_STEP][PASSED] - verifyElementPresent(findTestObject("page_home/btn_daftar_jual_page"), 3): Object 'Object Repository/page_home/btn_daftar_jual_page' is present

2023-02-22 18:39:18 - [MESSAGE][PASSED] - Object 'Object Repository/page_home/btn_daftar_jual_page' is present

2023-02-22 18:39:18 - [TEST_STEP][PASSED] - click(findTestObject("page_home/btn_daftar_jual_page")): Object: 'Object Repository/page_home/btn_daftar_jual_page' is clicked on

2023-02-22 18:39:18 - [MESSAGE][PASSED] - Object: 'Object Repository/page_home/btn_daftar_jual_page' is clicked on

2023-02-22 18:39:18 - [MESSAGE][PASSED] - Call Test Case 'Test Cases/Pages/page_home/navigate_to_daftarjual_page' successfully

2023-02-22 18:39:18 - [TEST_STEP][PASSED] - callTestCase(findTestCase("Pages/page_daftarjual/click_tambah_produk_button"), [:], STOP_ON_FAILURE): Call Test Case 'Test Cases/Pages/page_daftarjual/click_tambah_produk_button' successfully

2023-02-22 18:39:18 - [TEST_CASE][PASSED] - Test Cases/Pages/page_daftarjual/click_tambah_produk_button: Test Cases/Pages/page_daftarjual/click_tambah_produk_button

2023-02-22 18:39:18 - [TEST_STEP][PASSED] - verifyElementPresent(findTestObject("page_daftarjual/btn_tambah_produk"), 3): Object 'Object Repository/page_daftarjual/btn_tambah_produk' is present

2023-02-22 18:39:18 - [MESSAGE][PASSED] - Object 'Object Repository/page_daftarjual/btn_tambah_produk' is present

2023-02-22 18:39:18 - [TEST_STEP][PASSED] - click(findTestObject("page_daftarjual/btn_tambah_produk")): Object: 'Object Repository/page_daftarjual/btn_tambah_produk' is clicked on

2023-02-22 18:39:19 - [MESSAGE][PASSED] - Object: 'Object Repository/page_daftarjual/btn_tambah_produk' is clicked on

2023-02-22 18:39:19 - [MESSAGE][PASSED] - Call Test Case 'Test Cases/Pages/page_daftarjual/click_tambah_produk_button' successfully

2023-02-22 18:39:19 - [TEST_STEP][PASSED] - callTestCase(findTestCase("Pages/page_productinfo/input_nama_produk_field"), ["product_name":product_name], STOP_ON_FAILURE): Call Test Case 'Test Cases/Pages/page_productinfo/input_nama_produk_field' successfully

2023-02-22 18:39:19 - [TEST_CASE][PASSED] - Test Cases/Pages/page_productinfo/input_nama_produk_field: Test Cases/Pages/page_productinfo/input_nama_produk_field

2023-02-22 18:39:19 - [TEST_STEP][PASSED] - clearText(findTestObject("page_productinfo/input_nama_produk"), STOP_ON_FAILURE): Text of object 'Object Repository/page_productinfo/input_nama_produk' is cleared

2023-02-22 18:39:21 - [MESSAGE][PASSED] - Text of object 'Object Repository/page_productinfo/input_nama_produk' is cleared

2023-02-22 18:39:21 - [TEST_STEP][PASSED] - sendKeys(findTestObject("page_productinfo/input_nama_produk"), product_name): Keys 'NewProduct' sent to object: 'Object Repository/page_productinfo/input_nama_produk'

2023-02-22 18:39:21 - [MESSAGE][PASSED] - Keys 'NewProduct' sent to object: 'Object Repository/page_productinfo/input_nama_produk'

2023-02-22 18:39:21 - [MESSAGE][PASSED] - Call Test Case 'Test Cases/Pages/page_productinfo/input_nama_produk_field' successfully

2023-02-22 18:39:21 - [TEST_STEP][PASSED] - callTestCase(findTestCase("Pages/page_productinfo/input_harga_produk_field"), ["product_price":product_price], STOP_ON_FAILURE): Call Test Case 'Test Cases/Pages/page_productinfo/input_harga_produk_field' successfully

2023-02-22 18:39:21 - [TEST_CASE][PASSED] - Test Cases/Pages/page_productinfo/input_harga_produk_field: Test Cases/Pages/page_productinfo/input_harga_produk_field

2023-02-22 18:39:21 - [TEST_STEP][PASSED] - clearText(findTestObject("page_productinfo/input_harga_produk"), STOP_ON_FAILURE): Text of object 'Object Repository/page_productinfo/input_harga_produk' is cleared

2023-02-22 18:39:22 - [MESSAGE][PASSED] - Text of object 'Object Repository/page_productinfo/input_harga_produk' is cleared

2023-02-22 18:39:22 - [TEST_STEP][PASSED] - sendKeys(findTestObject("page_productinfo/input_harga_produk"), product_price): Keys '115300000' sent to object: 'Object Repository/page_productinfo/input_harga_produk'

2023-02-22 18:39:22 - [MESSAGE][PASSED] - Keys '115300000' sent to object: 'Object Repository/page_productinfo/input_harga_produk'

2023-02-22 18:39:22 - [MESSAGE][PASSED] - Call Test Case 'Test Cases/Pages/page_productinfo/input_harga_produk_field' successfully

2023-02-22 18:39:22 - [TEST_STEP][PASSED] - callTestCase(findTestCase("Pages/page_productinfo/input_deskripsi_field"), ["product_description":product_description], STOP_ON_FAILURE): Call Test Case 'Test Cases/Pages/page_productinfo/input_deskripsi_field' successfully

2023-02-22 18:39:22 - [TEST_CASE][PASSED] - Test Cases/Pages/page_productinfo/input_deskripsi_field: Test Cases/Pages/page_productinfo/input_deskripsi_field

2023-02-22 18:39:22 - [TEST_STEP][PASSED] - clearText(findTestObject("page_productinfo/input_deskripsi"), STOP_ON_FAILURE): Text of object 'Object Repository/page_productinfo/input_deskripsi' is cleared

2023-02-22 18:39:22 - [MESSAGE][PASSED] - Text of object 'Object Repository/page_productinfo/input_deskripsi' is cleared

2023-02-22 18:39:22 - [TEST_STEP][PASSED] - sendKeys(findTestObject("page_productinfo/input_deskripsi"), product_description): Keys 'hanya untuk testing deskripsi saja' sent to object: 'Object Repository/page_productinfo/input_deskripsi'

2023-02-22 18:39:23 - [MESSAGE][PASSED] - Keys 'hanya untuk testing deskripsi saja' sent to object: 'Object Repository/page_productinfo/input_deskripsi'

2023-02-22 18:39:23 - [MESSAGE][PASSED] - Call Test Case 'Test Cases/Pages/page_productinfo/input_deskripsi_field' successfully

2023-02-22 18:39:23 - [TEST_STEP][PASSED] - callTestCase(findTestCase("Pages/page_productinfo/choose_kategori_field"), ["category":category], STOP_ON_FAILURE): Call Test Case 'Test Cases/Pages/page_productinfo/choose_kategori_field' successfully

2023-02-22 18:39:23 - [TEST_CASE][PASSED] - Test Cases/Pages/page_productinfo/choose_kategori_field: Test Cases/Pages/page_productinfo/choose_kategori_field

2023-02-22 18:39:23 - [TEST_STEP][PASSED] - click(findTestObject("page_productinfo/select_Kategori")): Object: 'Object Repository/page_productinfo/select_Kategori' is clicked on

2023-02-22 18:39:23 - [MESSAGE][PASSED] - Object: 'Object Repository/page_productinfo/select_Kategori' is clicked on

2023-02-22 18:39:23 - [TEST_STEP][PASSED] - selectOptionByLabel(findTestObject("page_productinfo/select_kategori"), category, false): All options with label 'Baju' are selected in object 'Object Repository/page_productinfo/select_kategori' 

2023-02-22 18:39:24 - [MESSAGE][PASSED] - All options with label 'Baju' are selected in object 'Object Repository/page_productinfo/select_kategori' 

2023-02-22 18:39:24 - [MESSAGE][PASSED] - Call Test Case 'Test Cases/Pages/page_productinfo/choose_kategori_field' successfully

2023-02-22 18:39:24 - [TEST_STEP][PASSED] - callTestCase(findTestCase("Pages/page_productinfo/click_terbitkan_button"), [:], STOP_ON_FAILURE): Call Test Case 'Test Cases/Pages/page_productinfo/click_terbitkan_button' successfully

2023-02-22 18:39:24 - [TEST_CASE][PASSED] - Test Cases/Pages/page_productinfo/click_terbitkan_button: Test Cases/Pages/page_productinfo/click_terbitkan_button

2023-02-22 18:39:24 - [TEST_STEP][PASSED] - click(findTestObject("page_productinfo/btn_terbitkan")): Object: 'Object Repository/page_productinfo/btn_terbitkan' is clicked on

2023-02-22 18:39:24 - [MESSAGE][PASSED] - Object: 'Object Repository/page_productinfo/btn_terbitkan' is clicked on

2023-02-22 18:39:24 - [MESSAGE][PASSED] - Call Test Case 'Test Cases/Pages/page_productinfo/click_terbitkan_button' successfully

2023-02-22 18:39:24 - [TEST_STEP][PASSED] - delay(3): Delayed 3 second(s)

2023-02-22 18:39:27 - [MESSAGE][PASSED] - Delayed 3 second(s)

2023-02-22 18:39:27 - [TEST_STEP][PASSED] - callTestCase(findTestCase("Pages/page_daftarjual/click_tambah_produk_button"), [:], STOP_ON_FAILURE): Call Test Case 'Test Cases/Pages/page_daftarjual/click_tambah_produk_button' successfully

2023-02-22 18:39:27 - [TEST_CASE][PASSED] - Test Cases/Pages/page_daftarjual/click_tambah_produk_button: Test Cases/Pages/page_daftarjual/click_tambah_produk_button

2023-02-22 18:39:27 - [TEST_STEP][PASSED] - verifyElementPresent(findTestObject("page_daftarjual/btn_tambah_produk"), 3): Object 'Object Repository/page_daftarjual/btn_tambah_produk' is present

2023-02-22 18:39:28 - [MESSAGE][PASSED] - Object 'Object Repository/page_daftarjual/btn_tambah_produk' is present

2023-02-22 18:39:28 - [TEST_STEP][PASSED] - click(findTestObject("page_daftarjual/btn_tambah_produk")): Object: 'Object Repository/page_daftarjual/btn_tambah_produk' is clicked on

2023-02-22 18:39:29 - [MESSAGE][PASSED] - Object: 'Object Repository/page_daftarjual/btn_tambah_produk' is clicked on

2023-02-22 18:39:29 - [MESSAGE][PASSED] - Call Test Case 'Test Cases/Pages/page_daftarjual/click_tambah_produk_button' successfully

2023-02-22 18:39:29 - [TEST_STEP][PASSED] - callTestCase(findTestCase("Pages/page_productinfo/input_nama_produk_field"), ["product_name":product_name], STOP_ON_FAILURE): Call Test Case 'Test Cases/Pages/page_productinfo/input_nama_produk_field' successfully

2023-02-22 18:39:29 - [TEST_CASE][PASSED] - Test Cases/Pages/page_productinfo/input_nama_produk_field: Test Cases/Pages/page_productinfo/input_nama_produk_field

2023-02-22 18:39:29 - [TEST_STEP][PASSED] - clearText(findTestObject("page_productinfo/input_nama_produk"), STOP_ON_FAILURE): Text of object 'Object Repository/page_productinfo/input_nama_produk' is cleared

2023-02-22 18:39:30 - [MESSAGE][PASSED] - Text of object 'Object Repository/page_productinfo/input_nama_produk' is cleared

2023-02-22 18:39:30 - [TEST_STEP][PASSED] - sendKeys(findTestObject("page_productinfo/input_nama_produk"), product_name): Keys 'NewProduct' sent to object: 'Object Repository/page_productinfo/input_nama_produk'

2023-02-22 18:39:30 - [MESSAGE][PASSED] - Keys 'NewProduct' sent to object: 'Object Repository/page_productinfo/input_nama_produk'

2023-02-22 18:39:30 - [MESSAGE][PASSED] - Call Test Case 'Test Cases/Pages/page_productinfo/input_nama_produk_field' successfully

2023-02-22 18:39:30 - [TEST_STEP][PASSED] - callTestCase(findTestCase("Pages/page_productinfo/input_harga_produk_field"), ["product_price":product_price], STOP_ON_FAILURE): Call Test Case 'Test Cases/Pages/page_productinfo/input_harga_produk_field' successfully

2023-02-22 18:39:30 - [TEST_CASE][PASSED] - Test Cases/Pages/page_productinfo/input_harga_produk_field: Test Cases/Pages/page_productinfo/input_harga_produk_field

2023-02-22 18:39:30 - [TEST_STEP][PASSED] - clearText(findTestObject("page_productinfo/input_harga_produk"), STOP_ON_FAILURE): Text of object 'Object Repository/page_productinfo/input_harga_produk' is cleared

2023-02-22 18:39:31 - [MESSAGE][PASSED] - Text of object 'Object Repository/page_productinfo/input_harga_produk' is cleared

2023-02-22 18:39:31 - [TEST_STEP][PASSED] - sendKeys(findTestObject("page_productinfo/input_harga_produk"), product_price): Keys '115300000' sent to object: 'Object Repository/page_productinfo/input_harga_produk'

2023-02-22 18:39:31 - [MESSAGE][PASSED] - Keys '115300000' sent to object: 'Object Repository/page_productinfo/input_harga_produk'

2023-02-22 18:39:31 - [MESSAGE][PASSED] - Call Test Case 'Test Cases/Pages/page_productinfo/input_harga_produk_field' successfully

2023-02-22 18:39:31 - [TEST_STEP][PASSED] - callTestCase(findTestCase("Pages/page_productinfo/input_deskripsi_field"), ["product_description":product_description], STOP_ON_FAILURE): Call Test Case 'Test Cases/Pages/page_productinfo/input_deskripsi_field' successfully

2023-02-22 18:39:31 - [TEST_CASE][PASSED] - Test Cases/Pages/page_productinfo/input_deskripsi_field: Test Cases/Pages/page_productinfo/input_deskripsi_field

2023-02-22 18:39:31 - [TEST_STEP][PASSED] - clearText(findTestObject("page_productinfo/input_deskripsi"), STOP_ON_FAILURE): Text of object 'Object Repository/page_productinfo/input_deskripsi' is cleared

2023-02-22 18:39:31 - [MESSAGE][PASSED] - Text of object 'Object Repository/page_productinfo/input_deskripsi' is cleared

2023-02-22 18:39:31 - [TEST_STEP][PASSED] - sendKeys(findTestObject("page_productinfo/input_deskripsi"), product_description): Keys 'hanya untuk testing deskripsi saja' sent to object: 'Object Repository/page_productinfo/input_deskripsi'

2023-02-22 18:39:32 - [MESSAGE][PASSED] - Keys 'hanya untuk testing deskripsi saja' sent to object: 'Object Repository/page_productinfo/input_deskripsi'

2023-02-22 18:39:32 - [MESSAGE][PASSED] - Call Test Case 'Test Cases/Pages/page_productinfo/input_deskripsi_field' successfully

2023-02-22 18:39:32 - [TEST_STEP][PASSED] - callTestCase(findTestCase("Pages/page_productinfo/choose_kategori_field"), ["category":category], STOP_ON_FAILURE): Call Test Case 'Test Cases/Pages/page_productinfo/choose_kategori_field' successfully

2023-02-22 18:39:32 - [TEST_CASE][PASSED] - Test Cases/Pages/page_productinfo/choose_kategori_field: Test Cases/Pages/page_productinfo/choose_kategori_field

2023-02-22 18:39:32 - [TEST_STEP][PASSED] - click(findTestObject("page_productinfo/select_Kategori")): Object: 'Object Repository/page_productinfo/select_Kategori' is clicked on

2023-02-22 18:39:32 - [MESSAGE][PASSED] - Object: 'Object Repository/page_productinfo/select_Kategori' is clicked on

2023-02-22 18:39:32 - [TEST_STEP][PASSED] - selectOptionByLabel(findTestObject("page_productinfo/select_kategori"), category, false): All options with label 'Baju' are selected in object 'Object Repository/page_productinfo/select_kategori' 

2023-02-22 18:39:33 - [MESSAGE][PASSED] - All options with label 'Baju' are selected in object 'Object Repository/page_productinfo/select_kategori' 

2023-02-22 18:39:33 - [MESSAGE][PASSED] - Call Test Case 'Test Cases/Pages/page_productinfo/choose_kategori_field' successfully

2023-02-22 18:39:33 - [TEST_STEP][PASSED] - callTestCase(findTestCase("Pages/page_productinfo/click_terbitkan_button"), [:], STOP_ON_FAILURE): Call Test Case 'Test Cases/Pages/page_productinfo/click_terbitkan_button' successfully

2023-02-22 18:39:33 - [TEST_CASE][PASSED] - Test Cases/Pages/page_productinfo/click_terbitkan_button: Test Cases/Pages/page_productinfo/click_terbitkan_button

2023-02-22 18:39:33 - [TEST_STEP][PASSED] - click(findTestObject("page_productinfo/btn_terbitkan")): Object: 'Object Repository/page_productinfo/btn_terbitkan' is clicked on

2023-02-22 18:39:33 - [MESSAGE][PASSED] - Object: 'Object Repository/page_productinfo/btn_terbitkan' is clicked on

2023-02-22 18:39:33 - [MESSAGE][PASSED] - Call Test Case 'Test Cases/Pages/page_productinfo/click_terbitkan_button' successfully

2023-02-22 18:39:33 - [TEST_STEP][PASSED] - delay(3): Delayed 3 second(s)

2023-02-22 18:39:36 - [MESSAGE][PASSED] - Delayed 3 second(s)

2023-02-22 18:39:36 - [TEST_STEP][PASSED] - callTestCase(findTestCase("Pages/page_daftarjual/click_tambah_produk_button"), [:], STOP_ON_FAILURE): Call Test Case 'Test Cases/Pages/page_daftarjual/click_tambah_produk_button' successfully

2023-02-22 18:39:37 - [TEST_CASE][PASSED] - Test Cases/Pages/page_daftarjual/click_tambah_produk_button: Test Cases/Pages/page_daftarjual/click_tambah_produk_button

2023-02-22 18:39:37 - [TEST_STEP][PASSED] - verifyElementPresent(findTestObject("page_daftarjual/btn_tambah_produk"), 3): Object 'Object Repository/page_daftarjual/btn_tambah_produk' is present

2023-02-22 18:39:37 - [MESSAGE][PASSED] - Object 'Object Repository/page_daftarjual/btn_tambah_produk' is present

2023-02-22 18:39:37 - [TEST_STEP][PASSED] - click(findTestObject("page_daftarjual/btn_tambah_produk")): Object: 'Object Repository/page_daftarjual/btn_tambah_produk' is clicked on

2023-02-22 18:39:38 - [MESSAGE][PASSED] - Object: 'Object Repository/page_daftarjual/btn_tambah_produk' is clicked on

2023-02-22 18:39:38 - [MESSAGE][PASSED] - Call Test Case 'Test Cases/Pages/page_daftarjual/click_tambah_produk_button' successfully

2023-02-22 18:39:38 - [TEST_STEP][PASSED] - callTestCase(findTestCase("Pages/page_productinfo/input_nama_produk_field"), ["product_name":product_name], STOP_ON_FAILURE): Call Test Case 'Test Cases/Pages/page_productinfo/input_nama_produk_field' successfully

2023-02-22 18:39:38 - [TEST_CASE][PASSED] - Test Cases/Pages/page_productinfo/input_nama_produk_field: Test Cases/Pages/page_productinfo/input_nama_produk_field

2023-02-22 18:39:38 - [TEST_STEP][PASSED] - clearText(findTestObject("page_productinfo/input_nama_produk"), STOP_ON_FAILURE): Text of object 'Object Repository/page_productinfo/input_nama_produk' is cleared

2023-02-22 18:39:39 - [MESSAGE][PASSED] - Text of object 'Object Repository/page_productinfo/input_nama_produk' is cleared

2023-02-22 18:39:39 - [TEST_STEP][PASSED] - sendKeys(findTestObject("page_productinfo/input_nama_produk"), product_name): Keys 'NewProduct' sent to object: 'Object Repository/page_productinfo/input_nama_produk'

2023-02-22 18:39:39 - [MESSAGE][PASSED] - Keys 'NewProduct' sent to object: 'Object Repository/page_productinfo/input_nama_produk'

2023-02-22 18:39:39 - [MESSAGE][PASSED] - Call Test Case 'Test Cases/Pages/page_productinfo/input_nama_produk_field' successfully

2023-02-22 18:39:39 - [TEST_STEP][PASSED] - callTestCase(findTestCase("Pages/page_productinfo/input_harga_produk_field"), ["product_price":product_price], STOP_ON_FAILURE): Call Test Case 'Test Cases/Pages/page_productinfo/input_harga_produk_field' successfully

2023-02-22 18:39:39 - [TEST_CASE][PASSED] - Test Cases/Pages/page_productinfo/input_harga_produk_field: Test Cases/Pages/page_productinfo/input_harga_produk_field

2023-02-22 18:39:39 - [TEST_STEP][PASSED] - clearText(findTestObject("page_productinfo/input_harga_produk"), STOP_ON_FAILURE): Text of object 'Object Repository/page_productinfo/input_harga_produk' is cleared

2023-02-22 18:39:40 - [MESSAGE][PASSED] - Text of object 'Object Repository/page_productinfo/input_harga_produk' is cleared

2023-02-22 18:39:40 - [TEST_STEP][PASSED] - sendKeys(findTestObject("page_productinfo/input_harga_produk"), product_price): Keys '115300000' sent to object: 'Object Repository/page_productinfo/input_harga_produk'

2023-02-22 18:39:40 - [MESSAGE][PASSED] - Keys '115300000' sent to object: 'Object Repository/page_productinfo/input_harga_produk'

2023-02-22 18:39:40 - [MESSAGE][PASSED] - Call Test Case 'Test Cases/Pages/page_productinfo/input_harga_produk_field' successfully

2023-02-22 18:39:40 - [TEST_STEP][PASSED] - callTestCase(findTestCase("Pages/page_productinfo/input_deskripsi_field"), ["product_description":product_description], STOP_ON_FAILURE): Call Test Case 'Test Cases/Pages/page_productinfo/input_deskripsi_field' successfully

2023-02-22 18:39:40 - [TEST_CASE][PASSED] - Test Cases/Pages/page_productinfo/input_deskripsi_field: Test Cases/Pages/page_productinfo/input_deskripsi_field

2023-02-22 18:39:40 - [TEST_STEP][PASSED] - clearText(findTestObject("page_productinfo/input_deskripsi"), STOP_ON_FAILURE): Text of object 'Object Repository/page_productinfo/input_deskripsi' is cleared

2023-02-22 18:39:41 - [MESSAGE][PASSED] - Text of object 'Object Repository/page_productinfo/input_deskripsi' is cleared

2023-02-22 18:39:41 - [TEST_STEP][PASSED] - sendKeys(findTestObject("page_productinfo/input_deskripsi"), product_description): Keys 'hanya untuk testing deskripsi saja' sent to object: 'Object Repository/page_productinfo/input_deskripsi'

2023-02-22 18:39:41 - [MESSAGE][PASSED] - Keys 'hanya untuk testing deskripsi saja' sent to object: 'Object Repository/page_productinfo/input_deskripsi'

2023-02-22 18:39:41 - [MESSAGE][PASSED] - Call Test Case 'Test Cases/Pages/page_productinfo/input_deskripsi_field' successfully

2023-02-22 18:39:41 - [TEST_STEP][PASSED] - callTestCase(findTestCase("Pages/page_productinfo/choose_kategori_field"), ["category":category], STOP_ON_FAILURE): Call Test Case 'Test Cases/Pages/page_productinfo/choose_kategori_field' successfully

2023-02-22 18:39:41 - [TEST_CASE][PASSED] - Test Cases/Pages/page_productinfo/choose_kategori_field: Test Cases/Pages/page_productinfo/choose_kategori_field

2023-02-22 18:39:41 - [TEST_STEP][PASSED] - click(findTestObject("page_productinfo/select_Kategori")): Object: 'Object Repository/page_productinfo/select_Kategori' is clicked on

2023-02-22 18:39:42 - [MESSAGE][PASSED] - Object: 'Object Repository/page_productinfo/select_Kategori' is clicked on

2023-02-22 18:39:42 - [TEST_STEP][PASSED] - selectOptionByLabel(findTestObject("page_productinfo/select_kategori"), category, false): All options with label 'Baju' are selected in object 'Object Repository/page_productinfo/select_kategori' 

2023-02-22 18:39:42 - [MESSAGE][PASSED] - All options with label 'Baju' are selected in object 'Object Repository/page_productinfo/select_kategori' 

2023-02-22 18:39:42 - [MESSAGE][PASSED] - Call Test Case 'Test Cases/Pages/page_productinfo/choose_kategori_field' successfully

2023-02-22 18:39:42 - [TEST_STEP][PASSED] - callTestCase(findTestCase("Pages/page_productinfo/click_terbitkan_button"), [:], STOP_ON_FAILURE): Call Test Case 'Test Cases/Pages/page_productinfo/click_terbitkan_button' successfully

2023-02-22 18:39:42 - [TEST_CASE][PASSED] - Test Cases/Pages/page_productinfo/click_terbitkan_button: Test Cases/Pages/page_productinfo/click_terbitkan_button

2023-02-22 18:39:42 - [TEST_STEP][PASSED] - click(findTestObject("page_productinfo/btn_terbitkan")): Object: 'Object Repository/page_productinfo/btn_terbitkan' is clicked on

2023-02-22 18:39:43 - [MESSAGE][PASSED] - Object: 'Object Repository/page_productinfo/btn_terbitkan' is clicked on

2023-02-22 18:39:43 - [MESSAGE][PASSED] - Call Test Case 'Test Cases/Pages/page_productinfo/click_terbitkan_button' successfully

2023-02-22 18:39:43 - [TEST_STEP][PASSED] - delay(3): Delayed 3 second(s)

2023-02-22 18:39:46 - [MESSAGE][PASSED] - Delayed 3 second(s)

2023-02-22 18:39:46 - [TEST_STEP][PASSED] - callTestCase(findTestCase("Pages/page_productinfo/verify_alert_limit_product"), [:], STOP_ON_FAILURE): Call Test Case 'Test Cases/Pages/page_productinfo/verify_alert_limit_product' successfully

2023-02-22 18:39:46 - [TEST_CASE][PASSED] - Test Cases/Pages/page_productinfo/verify_alert_limit_product: Test Cases/Pages/page_productinfo/verify_alert_limit_product

2023-02-22 18:39:46 - [TEST_STEP][PASSED] - verifyElementVisible(findTestObject("page_productinfo/div_alert_limit_total_product")): Object 'Object Repository/page_productinfo/div_alert_limit_total_product' is visible

2023-02-22 18:39:46 - [MESSAGE][PASSED] - Object 'Object Repository/page_productinfo/div_alert_limit_total_product' is visible

2023-02-22 18:39:46 - [MESSAGE][PASSED] - Call Test Case 'Test Cases/Pages/page_productinfo/verify_alert_limit_product' successfully]]></system-out>
         <system-err><![CDATA[]]></system-err>
      </testcase>
      <system-out><![CDATA[2023-02-22 18:38:20 - [TEST_SUITE][PASSED] - feature_add_product: Test Cases/Step Definition/feature_add_product/ADP004 - Add Product more than limit]]></system-out>
      <system-err><![CDATA[]]></system-err>
   </testsuite>
</testsuites>
