<?xml version="1.0" encoding="UTF-8"?>
<testsuites name="feature_bid_or_buy_product" time="58.383" tests="2" failures="0" errors="0">
   <testsuite name="feature_bid_or_buy_product" tests="2" failures="0" errors="0" time="58.383" skipped="0" timestamp="2023-02-22 18:42:23" hostname="ADITIA ARGA PRATAMA - LAPTOP-L0K8P5OF" id="Test Suites/Without Gherkin/feature_bid_or_buy_product">
      <properties>
         <property name="deviceName" value=""/>
         <property name="devicePlatform" value=""/>
         <property name="logFolder" value="C:\\Users\\ADITIA ARGA PRATAMA\\Katalon Studio\\web-automation-testing-kelompok-1.git\\Reports\\20230222_182952\\Without Gherkin\\feature_bid_or_buy_product\\20230222_183013"/>
         <property name="logFiles" value="C:\\Users\\ADITIA ARGA PRATAMA\\Katalon Studio\\web-automation-testing-kelompok-1.git\\Reports\\20230222_182952\\Without Gherkin\\feature_bid_or_buy_product\\20230222_183013\\execution0.log"/>
         <property name="attachments" value=""/>
         <property name="hostName" value="ADITIA ARGA PRATAMA - LAPTOP-L0K8P5OF"/>
         <property name="os" value="Windows 10 64bit"/>
         <property name="katalonVersion" value="8.5.5.208"/>
         <property name="browser" value="Chrome 110.0.0.0"/>
         <property name="hostAddress" value="192.168.127.126"/>
         <property name="sessionId" value="581b4caf45e8997567abc0d617f19c10"/>
         <property name="seleniumVersion" value="3.141.59"/>
         <property name="proxyInformation" value="ProxyInformation { proxyOption=NO_PROXY, proxyServerType=HTTP, username=, password=********, proxyServerAddress=, proxyServerPort=0, executionList=&quot;&quot;, isApplyToDesiredCapabilities=true }"/>
         <property name="platform" value="Windows 10"/>
      </properties>
      <testcase name="Test Cases/Step Definition/feature_bid_or_buy_product/BBP001 - Bid or buy product" time="26.242" classname="Test Cases/Step Definition/feature_bid_or_buy_product/BBP001 - Bid or buy product" status="PASSED">
         <system-out><![CDATA[2023-02-22 18:42:30 - [TEST_CASE][PASSED] - Test Cases/Step Definition/feature_bid_or_buy_product/BBP001 - Bid or buy product: Test Cases/Step Definition/feature_bid_or_buy_product/BBP001 - Bid or buy product

2023-02-22 18:42:30 - [TEST_STEP][PASSED] - callTestCase(findTestCase("Step Definition/feature_see_product_detail/SDP001 - See product detail for product langsung tolak"), [:], STOP_ON_FAILURE): Call Test Case 'Test Cases/Step Definition/feature_see_product_detail/SDP001 - See product detail for product langsung tolak' successfully

2023-02-22 18:42:30 - [TEST_CASE][PASSED] - Test Cases/Step Definition/feature_see_product_detail/SDP001 - See product detail for product langsung tolak: Test Cases/Step Definition/feature_see_product_detail/SDP001 - See product detail for product langsung tolak

2023-02-22 18:42:31 - [TEST_STEP][PASSED] - callTestCase(findTestCase("Pages/page_home/navigate_to_login_page"), [:], STOP_ON_FAILURE): Call Test Case 'Test Cases/Pages/page_home/navigate_to_login_page' successfully

2023-02-22 18:42:31 - [TEST_CASE][PASSED] - Test Cases/Pages/page_home/navigate_to_login_page: Test Cases/Pages/page_home/navigate_to_login_page

2023-02-22 18:42:31 - [TEST_STEP][PASSED] - verifyElementPresent(findTestObject("page_home/btn_masuk"), 3): Object 'Object Repository/page_home/btn_masuk' is present

2023-02-22 18:42:33 - [MESSAGE][PASSED] - Object 'Object Repository/page_home/btn_masuk' is present

2023-02-22 18:42:33 - [TEST_STEP][PASSED] - click(findTestObject("page_home/btn_masuk"), STOP_ON_FAILURE): Object: 'Object Repository/page_home/btn_masuk' is clicked on

2023-02-22 18:42:33 - [MESSAGE][PASSED] - Object: 'Object Repository/page_home/btn_masuk' is clicked on

2023-02-22 18:42:33 - [MESSAGE][PASSED] - Call Test Case 'Test Cases/Pages/page_home/navigate_to_login_page' successfully

2023-02-22 18:42:33 - [TEST_STEP][PASSED] - callTestCase(findTestCase("Pages/page_login/verify_content"), [:], STOP_ON_FAILURE): Call Test Case 'Test Cases/Pages/page_login/verify_content' successfully

2023-02-22 18:42:33 - [TEST_CASE][PASSED] - Test Cases/Pages/page_login/verify_content: Test Cases/Pages/page_login/verify_content

2023-02-22 18:42:34 - [TEST_STEP][PASSED] - verifyElementVisible(findTestObject("page_login/img_rectangle left")): Object 'Object Repository/page_login/img_rectangle left' is visible

2023-02-22 18:42:34 - [MESSAGE][PASSED] - Object 'Object Repository/page_login/img_rectangle left' is visible

2023-02-22 18:42:34 - [TEST_STEP][PASSED] - verifyElementVisible(findTestObject("page_login/text_secondHand")): Object 'Object Repository/page_login/text_secondHand' is visible

2023-02-22 18:42:34 - [MESSAGE][PASSED] - Object 'Object Repository/page_login/text_secondHand' is visible

2023-02-22 18:42:34 - [TEST_STEP][PASSED] - verifyElementVisible(findTestObject("page_login/text_masuk")): Object 'Object Repository/page_login/text_masuk' is visible

2023-02-22 18:42:35 - [MESSAGE][PASSED] - Object 'Object Repository/page_login/text_masuk' is visible

2023-02-22 18:42:35 - [TEST_STEP][PASSED] - verifyElementVisible(findTestObject("page_login/text_email")): Object 'Object Repository/page_login/text_email' is visible

2023-02-22 18:42:35 - [MESSAGE][PASSED] - Object 'Object Repository/page_login/text_email' is visible

2023-02-22 18:42:35 - [TEST_STEP][PASSED] - verifyElementVisible(findTestObject("page_login/textfield_email")): Object 'Object Repository/page_login/textfield_email' is visible

2023-02-22 18:42:35 - [MESSAGE][PASSED] - Object 'Object Repository/page_login/textfield_email' is visible

2023-02-22 18:42:35 - [TEST_STEP][PASSED] - verifyElementVisible(findTestObject("page_login/text_password")): Object 'Object Repository/page_login/text_password' is visible

2023-02-22 18:42:36 - [MESSAGE][PASSED] - Object 'Object Repository/page_login/text_password' is visible

2023-02-22 18:42:36 - [TEST_STEP][PASSED] - verifyElementVisible(findTestObject("page_login/textfield_password")): Object 'Object Repository/page_login/textfield_password' is visible

2023-02-22 18:42:36 - [MESSAGE][PASSED] - Object 'Object Repository/page_login/textfield_password' is visible

2023-02-22 18:42:36 - [TEST_STEP][PASSED] - verifyElementVisible(findTestObject("page_login/btn_masuk")): Object 'Object Repository/page_login/btn_masuk' is visible

2023-02-22 18:42:36 - [MESSAGE][PASSED] - Object 'Object Repository/page_login/btn_masuk' is visible

2023-02-22 18:42:36 - [TEST_STEP][PASSED] - verifyElementVisible(findTestObject("page_login/text_belum punya akun")): Object 'Object Repository/page_login/text_belum punya akun' is visible

2023-02-22 18:42:37 - [MESSAGE][PASSED] - Object 'Object Repository/page_login/text_belum punya akun' is visible

2023-02-22 18:42:37 - [TEST_STEP][PASSED] - verifyElementVisible(findTestObject("page_login/linktext_daftar di sini")): Object 'Object Repository/page_login/linktext_daftar di sini' is visible

2023-02-22 18:42:37 - [MESSAGE][PASSED] - Object 'Object Repository/page_login/linktext_daftar di sini' is visible

2023-02-22 18:42:37 - [MESSAGE][PASSED] - Call Test Case 'Test Cases/Pages/page_login/verify_content' successfully

2023-02-22 18:42:37 - [TEST_STEP][PASSED] - callTestCase(findTestCase("Pages/page_login/input_email"), ["email":email], STOP_ON_FAILURE): Call Test Case 'Test Cases/Pages/page_login/input_email' successfully

2023-02-22 18:42:37 - [TEST_CASE][PASSED] - Test Cases/Pages/page_login/input_email: Test Cases/Pages/page_login/input_email

2023-02-22 18:42:37 - [TEST_STEP][PASSED] - clearText(findTestObject("page_login/textfield_email")): Text of object 'Object Repository/page_login/textfield_email' is cleared

2023-02-22 18:42:38 - [MESSAGE][PASSED] - Text of object 'Object Repository/page_login/textfield_email' is cleared

2023-02-22 18:42:38 - [TEST_STEP][PASSED] - sendKeys(findTestObject("page_login/textfield_email"), email): Keys 'jin.prion@gmail.com' sent to object: 'Object Repository/page_login/textfield_email'

2023-02-22 18:42:38 - [MESSAGE][PASSED] - Keys 'jin.prion@gmail.com' sent to object: 'Object Repository/page_login/textfield_email'

2023-02-22 18:42:38 - [MESSAGE][PASSED] - Call Test Case 'Test Cases/Pages/page_login/input_email' successfully

2023-02-22 18:42:38 - [TEST_STEP][PASSED] - callTestCase(findTestCase("Pages/page_login/input_password"), ["password":password], STOP_ON_FAILURE): Call Test Case 'Test Cases/Pages/page_login/input_password' successfully

2023-02-22 18:42:38 - [TEST_CASE][PASSED] - Test Cases/Pages/page_login/input_password: Test Cases/Pages/page_login/input_password

2023-02-22 18:42:38 - [TEST_STEP][PASSED] - clearText(findTestObject("page_login/textfield_password")): Text of object 'Object Repository/page_login/textfield_password' is cleared

2023-02-22 18:42:39 - [MESSAGE][PASSED] - Text of object 'Object Repository/page_login/textfield_password' is cleared

2023-02-22 18:42:39 - [TEST_STEP][PASSED] - sendKeys(findTestObject("page_login/textfield_password"), password): Keys 'qwerty1234' sent to object: 'Object Repository/page_login/textfield_password'

2023-02-22 18:42:39 - [MESSAGE][PASSED] - Keys 'qwerty1234' sent to object: 'Object Repository/page_login/textfield_password'

2023-02-22 18:42:39 - [MESSAGE][PASSED] - Call Test Case 'Test Cases/Pages/page_login/input_password' successfully

2023-02-22 18:42:39 - [TEST_STEP][PASSED] - callTestCase(findTestCase("Pages/page_login/click_masuk"), [:], STOP_ON_FAILURE): Call Test Case 'Test Cases/Pages/page_login/click_masuk' successfully

2023-02-22 18:42:39 - [TEST_CASE][PASSED] - Test Cases/Pages/page_login/click_masuk: Test Cases/Pages/page_login/click_masuk

2023-02-22 18:42:40 - [TEST_STEP][PASSED] - click(findTestObject("page_login/btn_masuk")): Object: 'Object Repository/page_login/btn_masuk' is clicked on

2023-02-22 18:42:40 - [MESSAGE][PASSED] - Object: 'Object Repository/page_login/btn_masuk' is clicked on

2023-02-22 18:42:40 - [MESSAGE][PASSED] - Call Test Case 'Test Cases/Pages/page_login/click_masuk' successfully

2023-02-22 18:42:40 - [TEST_STEP][PASSED] - callTestCase(findTestCase("Pages/page_home/navigate_to_produk_tolak_langsung"), [:], STOP_ON_FAILURE): Call Test Case 'Test Cases/Pages/page_home/navigate_to_produk_tolak_langsung' successfully

2023-02-22 18:42:40 - [TEST_CASE][PASSED] - Test Cases/Pages/page_home/navigate_to_produk_tolak_langsung: Test Cases/Pages/page_home/navigate_to_produk_tolak_langsung

2023-02-22 18:42:40 - [TEST_STEP][PASSED] - scrollToElement(findTestObject("page_home/div_produk_untuk_ditolak"), 6): Scroll to object 'Object Repository/page_home/div_produk_untuk_ditolak' successfully

2023-02-22 18:42:42 - [MESSAGE][PASSED] - Scroll to object 'Object Repository/page_home/div_produk_untuk_ditolak' successfully

2023-02-22 18:42:42 - [TEST_STEP][PASSED] - click(findTestObject("page_home/div_produk_untuk_ditolak"), STOP_ON_FAILURE): Object: 'Object Repository/page_home/div_produk_untuk_ditolak' is clicked on

2023-02-22 18:42:43 - [MESSAGE][PASSED] - Object: 'Object Repository/page_home/div_produk_untuk_ditolak' is clicked on

2023-02-22 18:42:43 - [MESSAGE][PASSED] - Call Test Case 'Test Cases/Pages/page_home/navigate_to_produk_tolak_langsung' successfully

2023-02-22 18:42:43 - [TEST_STEP][PASSED] - callTestCase(findTestCase("Pages/page_productpage/verify_product_page"), [:], STOP_ON_FAILURE): Call Test Case 'Test Cases/Pages/page_productpage/verify_product_page' successfully

2023-02-22 18:42:43 - [TEST_CASE][PASSED] - Test Cases/Pages/page_productpage/verify_product_page: Test Cases/Pages/page_productpage/verify_product_page

2023-02-22 18:42:43 - [TEST_STEP][PASSED] - verifyElementVisible(findTestObject("page_productpage/div_photo_product")): Object 'Object Repository/page_productpage/div_photo_product' is visible

2023-02-22 18:42:46 - [MESSAGE][PASSED] - Object 'Object Repository/page_productpage/div_photo_product' is visible

2023-02-22 18:42:46 - [TEST_STEP][PASSED] - verifyElementVisible(findTestObject("page_productpage/div_profil_penjual")): Object 'Object Repository/page_productpage/div_profil_penjual' is visible

2023-02-22 18:42:46 - [MESSAGE][PASSED] - Object 'Object Repository/page_productpage/div_profil_penjual' is visible

2023-02-22 18:42:46 - [TEST_STEP][PASSED] - verifyElementVisible(findTestObject("page_productpage/h5_nama_penjual")): Object 'Object Repository/page_productpage/h5_nama_penjual' is visible

2023-02-22 18:42:47 - [MESSAGE][PASSED] - Object 'Object Repository/page_productpage/h5_nama_penjual' is visible

2023-02-22 18:42:47 - [TEST_STEP][PASSED] - verifyElementVisible(findTestObject("page_productpage/p_lokasi_penjual")): Object 'Object Repository/page_productpage/p_lokasi_penjual' is visible

2023-02-22 18:42:47 - [MESSAGE][PASSED] - Object 'Object Repository/page_productpage/p_lokasi_penjual' is visible

2023-02-22 18:42:47 - [TEST_STEP][PASSED] - verifyElementVisible(findTestObject("page_productpage/h5_nama_produk")): Object 'Object Repository/page_productpage/h5_nama_produk' is visible

2023-02-22 18:42:47 - [MESSAGE][PASSED] - Object 'Object Repository/page_productpage/h5_nama_produk' is visible

2023-02-22 18:42:47 - [TEST_STEP][PASSED] - verifyElementVisible(findTestObject("page_productpage/h4_Rp94.506,00")): Object 'Object Repository/page_productpage/h4_Rp94.506,00' is visible

2023-02-22 18:42:48 - [MESSAGE][PASSED] - Object 'Object Repository/page_productpage/h4_Rp94.506,00' is visible

2023-02-22 18:42:48 - [TEST_STEP][PASSED] - verifyElementVisible(findTestObject("page_productpage/p_kategori_produk")): Object 'Object Repository/page_productpage/p_kategori_produk' is visible

2023-02-22 18:42:48 - [MESSAGE][PASSED] - Object 'Object Repository/page_productpage/p_kategori_produk' is visible

2023-02-22 18:42:48 - [TEST_STEP][PASSED] - verifyElementVisible(findTestObject("page_productpage/h5_deskripsi")): Object 'Object Repository/page_productpage/h5_deskripsi' is visible

2023-02-22 18:42:48 - [MESSAGE][PASSED] - Object 'Object Repository/page_productpage/h5_deskripsi' is visible

2023-02-22 18:42:48 - [TEST_STEP][PASSED] - verifyElementVisible(findTestObject("page_productpage/p_isi_deskripsi")): Object 'Object Repository/page_productpage/p_isi_deskripsi' is visible

2023-02-22 18:42:49 - [MESSAGE][PASSED] - Object 'Object Repository/page_productpage/p_isi_deskripsi' is visible

2023-02-22 18:42:49 - [TEST_STEP][PASSED] - verifyElementVisible(findTestObject("page_productpage/button_bid_buy_product")): Object 'Object Repository/page_productpage/button_bid_buy_product' is visible

2023-02-22 18:42:49 - [MESSAGE][PASSED] - Object 'Object Repository/page_productpage/button_bid_buy_product' is visible

2023-02-22 18:42:49 - [MESSAGE][PASSED] - Call Test Case 'Test Cases/Pages/page_productpage/verify_product_page' successfully

2023-02-22 18:42:49 - [MESSAGE][PASSED] - Call Test Case 'Test Cases/Step Definition/feature_see_product_detail/SDP001 - See product detail for product langsung tolak' successfully

2023-02-22 18:42:49 - [TEST_STEP][PASSED] - callTestCase(findTestCase("Pages/page_productpage/click_saya_tertarik_dan_ingin_nego"), [:], STOP_ON_FAILURE): Call Test Case 'Test Cases/Pages/page_productpage/click_saya_tertarik_dan_ingin_nego' successfully

2023-02-22 18:42:49 - [TEST_CASE][PASSED] - Test Cases/Pages/page_productpage/click_saya_tertarik_dan_ingin_nego: Test Cases/Pages/page_productpage/click_saya_tertarik_dan_ingin_nego

2023-02-22 18:42:49 - [TEST_STEP][PASSED] - scrollToElement(findTestObject("page_productpage/button_bid_buy_product"), 4): Scroll to object 'Object Repository/page_productpage/button_bid_buy_product' successfully

2023-02-22 18:42:50 - [MESSAGE][PASSED] - Scroll to object 'Object Repository/page_productpage/button_bid_buy_product' successfully

2023-02-22 18:42:50 - [TEST_STEP][PASSED] - scrollToPosition(0, 0): Browser is scrolled to position x = 0, y = 0

2023-02-22 18:42:50 - [MESSAGE][PASSED] - Browser is scrolled to position x = 0, y = 0

2023-02-22 18:42:50 - [TEST_STEP][PASSED] - click(findTestObject("page_productpage/button_bid_buy_product")): Object: 'Object Repository/page_productpage/button_bid_buy_product' is clicked on

2023-02-22 18:42:50 - [MESSAGE][PASSED] - Object: 'Object Repository/page_productpage/button_bid_buy_product' is clicked on

2023-02-22 18:42:50 - [MESSAGE][PASSED] - Call Test Case 'Test Cases/Pages/page_productpage/click_saya_tertarik_dan_ingin_nego' successfully

2023-02-22 18:42:50 - [TEST_STEP][PASSED] - callTestCase(findTestCase("Pages/page_productpage/input_harga_tawar"), ["harga_tawar":harga_tawar], STOP_ON_FAILURE): Call Test Case 'Test Cases/Pages/page_productpage/input_harga_tawar' successfully

2023-02-22 18:42:50 - [TEST_CASE][PASSED] - Test Cases/Pages/page_productpage/input_harga_tawar: Test Cases/Pages/page_productpage/input_harga_tawar

2023-02-22 18:42:50 - [TEST_STEP][PASSED] - verifyElementVisible(findTestObject("page_productpage/input_harga_tawar")): Object 'Object Repository/page_productpage/input_harga_tawar' is visible

2023-02-22 18:42:51 - [MESSAGE][PASSED] - Object 'Object Repository/page_productpage/input_harga_tawar' is visible

2023-02-22 18:42:51 - [TEST_STEP][PASSED] - verifyElementVisible(findTestObject("page_productpage/button_kirim_harga"), STOP_ON_FAILURE): Object 'Object Repository/page_productpage/button_kirim_harga' is visible

2023-02-22 18:42:51 - [MESSAGE][PASSED] - Object 'Object Repository/page_productpage/button_kirim_harga' is visible

2023-02-22 18:42:51 - [TEST_STEP][PASSED] - clearText(findTestObject("page_productpage/input_harga_tawar")): Text of object 'Object Repository/page_productpage/input_harga_tawar' is cleared

2023-02-22 18:42:52 - [MESSAGE][PASSED] - Text of object 'Object Repository/page_productpage/input_harga_tawar' is cleared

2023-02-22 18:42:52 - [TEST_STEP][PASSED] - sendKeys(findTestObject("page_productpage/input_harga_tawar"), harga_tawar): Keys '99998' sent to object: 'Object Repository/page_productpage/input_harga_tawar'

2023-02-22 18:42:52 - [MESSAGE][PASSED] - Keys '99998' sent to object: 'Object Repository/page_productpage/input_harga_tawar'

2023-02-22 18:42:52 - [MESSAGE][PASSED] - Call Test Case 'Test Cases/Pages/page_productpage/input_harga_tawar' successfully

2023-02-22 18:42:52 - [TEST_STEP][PASSED] - callTestCase(findTestCase("Pages/page_productpage/click_kirim_harga_tawar"), [:], STOP_ON_FAILURE): Call Test Case 'Test Cases/Pages/page_productpage/click_kirim_harga_tawar' successfully

2023-02-22 18:42:52 - [TEST_CASE][PASSED] - Test Cases/Pages/page_productpage/click_kirim_harga_tawar: Test Cases/Pages/page_productpage/click_kirim_harga_tawar

2023-02-22 18:42:52 - [TEST_STEP][PASSED] - verifyElementVisible(findTestObject("page_productpage/button_kirim_harga")): Object 'Object Repository/page_productpage/button_kirim_harga' is visible

2023-02-22 18:42:53 - [MESSAGE][PASSED] - Object 'Object Repository/page_productpage/button_kirim_harga' is visible

2023-02-22 18:42:53 - [TEST_STEP][PASSED] - click(findTestObject("page_productpage/button_kirim_harga")): Object: 'Object Repository/page_productpage/button_kirim_harga' is clicked on

2023-02-22 18:42:53 - [MESSAGE][PASSED] - Object: 'Object Repository/page_productpage/button_kirim_harga' is clicked on

2023-02-22 18:42:53 - [MESSAGE][PASSED] - Call Test Case 'Test Cases/Pages/page_productpage/click_kirim_harga_tawar' successfully

2023-02-22 18:42:53 - [TEST_STEP][PASSED] - callTestCase(findTestCase("Pages/page_productpage/verify_message_success_send_harga_tawar"), [:], STOP_ON_FAILURE): Call Test Case 'Test Cases/Pages/page_productpage/verify_message_success_send_harga_tawar' successfully

2023-02-22 18:42:53 - [TEST_CASE][PASSED] - Test Cases/Pages/page_productpage/verify_message_success_send_harga_tawar: Test Cases/Pages/page_productpage/verify_message_success_send_harga_tawar

2023-02-22 18:42:53 - [TEST_STEP][PASSED] - delay(2): Delayed 2 second(s)

2023-02-22 18:42:55 - [MESSAGE][PASSED] - Delayed 2 second(s)

2023-02-22 18:42:55 - [TEST_STEP][PASSED] - verifyElementVisible(findTestObject("page_productpage/div_alert_berhasil_kirim")): Object 'Object Repository/page_productpage/div_alert_berhasil_kirim' is visible

2023-02-22 18:42:56 - [MESSAGE][PASSED] - Object 'Object Repository/page_productpage/div_alert_berhasil_kirim' is visible

2023-02-22 18:42:56 - [TEST_STEP][PASSED] - verifyElementVisible(findTestObject("page_productpage/div_menunggu_respon_penjual")): Object 'Object Repository/page_productpage/div_menunggu_respon_penjual' is visible

2023-02-22 18:42:56 - [MESSAGE][PASSED] - Object 'Object Repository/page_productpage/div_menunggu_respon_penjual' is visible

2023-02-22 18:42:56 - [MESSAGE][PASSED] - Call Test Case 'Test Cases/Pages/page_productpage/verify_message_success_send_harga_tawar' successfully]]></system-out>
         <system-err><![CDATA[]]></system-err>
      </testcase>
      <testcase name="Test Cases/Step Definition/feature_bid_or_buy_product/BBPHelper for change status" time="25.562" classname="Test Cases/Step Definition/feature_bid_or_buy_product/BBPHelper for change status" status="PASSED">
         <system-out><![CDATA[2023-02-22 18:42:56 - [TEST_CASE][PASSED] - Test Cases/Step Definition/feature_bid_or_buy_product/BBPHelper for change status: Test Cases/Step Definition/feature_bid_or_buy_product/BBPHelper for change status

2023-02-22 18:42:56 - [TEST_STEP][PASSED] - callTestCase(findTestCase("Step Definition/feature_see_product_detail/SDPhelper for change status"), ["email":"derprion@gmail.com", "password":"qwerty1234"], STOP_ON_FAILURE): Call Test Case 'Test Cases/Step Definition/feature_see_product_detail/SDPhelper for change status' successfully

2023-02-22 18:42:56 - [TEST_CASE][PASSED] - Test Cases/Step Definition/feature_see_product_detail/SDPhelper for change status: Test Cases/Step Definition/feature_see_product_detail/SDPhelper for change status

2023-02-22 18:42:57 - [TEST_STEP][PASSED] - openBrowser("https://secondhand-store.herokuapp.com/"): Browser is opened with url: 'https://secondhand-store.herokuapp.com/'

2023-02-22 18:42:57 - [MESSAGE][WARNING] - A browser is already opened. Closing browser and opening a new one

2023-02-22 18:42:57 - [MESSAGE][INFO] - Starting 'Chrome' driver

2023-02-22 18:42:57 - [MESSAGE][INFO] - Action delay is set to 0 milliseconds

2023-02-22 18:43:01 - [MESSAGE][PASSED] - Browser is opened with url: 'https://secondhand-store.herokuapp.com/'

2023-02-22 18:43:01 - [TEST_STEP][PASSED] - maximizeWindow(): Current window maximized

2023-02-22 18:43:02 - [MESSAGE][PASSED] - Current window maximized

2023-02-22 18:43:02 - [TEST_STEP][PASSED] - callTestCase(findTestCase("Pages/page_home/navigate_to_login_page"), [:], STOP_ON_FAILURE): Call Test Case 'Test Cases/Pages/page_home/navigate_to_login_page' successfully

2023-02-22 18:43:02 - [TEST_CASE][PASSED] - Test Cases/Pages/page_home/navigate_to_login_page: Test Cases/Pages/page_home/navigate_to_login_page

2023-02-22 18:43:02 - [TEST_STEP][PASSED] - verifyElementPresent(findTestObject("page_home/btn_masuk"), 3): Object 'Object Repository/page_home/btn_masuk' is present

2023-02-22 18:43:05 - [MESSAGE][PASSED] - Object 'Object Repository/page_home/btn_masuk' is present

2023-02-22 18:43:05 - [TEST_STEP][PASSED] - click(findTestObject("page_home/btn_masuk"), STOP_ON_FAILURE): Object: 'Object Repository/page_home/btn_masuk' is clicked on

2023-02-22 18:43:05 - [MESSAGE][PASSED] - Object: 'Object Repository/page_home/btn_masuk' is clicked on

2023-02-22 18:43:05 - [MESSAGE][PASSED] - Call Test Case 'Test Cases/Pages/page_home/navigate_to_login_page' successfully

2023-02-22 18:43:05 - [TEST_STEP][PASSED] - callTestCase(findTestCase("Pages/page_login/verify_content"), [:], STOP_ON_FAILURE): Call Test Case 'Test Cases/Pages/page_login/verify_content' successfully

2023-02-22 18:43:05 - [TEST_CASE][PASSED] - Test Cases/Pages/page_login/verify_content: Test Cases/Pages/page_login/verify_content

2023-02-22 18:43:05 - [TEST_STEP][PASSED] - verifyElementVisible(findTestObject("page_login/img_rectangle left")): Object 'Object Repository/page_login/img_rectangle left' is visible

2023-02-22 18:43:05 - [MESSAGE][PASSED] - Object 'Object Repository/page_login/img_rectangle left' is visible

2023-02-22 18:43:05 - [TEST_STEP][PASSED] - verifyElementVisible(findTestObject("page_login/text_secondHand")): Object 'Object Repository/page_login/text_secondHand' is visible

2023-02-22 18:43:06 - [MESSAGE][PASSED] - Object 'Object Repository/page_login/text_secondHand' is visible

2023-02-22 18:43:06 - [TEST_STEP][PASSED] - verifyElementVisible(findTestObject("page_login/text_masuk")): Object 'Object Repository/page_login/text_masuk' is visible

2023-02-22 18:43:06 - [MESSAGE][PASSED] - Object 'Object Repository/page_login/text_masuk' is visible

2023-02-22 18:43:06 - [TEST_STEP][PASSED] - verifyElementVisible(findTestObject("page_login/text_email")): Object 'Object Repository/page_login/text_email' is visible

2023-02-22 18:43:06 - [MESSAGE][PASSED] - Object 'Object Repository/page_login/text_email' is visible

2023-02-22 18:43:06 - [TEST_STEP][PASSED] - verifyElementVisible(findTestObject("page_login/textfield_email")): Object 'Object Repository/page_login/textfield_email' is visible

2023-02-22 18:43:07 - [MESSAGE][PASSED] - Object 'Object Repository/page_login/textfield_email' is visible

2023-02-22 18:43:07 - [TEST_STEP][PASSED] - verifyElementVisible(findTestObject("page_login/text_password")): Object 'Object Repository/page_login/text_password' is visible

2023-02-22 18:43:07 - [MESSAGE][PASSED] - Object 'Object Repository/page_login/text_password' is visible

2023-02-22 18:43:07 - [TEST_STEP][PASSED] - verifyElementVisible(findTestObject("page_login/textfield_password")): Object 'Object Repository/page_login/textfield_password' is visible

2023-02-22 18:43:07 - [MESSAGE][PASSED] - Object 'Object Repository/page_login/textfield_password' is visible

2023-02-22 18:43:07 - [TEST_STEP][PASSED] - verifyElementVisible(findTestObject("page_login/btn_masuk")): Object 'Object Repository/page_login/btn_masuk' is visible

2023-02-22 18:43:08 - [MESSAGE][PASSED] - Object 'Object Repository/page_login/btn_masuk' is visible

2023-02-22 18:43:08 - [TEST_STEP][PASSED] - verifyElementVisible(findTestObject("page_login/text_belum punya akun")): Object 'Object Repository/page_login/text_belum punya akun' is visible

2023-02-22 18:43:08 - [MESSAGE][PASSED] - Object 'Object Repository/page_login/text_belum punya akun' is visible

2023-02-22 18:43:08 - [TEST_STEP][PASSED] - verifyElementVisible(findTestObject("page_login/linktext_daftar di sini")): Object 'Object Repository/page_login/linktext_daftar di sini' is visible

2023-02-22 18:43:08 - [MESSAGE][PASSED] - Object 'Object Repository/page_login/linktext_daftar di sini' is visible

2023-02-22 18:43:08 - [MESSAGE][PASSED] - Call Test Case 'Test Cases/Pages/page_login/verify_content' successfully

2023-02-22 18:43:08 - [TEST_STEP][PASSED] - callTestCase(findTestCase("Pages/page_login/input_email"), ["email":email], STOP_ON_FAILURE): Call Test Case 'Test Cases/Pages/page_login/input_email' successfully

2023-02-22 18:43:08 - [TEST_CASE][PASSED] - Test Cases/Pages/page_login/input_email: Test Cases/Pages/page_login/input_email

2023-02-22 18:43:08 - [TEST_STEP][PASSED] - clearText(findTestObject("page_login/textfield_email")): Text of object 'Object Repository/page_login/textfield_email' is cleared

2023-02-22 18:43:09 - [MESSAGE][PASSED] - Text of object 'Object Repository/page_login/textfield_email' is cleared

2023-02-22 18:43:09 - [TEST_STEP][PASSED] - sendKeys(findTestObject("page_login/textfield_email"), email): Keys 'derprion@gmail.com' sent to object: 'Object Repository/page_login/textfield_email'

2023-02-22 18:43:09 - [MESSAGE][PASSED] - Keys 'derprion@gmail.com' sent to object: 'Object Repository/page_login/textfield_email'

2023-02-22 18:43:09 - [MESSAGE][PASSED] - Call Test Case 'Test Cases/Pages/page_login/input_email' successfully

2023-02-22 18:43:09 - [TEST_STEP][PASSED] - callTestCase(findTestCase("Pages/page_login/input_password"), ["password":password], STOP_ON_FAILURE): Call Test Case 'Test Cases/Pages/page_login/input_password' successfully

2023-02-22 18:43:09 - [TEST_CASE][PASSED] - Test Cases/Pages/page_login/input_password: Test Cases/Pages/page_login/input_password

2023-02-22 18:43:09 - [TEST_STEP][PASSED] - clearText(findTestObject("page_login/textfield_password")): Text of object 'Object Repository/page_login/textfield_password' is cleared

2023-02-22 18:43:10 - [MESSAGE][PASSED] - Text of object 'Object Repository/page_login/textfield_password' is cleared

2023-02-22 18:43:10 - [TEST_STEP][PASSED] - sendKeys(findTestObject("page_login/textfield_password"), password): Keys 'qwerty1234' sent to object: 'Object Repository/page_login/textfield_password'

2023-02-22 18:43:10 - [MESSAGE][PASSED] - Keys 'qwerty1234' sent to object: 'Object Repository/page_login/textfield_password'

2023-02-22 18:43:10 - [MESSAGE][PASSED] - Call Test Case 'Test Cases/Pages/page_login/input_password' successfully

2023-02-22 18:43:10 - [TEST_STEP][PASSED] - callTestCase(findTestCase("Pages/page_login/click_masuk"), [:], STOP_ON_FAILURE): Call Test Case 'Test Cases/Pages/page_login/click_masuk' successfully

2023-02-22 18:43:10 - [TEST_CASE][PASSED] - Test Cases/Pages/page_login/click_masuk: Test Cases/Pages/page_login/click_masuk

2023-02-22 18:43:10 - [TEST_STEP][PASSED] - click(findTestObject("page_login/btn_masuk")): Object: 'Object Repository/page_login/btn_masuk' is clicked on

2023-02-22 18:43:11 - [MESSAGE][PASSED] - Object: 'Object Repository/page_login/btn_masuk' is clicked on

2023-02-22 18:43:11 - [MESSAGE][PASSED] - Call Test Case 'Test Cases/Pages/page_login/click_masuk' successfully

2023-02-22 18:43:11 - [TEST_STEP][PASSED] - callTestCase(findTestCase("Pages/page_home/navigate_to_produk_tolak_langsung"), [:], STOP_ON_FAILURE): Call Test Case 'Test Cases/Pages/page_home/navigate_to_produk_tolak_langsung' successfully

2023-02-22 18:43:11 - [TEST_CASE][PASSED] - Test Cases/Pages/page_home/navigate_to_produk_tolak_langsung: Test Cases/Pages/page_home/navigate_to_produk_tolak_langsung

2023-02-22 18:43:11 - [TEST_STEP][PASSED] - scrollToElement(findTestObject("page_home/div_produk_untuk_ditolak"), 6): Scroll to object 'Object Repository/page_home/div_produk_untuk_ditolak' successfully

2023-02-22 18:43:13 - [MESSAGE][PASSED] - Scroll to object 'Object Repository/page_home/div_produk_untuk_ditolak' successfully

2023-02-22 18:43:13 - [TEST_STEP][PASSED] - click(findTestObject("page_home/div_produk_untuk_ditolak"), STOP_ON_FAILURE): Object: 'Object Repository/page_home/div_produk_untuk_ditolak' is clicked on

2023-02-22 18:43:14 - [MESSAGE][PASSED] - Object: 'Object Repository/page_home/div_produk_untuk_ditolak' is clicked on

2023-02-22 18:43:14 - [MESSAGE][PASSED] - Call Test Case 'Test Cases/Pages/page_home/navigate_to_produk_tolak_langsung' successfully

2023-02-22 18:43:14 - [MESSAGE][PASSED] - Call Test Case 'Test Cases/Step Definition/feature_see_product_detail/SDPhelper for change status' successfully

2023-02-22 18:43:14 - [TEST_STEP][PASSED] - callTestCase(findTestCase("Pages/page_productpage/click_saya_tertarik_dan_ingin_nego"), [:], STOP_ON_FAILURE): Call Test Case 'Test Cases/Pages/page_productpage/click_saya_tertarik_dan_ingin_nego' successfully

2023-02-22 18:43:14 - [TEST_CASE][PASSED] - Test Cases/Pages/page_productpage/click_saya_tertarik_dan_ingin_nego: Test Cases/Pages/page_productpage/click_saya_tertarik_dan_ingin_nego

2023-02-22 18:43:14 - [TEST_STEP][PASSED] - scrollToElement(findTestObject("page_productpage/button_bid_buy_product"), 4): Scroll to object 'Object Repository/page_productpage/button_bid_buy_product' successfully

2023-02-22 18:43:16 - [MESSAGE][PASSED] - Scroll to object 'Object Repository/page_productpage/button_bid_buy_product' successfully

2023-02-22 18:43:16 - [TEST_STEP][PASSED] - scrollToPosition(0, 0): Browser is scrolled to position x = 0, y = 0

2023-02-22 18:43:16 - [MESSAGE][PASSED] - Browser is scrolled to position x = 0, y = 0

2023-02-22 18:43:16 - [TEST_STEP][PASSED] - click(findTestObject("page_productpage/button_bid_buy_product")): Object: 'Object Repository/page_productpage/button_bid_buy_product' is clicked on

2023-02-22 18:43:16 - [MESSAGE][PASSED] - Object: 'Object Repository/page_productpage/button_bid_buy_product' is clicked on

2023-02-22 18:43:16 - [MESSAGE][PASSED] - Call Test Case 'Test Cases/Pages/page_productpage/click_saya_tertarik_dan_ingin_nego' successfully

2023-02-22 18:43:16 - [TEST_STEP][PASSED] - callTestCase(findTestCase("Pages/page_productpage/input_harga_tawar"), ["harga_tawar":harga_tawar], STOP_ON_FAILURE): Call Test Case 'Test Cases/Pages/page_productpage/input_harga_tawar' successfully

2023-02-22 18:43:17 - [TEST_CASE][PASSED] - Test Cases/Pages/page_productpage/input_harga_tawar: Test Cases/Pages/page_productpage/input_harga_tawar

2023-02-22 18:43:17 - [TEST_STEP][PASSED] - verifyElementVisible(findTestObject("page_productpage/input_harga_tawar")): Object 'Object Repository/page_productpage/input_harga_tawar' is visible

2023-02-22 18:43:17 - [MESSAGE][PASSED] - Object 'Object Repository/page_productpage/input_harga_tawar' is visible

2023-02-22 18:43:17 - [TEST_STEP][PASSED] - verifyElementVisible(findTestObject("page_productpage/button_kirim_harga"), STOP_ON_FAILURE): Object 'Object Repository/page_productpage/button_kirim_harga' is visible

2023-02-22 18:43:17 - [MESSAGE][PASSED] - Object 'Object Repository/page_productpage/button_kirim_harga' is visible

2023-02-22 18:43:17 - [TEST_STEP][PASSED] - clearText(findTestObject("page_productpage/input_harga_tawar")): Text of object 'Object Repository/page_productpage/input_harga_tawar' is cleared

2023-02-22 18:43:18 - [MESSAGE][PASSED] - Text of object 'Object Repository/page_productpage/input_harga_tawar' is cleared

2023-02-22 18:43:18 - [TEST_STEP][PASSED] - sendKeys(findTestObject("page_productpage/input_harga_tawar"), harga_tawar): Keys '123456' sent to object: 'Object Repository/page_productpage/input_harga_tawar'

2023-02-22 18:43:18 - [MESSAGE][PASSED] - Keys '123456' sent to object: 'Object Repository/page_productpage/input_harga_tawar'

2023-02-22 18:43:18 - [MESSAGE][PASSED] - Call Test Case 'Test Cases/Pages/page_productpage/input_harga_tawar' successfully

2023-02-22 18:43:18 - [TEST_STEP][PASSED] - callTestCase(findTestCase("Pages/page_productpage/click_kirim_harga_tawar"), [:], STOP_ON_FAILURE): Call Test Case 'Test Cases/Pages/page_productpage/click_kirim_harga_tawar' successfully

2023-02-22 18:43:18 - [TEST_CASE][PASSED] - Test Cases/Pages/page_productpage/click_kirim_harga_tawar: Test Cases/Pages/page_productpage/click_kirim_harga_tawar

2023-02-22 18:43:18 - [TEST_STEP][PASSED] - verifyElementVisible(findTestObject("page_productpage/button_kirim_harga")): Object 'Object Repository/page_productpage/button_kirim_harga' is visible

2023-02-22 18:43:18 - [MESSAGE][PASSED] - Object 'Object Repository/page_productpage/button_kirim_harga' is visible

2023-02-22 18:43:18 - [TEST_STEP][PASSED] - click(findTestObject("page_productpage/button_kirim_harga")): Object: 'Object Repository/page_productpage/button_kirim_harga' is clicked on

2023-02-22 18:43:19 - [MESSAGE][PASSED] - Object: 'Object Repository/page_productpage/button_kirim_harga' is clicked on

2023-02-22 18:43:19 - [MESSAGE][PASSED] - Call Test Case 'Test Cases/Pages/page_productpage/click_kirim_harga_tawar' successfully

2023-02-22 18:43:19 - [TEST_STEP][PASSED] - callTestCase(findTestCase("Pages/page_productpage/verify_message_success_send_harga_tawar"), [:], STOP_ON_FAILURE): Call Test Case 'Test Cases/Pages/page_productpage/verify_message_success_send_harga_tawar' successfully

2023-02-22 18:43:19 - [TEST_CASE][PASSED] - Test Cases/Pages/page_productpage/verify_message_success_send_harga_tawar: Test Cases/Pages/page_productpage/verify_message_success_send_harga_tawar

2023-02-22 18:43:19 - [TEST_STEP][PASSED] - delay(2): Delayed 2 second(s)

2023-02-22 18:43:21 - [MESSAGE][PASSED] - Delayed 2 second(s)

2023-02-22 18:43:21 - [TEST_STEP][PASSED] - verifyElementVisible(findTestObject("page_productpage/div_alert_berhasil_kirim")): Object 'Object Repository/page_productpage/div_alert_berhasil_kirim' is visible

2023-02-22 18:43:21 - [MESSAGE][PASSED] - Object 'Object Repository/page_productpage/div_alert_berhasil_kirim' is visible

2023-02-22 18:43:21 - [TEST_STEP][PASSED] - verifyElementVisible(findTestObject("page_productpage/div_menunggu_respon_penjual")): Object 'Object Repository/page_productpage/div_menunggu_respon_penjual' is visible

2023-02-22 18:43:22 - [MESSAGE][PASSED] - Object 'Object Repository/page_productpage/div_menunggu_respon_penjual' is visible

2023-02-22 18:43:22 - [MESSAGE][PASSED] - Call Test Case 'Test Cases/Pages/page_productpage/verify_message_success_send_harga_tawar' successfully]]></system-out>
         <system-err><![CDATA[]]></system-err>
      </testcase>
      <system-out><![CDATA[2023-02-22 18:42:23 - [TEST_SUITE][PASSED] - feature_bid_or_buy_product: Test Cases/Step Definition/feature_bid_or_buy_product/BBPHelper for change status]]></system-out>
      <system-err><![CDATA[]]></system-err>
   </testsuite>
</testsuites>
