<?xml version="1.0" encoding="UTF-8"?>
<testsuites name="feature_decline_transaction" time="45.36" tests="2" failures="0" errors="0">
   <testsuite name="feature_decline_transaction" tests="2" failures="0" errors="0" time="45.36" skipped="0" timestamp="2023-02-22 18:43:39" hostname="ADITIA ARGA PRATAMA - LAPTOP-L0K8P5OF" id="Test Suites/Without Gherkin/feature_decline_transaction">
      <properties>
         <property name="deviceName" value=""/>
         <property name="devicePlatform" value=""/>
         <property name="logFolder" value="C:\\Users\\ADITIA ARGA PRATAMA\\Katalon Studio\\web-automation-testing-kelompok-1.git\\Reports\\20230222_182952\\Without Gherkin\\feature_decline_transaction\\20230222_183015"/>
         <property name="logFiles" value="C:\\Users\\ADITIA ARGA PRATAMA\\Katalon Studio\\web-automation-testing-kelompok-1.git\\Reports\\20230222_182952\\Without Gherkin\\feature_decline_transaction\\20230222_183015\\execution0.log"/>
         <property name="attachments" value=""/>
         <property name="hostName" value="ADITIA ARGA PRATAMA - LAPTOP-L0K8P5OF"/>
         <property name="os" value="Windows 10 64bit"/>
         <property name="katalonVersion" value="8.5.5.208"/>
         <property name="browser" value="Chrome 110.0.0.0"/>
         <property name="hostAddress" value="192.168.127.126"/>
         <property name="sessionId" value="685b6226d44bc68b0596adfbe3109529"/>
         <property name="seleniumVersion" value="3.141.59"/>
         <property name="proxyInformation" value="ProxyInformation { proxyOption=NO_PROXY, proxyServerType=HTTP, username=, password=********, proxyServerAddress=, proxyServerPort=0, executionList=&quot;&quot;, isApplyToDesiredCapabilities=true }"/>
         <property name="platform" value="Windows 10"/>
      </properties>
      <testcase name="Test Cases/Step Definition/feature_decline_transaction/UTD001 - Decline bid" time="23.009" classname="Test Cases/Step Definition/feature_decline_transaction/UTD001 - Decline bid" status="PASSED">
         <system-out><![CDATA[2023-02-22 18:43:45 - [TEST_CASE][PASSED] - Test Cases/Step Definition/feature_decline_transaction/UTD001 - Decline bid: Test Cases/Step Definition/feature_decline_transaction/UTD001 - Decline bid

2023-02-22 18:43:46 - [TEST_STEP][PASSED] - callTestCase(findTestCase("Pages/page_home/navigate_to_login_page"), [:], STOP_ON_FAILURE): Call Test Case 'Test Cases/Pages/page_home/navigate_to_login_page' successfully

2023-02-22 18:43:46 - [TEST_CASE][PASSED] - Test Cases/Pages/page_home/navigate_to_login_page: Test Cases/Pages/page_home/navigate_to_login_page

2023-02-22 18:43:46 - [TEST_STEP][PASSED] - verifyElementPresent(findTestObject("page_home/btn_masuk"), 3): Object 'Object Repository/page_home/btn_masuk' is present

2023-02-22 18:43:48 - [MESSAGE][PASSED] - Object 'Object Repository/page_home/btn_masuk' is present

2023-02-22 18:43:48 - [TEST_STEP][PASSED] - click(findTestObject("page_home/btn_masuk"), STOP_ON_FAILURE): Object: 'Object Repository/page_home/btn_masuk' is clicked on

2023-02-22 18:43:48 - [MESSAGE][PASSED] - Object: 'Object Repository/page_home/btn_masuk' is clicked on

2023-02-22 18:43:48 - [MESSAGE][PASSED] - Call Test Case 'Test Cases/Pages/page_home/navigate_to_login_page' successfully

2023-02-22 18:43:48 - [TEST_STEP][PASSED] - callTestCase(findTestCase("Pages/page_login/verify_content"), [:], STOP_ON_FAILURE): Call Test Case 'Test Cases/Pages/page_login/verify_content' successfully

2023-02-22 18:43:48 - [TEST_CASE][PASSED] - Test Cases/Pages/page_login/verify_content: Test Cases/Pages/page_login/verify_content

2023-02-22 18:43:49 - [TEST_STEP][PASSED] - verifyElementVisible(findTestObject("page_login/img_rectangle left")): Object 'Object Repository/page_login/img_rectangle left' is visible

2023-02-22 18:43:49 - [MESSAGE][PASSED] - Object 'Object Repository/page_login/img_rectangle left' is visible

2023-02-22 18:43:49 - [TEST_STEP][PASSED] - verifyElementVisible(findTestObject("page_login/text_secondHand")): Object 'Object Repository/page_login/text_secondHand' is visible

2023-02-22 18:43:49 - [MESSAGE][PASSED] - Object 'Object Repository/page_login/text_secondHand' is visible

2023-02-22 18:43:49 - [TEST_STEP][PASSED] - verifyElementVisible(findTestObject("page_login/text_masuk")): Object 'Object Repository/page_login/text_masuk' is visible

2023-02-22 18:43:50 - [MESSAGE][PASSED] - Object 'Object Repository/page_login/text_masuk' is visible

2023-02-22 18:43:50 - [TEST_STEP][PASSED] - verifyElementVisible(findTestObject("page_login/text_email")): Object 'Object Repository/page_login/text_email' is visible

2023-02-22 18:43:50 - [MESSAGE][PASSED] - Object 'Object Repository/page_login/text_email' is visible

2023-02-22 18:43:50 - [TEST_STEP][PASSED] - verifyElementVisible(findTestObject("page_login/textfield_email")): Object 'Object Repository/page_login/textfield_email' is visible

2023-02-22 18:43:50 - [MESSAGE][PASSED] - Object 'Object Repository/page_login/textfield_email' is visible

2023-02-22 18:43:50 - [TEST_STEP][PASSED] - verifyElementVisible(findTestObject("page_login/text_password")): Object 'Object Repository/page_login/text_password' is visible

2023-02-22 18:43:51 - [MESSAGE][PASSED] - Object 'Object Repository/page_login/text_password' is visible

2023-02-22 18:43:51 - [TEST_STEP][PASSED] - verifyElementVisible(findTestObject("page_login/textfield_password")): Object 'Object Repository/page_login/textfield_password' is visible

2023-02-22 18:43:51 - [MESSAGE][PASSED] - Object 'Object Repository/page_login/textfield_password' is visible

2023-02-22 18:43:51 - [TEST_STEP][PASSED] - verifyElementVisible(findTestObject("page_login/btn_masuk")): Object 'Object Repository/page_login/btn_masuk' is visible

2023-02-22 18:43:51 - [MESSAGE][PASSED] - Object 'Object Repository/page_login/btn_masuk' is visible

2023-02-22 18:43:51 - [TEST_STEP][PASSED] - verifyElementVisible(findTestObject("page_login/text_belum punya akun")): Object 'Object Repository/page_login/text_belum punya akun' is visible

2023-02-22 18:43:52 - [MESSAGE][PASSED] - Object 'Object Repository/page_login/text_belum punya akun' is visible

2023-02-22 18:43:52 - [TEST_STEP][PASSED] - verifyElementVisible(findTestObject("page_login/linktext_daftar di sini")): Object 'Object Repository/page_login/linktext_daftar di sini' is visible

2023-02-22 18:43:52 - [MESSAGE][PASSED] - Object 'Object Repository/page_login/linktext_daftar di sini' is visible

2023-02-22 18:43:52 - [MESSAGE][PASSED] - Call Test Case 'Test Cases/Pages/page_login/verify_content' successfully

2023-02-22 18:43:52 - [TEST_STEP][PASSED] - callTestCase(findTestCase("Pages/page_login/input_email"), ["email":email], STOP_ON_FAILURE): Call Test Case 'Test Cases/Pages/page_login/input_email' successfully

2023-02-22 18:43:52 - [TEST_CASE][PASSED] - Test Cases/Pages/page_login/input_email: Test Cases/Pages/page_login/input_email

2023-02-22 18:43:52 - [TEST_STEP][PASSED] - clearText(findTestObject("page_login/textfield_email")): Text of object 'Object Repository/page_login/textfield_email' is cleared

2023-02-22 18:43:53 - [MESSAGE][PASSED] - Text of object 'Object Repository/page_login/textfield_email' is cleared

2023-02-22 18:43:53 - [TEST_STEP][PASSED] - sendKeys(findTestObject("page_login/textfield_email"), email): Keys 'j.inprion@gmail.com' sent to object: 'Object Repository/page_login/textfield_email'

2023-02-22 18:43:53 - [MESSAGE][PASSED] - Keys 'j.inprion@gmail.com' sent to object: 'Object Repository/page_login/textfield_email'

2023-02-22 18:43:53 - [MESSAGE][PASSED] - Call Test Case 'Test Cases/Pages/page_login/input_email' successfully

2023-02-22 18:43:53 - [TEST_STEP][PASSED] - callTestCase(findTestCase("Pages/page_login/input_password"), ["password":password], STOP_ON_FAILURE): Call Test Case 'Test Cases/Pages/page_login/input_password' successfully

2023-02-22 18:43:53 - [TEST_CASE][PASSED] - Test Cases/Pages/page_login/input_password: Test Cases/Pages/page_login/input_password

2023-02-22 18:43:53 - [TEST_STEP][PASSED] - clearText(findTestObject("page_login/textfield_password")): Text of object 'Object Repository/page_login/textfield_password' is cleared

2023-02-22 18:43:54 - [MESSAGE][PASSED] - Text of object 'Object Repository/page_login/textfield_password' is cleared

2023-02-22 18:43:54 - [TEST_STEP][PASSED] - sendKeys(findTestObject("page_login/textfield_password"), password): Keys 'qwerty1234' sent to object: 'Object Repository/page_login/textfield_password'

2023-02-22 18:43:54 - [MESSAGE][PASSED] - Keys 'qwerty1234' sent to object: 'Object Repository/page_login/textfield_password'

2023-02-22 18:43:54 - [MESSAGE][PASSED] - Call Test Case 'Test Cases/Pages/page_login/input_password' successfully

2023-02-22 18:43:54 - [TEST_STEP][PASSED] - callTestCase(findTestCase("Pages/page_login/click_masuk"), [:], STOP_ON_FAILURE): Call Test Case 'Test Cases/Pages/page_login/click_masuk' successfully

2023-02-22 18:43:54 - [TEST_CASE][PASSED] - Test Cases/Pages/page_login/click_masuk: Test Cases/Pages/page_login/click_masuk

2023-02-22 18:43:54 - [TEST_STEP][PASSED] - click(findTestObject("page_login/btn_masuk")): Object: 'Object Repository/page_login/btn_masuk' is clicked on

2023-02-22 18:43:55 - [MESSAGE][PASSED] - Object: 'Object Repository/page_login/btn_masuk' is clicked on

2023-02-22 18:43:55 - [MESSAGE][PASSED] - Call Test Case 'Test Cases/Pages/page_login/click_masuk' successfully

2023-02-22 18:43:55 - [TEST_STEP][PASSED] - callTestCase(findTestCase("Pages/page_home/navigate_to_daftarjual_page"), [:], STOP_ON_FAILURE): Call Test Case 'Test Cases/Pages/page_home/navigate_to_daftarjual_page' successfully

2023-02-22 18:43:55 - [TEST_CASE][PASSED] - Test Cases/Pages/page_home/navigate_to_daftarjual_page: Test Cases/Pages/page_home/navigate_to_daftarjual_page

2023-02-22 18:43:55 - [TEST_STEP][PASSED] - delay(3): Delayed 3 second(s)

2023-02-22 18:43:58 - [MESSAGE][PASSED] - Delayed 3 second(s)

2023-02-22 18:43:58 - [TEST_STEP][PASSED] - verifyElementPresent(findTestObject("page_home/btn_daftar_jual_page"), 3): Object 'Object Repository/page_home/btn_daftar_jual_page' is present

2023-02-22 18:43:58 - [MESSAGE][PASSED] - Object 'Object Repository/page_home/btn_daftar_jual_page' is present

2023-02-22 18:43:58 - [TEST_STEP][PASSED] - click(findTestObject("page_home/btn_daftar_jual_page")): Object: 'Object Repository/page_home/btn_daftar_jual_page' is clicked on

2023-02-22 18:43:59 - [MESSAGE][PASSED] - Object: 'Object Repository/page_home/btn_daftar_jual_page' is clicked on

2023-02-22 18:43:59 - [MESSAGE][PASSED] - Call Test Case 'Test Cases/Pages/page_home/navigate_to_daftarjual_page' successfully

2023-02-22 18:43:59 - [TEST_STEP][PASSED] - callTestCase(findTestCase("Pages/page_productpage/tab_diminati/navigate_to_produk_langsung_tolak"), [:], STOP_ON_FAILURE): Call Test Case 'Test Cases/Pages/page_productpage/tab_diminati/navigate_to_produk_langsung_tolak' successfully

2023-02-22 18:43:59 - [TEST_CASE][PASSED] - Test Cases/Pages/page_productpage/tab_diminati/navigate_to_produk_langsung_tolak: Test Cases/Pages/page_productpage/tab_diminati/navigate_to_produk_langsung_tolak

2023-02-22 18:43:59 - [TEST_STEP][PASSED] - verifyElementVisible(findTestObject("page_productpage/Tab_Diminati/button_diminati")): Object 'Object Repository/page_productpage/Tab_Diminati/button_diminati' is visible

2023-02-22 18:44:02 - [MESSAGE][PASSED] - Object 'Object Repository/page_productpage/Tab_Diminati/button_diminati' is visible

2023-02-22 18:44:02 - [TEST_STEP][PASSED] - click(findTestObject("page_productpage/Tab_Diminati/button_diminati")): Object: 'Object Repository/page_productpage/Tab_Diminati/button_diminati' is clicked on

2023-02-22 18:44:03 - [MESSAGE][PASSED] - Object: 'Object Repository/page_productpage/Tab_Diminati/button_diminati' is clicked on

2023-02-22 18:44:03 - [TEST_STEP][PASSED] - verifyElementVisible(findTestObject("page_productpage/Tab_Diminati/div_tolak_langsung")): Object 'Object Repository/page_productpage/Tab_Diminati/div_tolak_langsung' is visible

2023-02-22 18:44:03 - [MESSAGE][PASSED] - Object 'Object Repository/page_productpage/Tab_Diminati/div_tolak_langsung' is visible

2023-02-22 18:44:03 - [TEST_STEP][PASSED] - click(findTestObject("page_productpage/Tab_Diminati/div_tolak_langsung")): Object: 'Object Repository/page_productpage/Tab_Diminati/div_tolak_langsung' is clicked on

2023-02-22 18:44:04 - [MESSAGE][PASSED] - Object: 'Object Repository/page_productpage/Tab_Diminati/div_tolak_langsung' is clicked on

2023-02-22 18:44:04 - [MESSAGE][PASSED] - Call Test Case 'Test Cases/Pages/page_productpage/tab_diminati/navigate_to_produk_langsung_tolak' successfully

2023-02-22 18:44:04 - [TEST_STEP][PASSED] - callTestCase(findTestCase("Pages/page_productpage/tab_diminati/click_tolak_transaksi_langsung"), [:], STOP_ON_FAILURE): Call Test Case 'Test Cases/Pages/page_productpage/tab_diminati/click_tolak_transaksi_langsung' successfully

2023-02-22 18:44:04 - [TEST_CASE][PASSED] - Test Cases/Pages/page_productpage/tab_diminati/click_tolak_transaksi_langsung: Test Cases/Pages/page_productpage/tab_diminati/click_tolak_transaksi_langsung

2023-02-22 18:44:04 - [TEST_STEP][PASSED] - verifyElementVisible(findTestObject("page_productpage/Tab_Diminati/button_tolak_langsung")): Object 'Object Repository/page_productpage/Tab_Diminati/button_tolak_langsung' is visible

2023-02-22 18:44:05 - [MESSAGE][PASSED] - Object 'Object Repository/page_productpage/Tab_Diminati/button_tolak_langsung' is visible

2023-02-22 18:44:05 - [TEST_STEP][PASSED] - click(findTestObject("page_productpage/Tab_Diminati/button_tolak_langsung")): Object: 'Object Repository/page_productpage/Tab_Diminati/button_tolak_langsung' is clicked on

2023-02-22 18:44:06 - [MESSAGE][PASSED] - Object: 'Object Repository/page_productpage/Tab_Diminati/button_tolak_langsung' is clicked on

2023-02-22 18:44:06 - [TEST_STEP][PASSED] - click(findTestObject("page_productpage/Tab_Diminati/button_Iya")): Object: 'Object Repository/page_productpage/Tab_Diminati/button_Iya' is clicked on

2023-02-22 18:44:06 - [MESSAGE][PASSED] - Object: 'Object Repository/page_productpage/Tab_Diminati/button_Iya' is clicked on

2023-02-22 18:44:06 - [MESSAGE][PASSED] - Call Test Case 'Test Cases/Pages/page_productpage/tab_diminati/click_tolak_transaksi_langsung' successfully

2023-02-22 18:44:06 - [TEST_STEP][PASSED] - callTestCase(findTestCase("Pages/page_productpage/tab_diminati/verify_bid_decline"), [:], STOP_ON_FAILURE): Call Test Case 'Test Cases/Pages/page_productpage/tab_diminati/verify_bid_decline' successfully

2023-02-22 18:44:06 - [TEST_CASE][PASSED] - Test Cases/Pages/page_productpage/tab_diminati/verify_bid_decline: Test Cases/Pages/page_productpage/tab_diminati/verify_bid_decline

2023-02-22 18:44:07 - [TEST_STEP][PASSED] - verifyElementVisible(findTestObject("page_productpage/Tab_Diminati/alert_tawaran_produk_ditolak"), STOP_ON_FAILURE): Object 'Object Repository/page_productpage/Tab_Diminati/alert_tawaran_produk_ditolak' is visible

2023-02-22 18:44:08 - [MESSAGE][PASSED] - Object 'Object Repository/page_productpage/Tab_Diminati/alert_tawaran_produk_ditolak' is visible

2023-02-22 18:44:08 - [MESSAGE][PASSED] - Call Test Case 'Test Cases/Pages/page_productpage/tab_diminati/verify_bid_decline' successfully]]></system-out>
         <system-err><![CDATA[]]></system-err>
      </testcase>
      <testcase name="Test Cases/Step Definition/feature_decline_transaction/UTD002 - Change status to decline" time="16.366" classname="Test Cases/Step Definition/feature_decline_transaction/UTD002 - Change status to decline" status="PASSED">
         <system-out><![CDATA[2023-02-22 18:44:08 - [TEST_CASE][PASSED] - Test Cases/Step Definition/feature_decline_transaction/UTD002 - Change status to decline: Test Cases/Step Definition/feature_decline_transaction/UTD002 - Change status to decline

2023-02-22 18:44:08 - [TEST_STEP][PASSED] - callTestCase(findTestCase("Pages/page_home/navigate_to_daftarjual_page"), [:], STOP_ON_FAILURE): Call Test Case 'Test Cases/Pages/page_home/navigate_to_daftarjual_page' successfully

2023-02-22 18:44:08 - [TEST_CASE][PASSED] - Test Cases/Pages/page_home/navigate_to_daftarjual_page: Test Cases/Pages/page_home/navigate_to_daftarjual_page

2023-02-22 18:44:08 - [TEST_STEP][PASSED] - delay(3): Delayed 3 second(s)

2023-02-22 18:44:12 - [MESSAGE][PASSED] - Delayed 3 second(s)

2023-02-22 18:44:12 - [TEST_STEP][PASSED] - verifyElementPresent(findTestObject("page_home/btn_daftar_jual_page"), 3): Object 'Object Repository/page_home/btn_daftar_jual_page' is present

2023-02-22 18:44:12 - [MESSAGE][PASSED] - Object 'Object Repository/page_home/btn_daftar_jual_page' is present

2023-02-22 18:44:12 - [TEST_STEP][PASSED] - click(findTestObject("page_home/btn_daftar_jual_page")): Object: 'Object Repository/page_home/btn_daftar_jual_page' is clicked on

2023-02-22 18:44:12 - [MESSAGE][PASSED] - Object: 'Object Repository/page_home/btn_daftar_jual_page' is clicked on

2023-02-22 18:44:12 - [MESSAGE][PASSED] - Call Test Case 'Test Cases/Pages/page_home/navigate_to_daftarjual_page' successfully

2023-02-22 18:44:12 - [TEST_STEP][PASSED] - callTestCase(findTestCase("Pages/page_productpage/tab_diminati/navigate_to_produk_change_status_to_decline"), [:], STOP_ON_FAILURE): Call Test Case 'Test Cases/Pages/page_productpage/tab_diminati/navigate_to_produk_change_status_to_decline' successfully

2023-02-22 18:44:12 - [TEST_CASE][PASSED] - Test Cases/Pages/page_productpage/tab_diminati/navigate_to_produk_change_status_to_decline: Test Cases/Pages/page_productpage/tab_diminati/navigate_to_produk_change_status_to_decline

2023-02-22 18:44:13 - [TEST_STEP][PASSED] - verifyElementVisible(findTestObject("page_productpage/Tab_Diminati/button_diminati")): Object 'Object Repository/page_productpage/Tab_Diminati/button_diminati' is visible

2023-02-22 18:44:15 - [MESSAGE][PASSED] - Object 'Object Repository/page_productpage/Tab_Diminati/button_diminati' is visible

2023-02-22 18:44:15 - [TEST_STEP][PASSED] - click(findTestObject("page_productpage/Tab_Diminati/button_diminati")): Object: 'Object Repository/page_productpage/Tab_Diminati/button_diminati' is clicked on

2023-02-22 18:44:15 - [MESSAGE][PASSED] - Object: 'Object Repository/page_productpage/Tab_Diminati/button_diminati' is clicked on

2023-02-22 18:44:15 - [TEST_STEP][PASSED] - verifyElementVisible(findTestObject("page_productpage/Tab_Diminati/div_produk_change_status_decline")): Object 'Object Repository/page_productpage/Tab_Diminati/div_produk_change_status_decline' is visible

2023-02-22 18:44:16 - [MESSAGE][PASSED] - Object 'Object Repository/page_productpage/Tab_Diminati/div_produk_change_status_decline' is visible

2023-02-22 18:44:16 - [TEST_STEP][PASSED] - click(findTestObject("page_productpage/Tab_Diminati/div_produk_change_status_decline")): Object: 'Object Repository/page_productpage/Tab_Diminati/div_produk_change_status_decline' is clicked on

2023-02-22 18:44:16 - [MESSAGE][PASSED] - Object: 'Object Repository/page_productpage/Tab_Diminati/div_produk_change_status_decline' is clicked on

2023-02-22 18:44:16 - [MESSAGE][PASSED] - Call Test Case 'Test Cases/Pages/page_productpage/tab_diminati/navigate_to_produk_change_status_to_decline' successfully

2023-02-22 18:44:16 - [TEST_STEP][PASSED] - callTestCase(findTestCase("Pages/page_productpage/tab_diminati/click_terima_button"), [:], STOP_ON_FAILURE): Call Test Case 'Test Cases/Pages/page_productpage/tab_diminati/click_terima_button' successfully

2023-02-22 18:44:16 - [TEST_CASE][PASSED] - Test Cases/Pages/page_productpage/tab_diminati/click_terima_button: Test Cases/Pages/page_productpage/tab_diminati/click_terima_button

2023-02-22 18:44:16 - [TEST_STEP][PASSED] - verifyElementVisible(findTestObject("page_productpage/Tab_Diminati/button_Terima")): Object 'Object Repository/page_productpage/Tab_Diminati/button_Terima' is visible

2023-02-22 18:44:17 - [MESSAGE][PASSED] - Object 'Object Repository/page_productpage/Tab_Diminati/button_Terima' is visible

2023-02-22 18:44:17 - [TEST_STEP][PASSED] - click(findTestObject("page_productpage/Tab_Diminati/button_Terima")): Object: 'Object Repository/page_productpage/Tab_Diminati/button_Terima' is clicked on

2023-02-22 18:44:18 - [MESSAGE][PASSED] - Object: 'Object Repository/page_productpage/Tab_Diminati/button_Terima' is clicked on

2023-02-22 18:44:18 - [MESSAGE][PASSED] - Call Test Case 'Test Cases/Pages/page_productpage/tab_diminati/click_terima_button' successfully

2023-02-22 18:44:18 - [TEST_STEP][PASSED] - callTestCase(findTestCase("Pages/page_productpage/tab_diminati/change_status_to_decline"), [:], STOP_ON_FAILURE): Call Test Case 'Test Cases/Pages/page_productpage/tab_diminati/change_status_to_decline' successfully

2023-02-22 18:44:18 - [TEST_CASE][PASSED] - Test Cases/Pages/page_productpage/tab_diminati/change_status_to_decline: Test Cases/Pages/page_productpage/tab_diminati/change_status_to_decline

2023-02-22 18:44:18 - [TEST_STEP][PASSED] - verifyElementVisible(findTestObject("page_productpage/Tab_Diminati/alert_produk_diterima")): Object 'Object Repository/page_productpage/Tab_Diminati/alert_produk_diterima' is visible

2023-02-22 18:44:19 - [MESSAGE][PASSED] - Object 'Object Repository/page_productpage/Tab_Diminati/alert_produk_diterima' is visible

2023-02-22 18:44:19 - [TEST_STEP][PASSED] - verifyElementVisible(findTestObject("page_productpage/Tab_Diminati/button_Status")): Object 'Object Repository/page_productpage/Tab_Diminati/button_Status' is visible

2023-02-22 18:44:19 - [MESSAGE][PASSED] - Object 'Object Repository/page_productpage/Tab_Diminati/button_Status' is visible

2023-02-22 18:44:19 - [TEST_STEP][PASSED] - click(findTestObject("page_productpage/Tab_Diminati/button_Status")): Object: 'Object Repository/page_productpage/Tab_Diminati/button_Status' is clicked on

2023-02-22 18:44:20 - [MESSAGE][PASSED] - Object: 'Object Repository/page_productpage/Tab_Diminati/button_Status' is clicked on

2023-02-22 18:44:20 - [TEST_STEP][PASSED] - click(findTestObject("page_productpage/Tab_Diminati/input_batalkan_transaksi")): Object: 'Object Repository/page_productpage/Tab_Diminati/input_batalkan_transaksi' is clicked on

2023-02-22 18:44:20 - [MESSAGE][PASSED] - Object: 'Object Repository/page_productpage/Tab_Diminati/input_batalkan_transaksi' is clicked on

2023-02-22 18:44:20 - [TEST_STEP][PASSED] - click(findTestObject("page_productpage/Tab_Diminati/button_change_status_transaction")): Object: 'Object Repository/page_productpage/Tab_Diminati/button_change_status_transaction' is clicked on

2023-02-22 18:44:21 - [MESSAGE][PASSED] - Object: 'Object Repository/page_productpage/Tab_Diminati/button_change_status_transaction' is clicked on

2023-02-22 18:44:21 - [TEST_STEP][PASSED] - click(findTestObject("page_daftarjual/btn_daftar_jual_page")): Object: 'Object Repository/page_daftarjual/btn_daftar_jual_page' is clicked on

2023-02-22 18:44:22 - [MESSAGE][PASSED] - Object: 'Object Repository/page_daftarjual/btn_daftar_jual_page' is clicked on

2023-02-22 18:44:22 - [TEST_STEP][PASSED] - click(findTestObject("page_productpage/Tab_Diminati/button_diminati")): Object: 'Object Repository/page_productpage/Tab_Diminati/button_diminati' is clicked on

2023-02-22 18:44:24 - [MESSAGE][PASSED] - Object: 'Object Repository/page_productpage/Tab_Diminati/button_diminati' is clicked on

2023-02-22 18:44:24 - [TEST_STEP][PASSED] - verifyElementNotPresent(findTestObject("page_productpage/Tab_Diminati/div_produk_change_status_decline"), 3): Web element with id: 'Object Repository/page_productpage/Tab_Diminati/div_produk_change_status_decline' located by 'By.xpath: //*[@class = 'content card' and (text() = 'Produklangsungditolak HobyDerprionRp 94.506,00 / Rp 123.456,00' or . = 'Produklangsungditolak HobyDerprionRp 94.506,00 / Rp 123.456,00')]' is not present after '3' second(s)

2023-02-22 18:44:25 - [MESSAGE][PASSED] - Web element with id: 'Object Repository/page_productpage/Tab_Diminati/div_produk_change_status_decline' located by 'By.xpath: //*[@class = 'content card' and (text() = 'Produklangsungditolak HobyDerprionRp 94.506,00 / Rp 123.456,00' or . = 'Produklangsungditolak HobyDerprionRp 94.506,00 / Rp 123.456,00')]' is not present after '3' second(s)

2023-02-22 18:44:25 - [MESSAGE][PASSED] - Call Test Case 'Test Cases/Pages/page_productpage/tab_diminati/change_status_to_decline' successfully]]></system-out>
         <system-err><![CDATA[]]></system-err>
      </testcase>
      <system-out><![CDATA[2023-02-22 18:43:39 - [TEST_SUITE][PASSED] - feature_decline_transaction: Test Cases/Step Definition/feature_decline_transaction/UTD002 - Change status to decline]]></system-out>
      <system-err><![CDATA[]]></system-err>
   </testsuite>
</testsuites>
