<?xml version="1.0" encoding="UTF-8"?>
<testsuites name="feature_accept_bid" time="74.399" tests="2" failures="0" errors="0">
   <testsuite name="feature_accept_bid" tests="2" failures="0" errors="0" time="74.399" skipped="0" timestamp="2023-02-22 18:44:41" hostname="ADITIA ARGA PRATAMA - LAPTOP-L0K8P5OF" id="Test Suites/Without Gherkin/feature_accept_bid">
      <properties>
         <property name="deviceName" value=""/>
         <property name="devicePlatform" value=""/>
         <property name="logFolder" value="C:\\Users\\ADITIA ARGA PRATAMA\\Katalon Studio\\web-automation-testing-kelompok-1.git\\Reports\\20230222_182952\\Without Gherkin\\feature_accept_bid\\20230222_183017"/>
         <property name="logFiles" value="C:\\Users\\ADITIA ARGA PRATAMA\\Katalon Studio\\web-automation-testing-kelompok-1.git\\Reports\\20230222_182952\\Without Gherkin\\feature_accept_bid\\20230222_183017\\execution0.log"/>
         <property name="attachments" value=""/>
         <property name="hostName" value="ADITIA ARGA PRATAMA - LAPTOP-L0K8P5OF"/>
         <property name="os" value="Windows 10 64bit"/>
         <property name="katalonVersion" value="8.5.5.208"/>
         <property name="browser" value="Chrome 110.0.0.0"/>
         <property name="hostAddress" value="192.168.127.126"/>
         <property name="sessionId" value="e8b93f7775cff5e71f34e3214bfd7180"/>
         <property name="seleniumVersion" value="3.141.59"/>
         <property name="proxyInformation" value="ProxyInformation { proxyOption=NO_PROXY, proxyServerType=HTTP, username=, password=********, proxyServerAddress=, proxyServerPort=0, executionList=&quot;&quot;, isApplyToDesiredCapabilities=true }"/>
         <property name="platform" value="Windows 10"/>
      </properties>
      <testcase name="Test Cases/Step Definition/feature_bid_or_buy_product/BBPHelper for accept bid" time="29.514" classname="Test Cases/Step Definition/feature_bid_or_buy_product/BBPHelper for accept bid" status="PASSED">
         <system-out><![CDATA[2023-02-22 18:44:47 - [TEST_CASE][PASSED] - Test Cases/Step Definition/feature_bid_or_buy_product/BBPHelper for accept bid: Test Cases/Step Definition/feature_bid_or_buy_product/BBPHelper for accept bid

2023-02-22 18:44:47 - [TEST_STEP][PASSED] - callTestCase(findTestCase("Step Definition/feature_see_product_detail/SDPhelper for accept bid"), ["email":"derprion@gmail.com", "password":"qwerty1234"], STOP_ON_FAILURE): Call Test Case 'Test Cases/Step Definition/feature_see_product_detail/SDPhelper for accept bid' successfully

2023-02-22 18:44:48 - [TEST_CASE][PASSED] - Test Cases/Step Definition/feature_see_product_detail/SDPhelper for accept bid: Test Cases/Step Definition/feature_see_product_detail/SDPhelper for accept bid

2023-02-22 18:44:48 - [TEST_STEP][PASSED] - openBrowser("https://secondhand-store.herokuapp.com/"): Browser is opened with url: 'https://secondhand-store.herokuapp.com/'

2023-02-22 18:44:48 - [MESSAGE][WARNING] - A browser is already opened. Closing browser and opening a new one

2023-02-22 18:44:48 - [MESSAGE][INFO] - Starting 'Chrome' driver

2023-02-22 18:44:48 - [MESSAGE][INFO] - Action delay is set to 0 milliseconds

2023-02-22 18:44:53 - [MESSAGE][PASSED] - Browser is opened with url: 'https://secondhand-store.herokuapp.com/'

2023-02-22 18:44:53 - [TEST_STEP][PASSED] - maximizeWindow(): Current window maximized

2023-02-22 18:44:53 - [MESSAGE][PASSED] - Current window maximized

2023-02-22 18:44:53 - [TEST_STEP][PASSED] - callTestCase(findTestCase("Pages/page_home/navigate_to_login_page"), [:], STOP_ON_FAILURE): Call Test Case 'Test Cases/Pages/page_home/navigate_to_login_page' successfully

2023-02-22 18:44:53 - [TEST_CASE][PASSED] - Test Cases/Pages/page_home/navigate_to_login_page: Test Cases/Pages/page_home/navigate_to_login_page

2023-02-22 18:44:53 - [TEST_STEP][PASSED] - verifyElementPresent(findTestObject("page_home/btn_masuk"), 3): Object 'Object Repository/page_home/btn_masuk' is present

2023-02-22 18:44:56 - [MESSAGE][PASSED] - Object 'Object Repository/page_home/btn_masuk' is present

2023-02-22 18:44:56 - [TEST_STEP][PASSED] - click(findTestObject("page_home/btn_masuk"), STOP_ON_FAILURE): Object: 'Object Repository/page_home/btn_masuk' is clicked on

2023-02-22 18:44:57 - [MESSAGE][PASSED] - Object: 'Object Repository/page_home/btn_masuk' is clicked on

2023-02-22 18:44:57 - [MESSAGE][PASSED] - Call Test Case 'Test Cases/Pages/page_home/navigate_to_login_page' successfully

2023-02-22 18:44:57 - [TEST_STEP][PASSED] - callTestCase(findTestCase("Pages/page_login/verify_content"), [:], STOP_ON_FAILURE): Call Test Case 'Test Cases/Pages/page_login/verify_content' successfully

2023-02-22 18:44:57 - [TEST_CASE][PASSED] - Test Cases/Pages/page_login/verify_content: Test Cases/Pages/page_login/verify_content

2023-02-22 18:44:57 - [TEST_STEP][PASSED] - verifyElementVisible(findTestObject("page_login/img_rectangle left")): Object 'Object Repository/page_login/img_rectangle left' is visible

2023-02-22 18:44:58 - [MESSAGE][PASSED] - Object 'Object Repository/page_login/img_rectangle left' is visible

2023-02-22 18:44:58 - [TEST_STEP][PASSED] - verifyElementVisible(findTestObject("page_login/text_secondHand")): Object 'Object Repository/page_login/text_secondHand' is visible

2023-02-22 18:44:58 - [MESSAGE][PASSED] - Object 'Object Repository/page_login/text_secondHand' is visible

2023-02-22 18:44:58 - [TEST_STEP][PASSED] - verifyElementVisible(findTestObject("page_login/text_masuk")): Object 'Object Repository/page_login/text_masuk' is visible

2023-02-22 18:44:58 - [MESSAGE][PASSED] - Object 'Object Repository/page_login/text_masuk' is visible

2023-02-22 18:44:58 - [TEST_STEP][PASSED] - verifyElementVisible(findTestObject("page_login/text_email")): Object 'Object Repository/page_login/text_email' is visible

2023-02-22 18:44:59 - [MESSAGE][PASSED] - Object 'Object Repository/page_login/text_email' is visible

2023-02-22 18:44:59 - [TEST_STEP][PASSED] - verifyElementVisible(findTestObject("page_login/textfield_email")): Object 'Object Repository/page_login/textfield_email' is visible

2023-02-22 18:44:59 - [MESSAGE][PASSED] - Object 'Object Repository/page_login/textfield_email' is visible

2023-02-22 18:44:59 - [TEST_STEP][PASSED] - verifyElementVisible(findTestObject("page_login/text_password")): Object 'Object Repository/page_login/text_password' is visible

2023-02-22 18:44:59 - [MESSAGE][PASSED] - Object 'Object Repository/page_login/text_password' is visible

2023-02-22 18:44:59 - [TEST_STEP][PASSED] - verifyElementVisible(findTestObject("page_login/textfield_password")): Object 'Object Repository/page_login/textfield_password' is visible

2023-02-22 18:45:00 - [MESSAGE][PASSED] - Object 'Object Repository/page_login/textfield_password' is visible

2023-02-22 18:45:00 - [TEST_STEP][PASSED] - verifyElementVisible(findTestObject("page_login/btn_masuk")): Object 'Object Repository/page_login/btn_masuk' is visible

2023-02-22 18:45:00 - [MESSAGE][PASSED] - Object 'Object Repository/page_login/btn_masuk' is visible

2023-02-22 18:45:00 - [TEST_STEP][PASSED] - verifyElementVisible(findTestObject("page_login/text_belum punya akun")): Object 'Object Repository/page_login/text_belum punya akun' is visible

2023-02-22 18:45:00 - [MESSAGE][PASSED] - Object 'Object Repository/page_login/text_belum punya akun' is visible

2023-02-22 18:45:00 - [TEST_STEP][PASSED] - verifyElementVisible(findTestObject("page_login/linktext_daftar di sini")): Object 'Object Repository/page_login/linktext_daftar di sini' is visible

2023-02-22 18:45:01 - [MESSAGE][PASSED] - Object 'Object Repository/page_login/linktext_daftar di sini' is visible

2023-02-22 18:45:01 - [MESSAGE][PASSED] - Call Test Case 'Test Cases/Pages/page_login/verify_content' successfully

2023-02-22 18:45:01 - [TEST_STEP][PASSED] - callTestCase(findTestCase("Pages/page_login/input_email"), ["email":email], STOP_ON_FAILURE): Call Test Case 'Test Cases/Pages/page_login/input_email' successfully

2023-02-22 18:45:01 - [TEST_CASE][PASSED] - Test Cases/Pages/page_login/input_email: Test Cases/Pages/page_login/input_email

2023-02-22 18:45:01 - [TEST_STEP][PASSED] - clearText(findTestObject("page_login/textfield_email")): Text of object 'Object Repository/page_login/textfield_email' is cleared

2023-02-22 18:45:01 - [MESSAGE][PASSED] - Text of object 'Object Repository/page_login/textfield_email' is cleared

2023-02-22 18:45:01 - [TEST_STEP][PASSED] - sendKeys(findTestObject("page_login/textfield_email"), email): Keys 'derprion@gmail.com' sent to object: 'Object Repository/page_login/textfield_email'

2023-02-22 18:45:02 - [MESSAGE][PASSED] - Keys 'derprion@gmail.com' sent to object: 'Object Repository/page_login/textfield_email'

2023-02-22 18:45:02 - [MESSAGE][PASSED] - Call Test Case 'Test Cases/Pages/page_login/input_email' successfully

2023-02-22 18:45:02 - [TEST_STEP][PASSED] - callTestCase(findTestCase("Pages/page_login/input_password"), ["password":password], STOP_ON_FAILURE): Call Test Case 'Test Cases/Pages/page_login/input_password' successfully

2023-02-22 18:45:02 - [TEST_CASE][PASSED] - Test Cases/Pages/page_login/input_password: Test Cases/Pages/page_login/input_password

2023-02-22 18:45:02 - [TEST_STEP][PASSED] - clearText(findTestObject("page_login/textfield_password")): Text of object 'Object Repository/page_login/textfield_password' is cleared

2023-02-22 18:45:02 - [MESSAGE][PASSED] - Text of object 'Object Repository/page_login/textfield_password' is cleared

2023-02-22 18:45:02 - [TEST_STEP][PASSED] - sendKeys(findTestObject("page_login/textfield_password"), password): Keys 'qwerty1234' sent to object: 'Object Repository/page_login/textfield_password'

2023-02-22 18:45:03 - [MESSAGE][PASSED] - Keys 'qwerty1234' sent to object: 'Object Repository/page_login/textfield_password'

2023-02-22 18:45:03 - [MESSAGE][PASSED] - Call Test Case 'Test Cases/Pages/page_login/input_password' successfully

2023-02-22 18:45:03 - [TEST_STEP][PASSED] - callTestCase(findTestCase("Pages/page_login/click_masuk"), [:], STOP_ON_FAILURE): Call Test Case 'Test Cases/Pages/page_login/click_masuk' successfully

2023-02-22 18:45:03 - [TEST_CASE][PASSED] - Test Cases/Pages/page_login/click_masuk: Test Cases/Pages/page_login/click_masuk

2023-02-22 18:45:03 - [TEST_STEP][PASSED] - click(findTestObject("page_login/btn_masuk")): Object: 'Object Repository/page_login/btn_masuk' is clicked on

2023-02-22 18:45:03 - [MESSAGE][PASSED] - Object: 'Object Repository/page_login/btn_masuk' is clicked on

2023-02-22 18:45:03 - [MESSAGE][PASSED] - Call Test Case 'Test Cases/Pages/page_login/click_masuk' successfully

2023-02-22 18:45:03 - [TEST_STEP][PASSED] - callTestCase(findTestCase("Pages/page_accept_bid/navigate_to_accept_bid_product"), [:], STOP_ON_FAILURE): Call Test Case 'Test Cases/Pages/page_accept_bid/navigate_to_accept_bid_product' successfully

2023-02-22 18:45:03 - [TEST_CASE][PASSED] - Test Cases/Pages/page_accept_bid/navigate_to_accept_bid_product: Test Cases/Pages/page_accept_bid/navigate_to_accept_bid_product

2023-02-22 18:45:04 - [TEST_STEP][PASSED] - scrollToElement(findTestObject("page_accept_bid/div_produk_accept_bid"), 6): Scroll to object 'Object Repository/page_accept_bid/div_produk_accept_bid' successfully

2023-02-22 18:45:06 - [MESSAGE][PASSED] - Scroll to object 'Object Repository/page_accept_bid/div_produk_accept_bid' successfully

2023-02-22 18:45:06 - [TEST_STEP][PASSED] - click(findTestObject("page_accept_bid/div_produk_accept_bid"), STOP_ON_FAILURE): Object: 'Object Repository/page_accept_bid/div_produk_accept_bid' is clicked on

2023-02-22 18:45:07 - [MESSAGE][PASSED] - Object: 'Object Repository/page_accept_bid/div_produk_accept_bid' is clicked on

2023-02-22 18:45:07 - [MESSAGE][PASSED] - Call Test Case 'Test Cases/Pages/page_accept_bid/navigate_to_accept_bid_product' successfully

2023-02-22 18:45:07 - [MESSAGE][PASSED] - Call Test Case 'Test Cases/Step Definition/feature_see_product_detail/SDPhelper for accept bid' successfully

2023-02-22 18:45:07 - [TEST_STEP][PASSED] - callTestCase(findTestCase("Pages/page_productpage/click_saya_tertarik_dan_ingin_nego"), [:], STOP_ON_FAILURE): Call Test Case 'Test Cases/Pages/page_productpage/click_saya_tertarik_dan_ingin_nego' successfully

2023-02-22 18:45:07 - [TEST_CASE][PASSED] - Test Cases/Pages/page_productpage/click_saya_tertarik_dan_ingin_nego: Test Cases/Pages/page_productpage/click_saya_tertarik_dan_ingin_nego

2023-02-22 18:45:07 - [TEST_STEP][PASSED] - scrollToElement(findTestObject("page_productpage/button_bid_buy_product"), 4): Scroll to object 'Object Repository/page_productpage/button_bid_buy_product' successfully

2023-02-22 18:45:10 - [MESSAGE][PASSED] - Scroll to object 'Object Repository/page_productpage/button_bid_buy_product' successfully

2023-02-22 18:45:10 - [TEST_STEP][PASSED] - scrollToPosition(0, 0): Browser is scrolled to position x = 0, y = 0

2023-02-22 18:45:10 - [MESSAGE][PASSED] - Browser is scrolled to position x = 0, y = 0

2023-02-22 18:45:10 - [TEST_STEP][PASSED] - click(findTestObject("page_productpage/button_bid_buy_product")): Object: 'Object Repository/page_productpage/button_bid_buy_product' is clicked on

2023-02-22 18:45:11 - [MESSAGE][PASSED] - Object: 'Object Repository/page_productpage/button_bid_buy_product' is clicked on

2023-02-22 18:45:11 - [MESSAGE][PASSED] - Call Test Case 'Test Cases/Pages/page_productpage/click_saya_tertarik_dan_ingin_nego' successfully

2023-02-22 18:45:11 - [TEST_STEP][PASSED] - callTestCase(findTestCase("Pages/page_productpage/input_harga_tawar"), ["harga_tawar":harga_tawar], STOP_ON_FAILURE): Call Test Case 'Test Cases/Pages/page_productpage/input_harga_tawar' successfully

2023-02-22 18:45:11 - [TEST_CASE][PASSED] - Test Cases/Pages/page_productpage/input_harga_tawar: Test Cases/Pages/page_productpage/input_harga_tawar

2023-02-22 18:45:11 - [TEST_STEP][PASSED] - verifyElementVisible(findTestObject("page_productpage/input_harga_tawar")): Object 'Object Repository/page_productpage/input_harga_tawar' is visible

2023-02-22 18:45:11 - [MESSAGE][PASSED] - Object 'Object Repository/page_productpage/input_harga_tawar' is visible

2023-02-22 18:45:11 - [TEST_STEP][PASSED] - verifyElementVisible(findTestObject("page_productpage/button_kirim_harga"), STOP_ON_FAILURE): Object 'Object Repository/page_productpage/button_kirim_harga' is visible

2023-02-22 18:45:12 - [MESSAGE][PASSED] - Object 'Object Repository/page_productpage/button_kirim_harga' is visible

2023-02-22 18:45:12 - [TEST_STEP][PASSED] - clearText(findTestObject("page_productpage/input_harga_tawar")): Text of object 'Object Repository/page_productpage/input_harga_tawar' is cleared

2023-02-22 18:45:12 - [MESSAGE][PASSED] - Text of object 'Object Repository/page_productpage/input_harga_tawar' is cleared

2023-02-22 18:45:12 - [TEST_STEP][PASSED] - sendKeys(findTestObject("page_productpage/input_harga_tawar"), harga_tawar): Keys '88888' sent to object: 'Object Repository/page_productpage/input_harga_tawar'

2023-02-22 18:45:13 - [MESSAGE][PASSED] - Keys '88888' sent to object: 'Object Repository/page_productpage/input_harga_tawar'

2023-02-22 18:45:13 - [MESSAGE][PASSED] - Call Test Case 'Test Cases/Pages/page_productpage/input_harga_tawar' successfully

2023-02-22 18:45:13 - [TEST_STEP][PASSED] - callTestCase(findTestCase("Pages/page_productpage/click_kirim_harga_tawar"), [:], STOP_ON_FAILURE): Call Test Case 'Test Cases/Pages/page_productpage/click_kirim_harga_tawar' successfully

2023-02-22 18:45:13 - [TEST_CASE][PASSED] - Test Cases/Pages/page_productpage/click_kirim_harga_tawar: Test Cases/Pages/page_productpage/click_kirim_harga_tawar

2023-02-22 18:45:13 - [TEST_STEP][PASSED] - verifyElementVisible(findTestObject("page_productpage/button_kirim_harga")): Object 'Object Repository/page_productpage/button_kirim_harga' is visible

2023-02-22 18:45:13 - [MESSAGE][PASSED] - Object 'Object Repository/page_productpage/button_kirim_harga' is visible

2023-02-22 18:45:13 - [TEST_STEP][PASSED] - click(findTestObject("page_productpage/button_kirim_harga")): Object: 'Object Repository/page_productpage/button_kirim_harga' is clicked on

2023-02-22 18:45:14 - [MESSAGE][PASSED] - Object: 'Object Repository/page_productpage/button_kirim_harga' is clicked on

2023-02-22 18:45:14 - [MESSAGE][PASSED] - Call Test Case 'Test Cases/Pages/page_productpage/click_kirim_harga_tawar' successfully

2023-02-22 18:45:14 - [TEST_STEP][PASSED] - callTestCase(findTestCase("Pages/page_productpage/verify_message_success_send_harga_tawar"), [:], STOP_ON_FAILURE): Call Test Case 'Test Cases/Pages/page_productpage/verify_message_success_send_harga_tawar' successfully

2023-02-22 18:45:14 - [TEST_CASE][PASSED] - Test Cases/Pages/page_productpage/verify_message_success_send_harga_tawar: Test Cases/Pages/page_productpage/verify_message_success_send_harga_tawar

2023-02-22 18:45:14 - [TEST_STEP][PASSED] - delay(2): Delayed 2 second(s)

2023-02-22 18:45:16 - [MESSAGE][PASSED] - Delayed 2 second(s)

2023-02-22 18:45:16 - [TEST_STEP][PASSED] - verifyElementVisible(findTestObject("page_productpage/div_alert_berhasil_kirim")): Object 'Object Repository/page_productpage/div_alert_berhasil_kirim' is visible

2023-02-22 18:45:16 - [MESSAGE][PASSED] - Object 'Object Repository/page_productpage/div_alert_berhasil_kirim' is visible

2023-02-22 18:45:16 - [TEST_STEP][PASSED] - verifyElementVisible(findTestObject("page_productpage/div_menunggu_respon_penjual")): Object 'Object Repository/page_productpage/div_menunggu_respon_penjual' is visible

2023-02-22 18:45:17 - [MESSAGE][PASSED] - Object 'Object Repository/page_productpage/div_menunggu_respon_penjual' is visible

2023-02-22 18:45:17 - [MESSAGE][PASSED] - Call Test Case 'Test Cases/Pages/page_productpage/verify_message_success_send_harga_tawar' successfully]]></system-out>
         <system-err><![CDATA[]]></system-err>
      </testcase>
      <testcase name="Test Cases/Step Definition/feature_accept_bid/ACB001 - Accept bid" time="39.019" classname="Test Cases/Step Definition/feature_accept_bid/ACB001 - Accept bid" status="PASSED">
         <system-out><![CDATA[2023-02-22 18:45:17 - [TEST_CASE][PASSED] - Test Cases/Step Definition/feature_accept_bid/ACB001 - Accept bid: Test Cases/Step Definition/feature_accept_bid/ACB001 - Accept bid

2023-02-22 18:45:17 - [TEST_STEP][PASSED] - callTestCase(findTestCase("Pages/page_login/navigate_to_login_page"), [:], STOP_ON_FAILURE): Call Test Case 'Test Cases/Pages/page_login/navigate_to_login_page' successfully

2023-02-22 18:45:17 - [TEST_CASE][PASSED] - Test Cases/Pages/page_login/navigate_to_login_page: Test Cases/Pages/page_login/navigate_to_login_page

2023-02-22 18:45:17 - [TEST_STEP][PASSED] - openBrowser(""): Browser is opened with url: ''

2023-02-22 18:45:17 - [MESSAGE][WARNING] - A browser is already opened. Closing browser and opening a new one

2023-02-22 18:45:18 - [MESSAGE][INFO] - Starting 'Chrome' driver

2023-02-22 18:45:18 - [MESSAGE][INFO] - Action delay is set to 0 milliseconds

2023-02-22 18:45:19 - [MESSAGE][PASSED] - Browser is opened with url: ''

2023-02-22 18:45:19 - [TEST_STEP][PASSED] - maximizeWindow(): Current window maximized

2023-02-22 18:45:19 - [MESSAGE][PASSED] - Current window maximized

2023-02-22 18:45:19 - [TEST_STEP][PASSED] - navigateToUrl("https://secondhand-store.herokuapp.com/"): Navigate to 'https://secondhand-store.herokuapp.com/' successfully

2023-02-22 18:45:25 - [MESSAGE][PASSED] - Navigate to 'https://secondhand-store.herokuapp.com/' successfully

2023-02-22 18:45:25 - [TEST_STEP][PASSED] - waitForElementPresent(findTestObject("page_home/btn_masuk"), 3): Object 'Object Repository/page_home/btn_masuk' is present

2023-02-22 18:45:29 - [MESSAGE][PASSED] - Object 'Object Repository/page_home/btn_masuk' is present

2023-02-22 18:45:29 - [TEST_STEP][PASSED] - click(findTestObject("page_home/btn_masuk")): Object: 'Object Repository/page_home/btn_masuk' is clicked on

2023-02-22 18:45:30 - [MESSAGE][PASSED] - Object: 'Object Repository/page_home/btn_masuk' is clicked on

2023-02-22 18:45:30 - [MESSAGE][PASSED] - Call Test Case 'Test Cases/Pages/page_login/navigate_to_login_page' successfully

2023-02-22 18:45:30 - [TEST_STEP][PASSED] - callTestCase(findTestCase("Pages/page_login/input_email"), ["email":email], STOP_ON_FAILURE): Call Test Case 'Test Cases/Pages/page_login/input_email' successfully

2023-02-22 18:45:30 - [TEST_CASE][PASSED] - Test Cases/Pages/page_login/input_email: Test Cases/Pages/page_login/input_email

2023-02-22 18:45:30 - [TEST_STEP][PASSED] - clearText(findTestObject("page_login/textfield_email")): Text of object 'Object Repository/page_login/textfield_email' is cleared

2023-02-22 18:45:30 - [MESSAGE][PASSED] - Text of object 'Object Repository/page_login/textfield_email' is cleared

2023-02-22 18:45:30 - [TEST_STEP][PASSED] - sendKeys(findTestObject("page_login/textfield_email"), email): Keys 'putriyulina45@gmail.com' sent to object: 'Object Repository/page_login/textfield_email'

2023-02-22 18:45:31 - [MESSAGE][PASSED] - Keys 'putriyulina45@gmail.com' sent to object: 'Object Repository/page_login/textfield_email'

2023-02-22 18:45:31 - [MESSAGE][PASSED] - Call Test Case 'Test Cases/Pages/page_login/input_email' successfully

2023-02-22 18:45:31 - [TEST_STEP][PASSED] - callTestCase(findTestCase("Pages/page_login/input_password"), ["password":password], STOP_ON_FAILURE): Call Test Case 'Test Cases/Pages/page_login/input_password' successfully

2023-02-22 18:45:31 - [TEST_CASE][PASSED] - Test Cases/Pages/page_login/input_password: Test Cases/Pages/page_login/input_password

2023-02-22 18:45:31 - [TEST_STEP][PASSED] - clearText(findTestObject("page_login/textfield_password")): Text of object 'Object Repository/page_login/textfield_password' is cleared

2023-02-22 18:45:31 - [MESSAGE][PASSED] - Text of object 'Object Repository/page_login/textfield_password' is cleared

2023-02-22 18:45:31 - [TEST_STEP][PASSED] - sendKeys(findTestObject("page_login/textfield_password"), password): Keys 'Puyulputriyulina123' sent to object: 'Object Repository/page_login/textfield_password'

2023-02-22 18:45:31 - [MESSAGE][PASSED] - Keys 'Puyulputriyulina123' sent to object: 'Object Repository/page_login/textfield_password'

2023-02-22 18:45:31 - [MESSAGE][PASSED] - Call Test Case 'Test Cases/Pages/page_login/input_password' successfully

2023-02-22 18:45:31 - [TEST_STEP][PASSED] - callTestCase(findTestCase("Pages/page_login/click_masuk"), [:], STOP_ON_FAILURE): Call Test Case 'Test Cases/Pages/page_login/click_masuk' successfully

2023-02-22 18:45:32 - [TEST_CASE][PASSED] - Test Cases/Pages/page_login/click_masuk: Test Cases/Pages/page_login/click_masuk

2023-02-22 18:45:32 - [TEST_STEP][PASSED] - click(findTestObject("page_login/btn_masuk")): Object: 'Object Repository/page_login/btn_masuk' is clicked on

2023-02-22 18:45:32 - [MESSAGE][PASSED] - Object: 'Object Repository/page_login/btn_masuk' is clicked on

2023-02-22 18:45:32 - [MESSAGE][PASSED] - Call Test Case 'Test Cases/Pages/page_login/click_masuk' successfully

2023-02-22 18:45:32 - [TEST_STEP][PASSED] - callTestCase(findTestCase("Pages/page_home/navigate_to_daftarjual_page"), [:], STOP_ON_FAILURE): Call Test Case 'Test Cases/Pages/page_home/navigate_to_daftarjual_page' successfully

2023-02-22 18:45:32 - [TEST_CASE][PASSED] - Test Cases/Pages/page_home/navigate_to_daftarjual_page: Test Cases/Pages/page_home/navigate_to_daftarjual_page

2023-02-22 18:45:32 - [TEST_STEP][PASSED] - delay(3): Delayed 3 second(s)

2023-02-22 18:45:35 - [MESSAGE][PASSED] - Delayed 3 second(s)

2023-02-22 18:45:35 - [TEST_STEP][PASSED] - verifyElementPresent(findTestObject("page_home/btn_daftar_jual_page"), 3): Object 'Object Repository/page_home/btn_daftar_jual_page' is present

2023-02-22 18:45:36 - [MESSAGE][PASSED] - Object 'Object Repository/page_home/btn_daftar_jual_page' is present

2023-02-22 18:45:36 - [TEST_STEP][PASSED] - click(findTestObject("page_home/btn_daftar_jual_page")): Object: 'Object Repository/page_home/btn_daftar_jual_page' is clicked on

2023-02-22 18:45:36 - [MESSAGE][PASSED] - Object: 'Object Repository/page_home/btn_daftar_jual_page' is clicked on

2023-02-22 18:45:36 - [MESSAGE][PASSED] - Call Test Case 'Test Cases/Pages/page_home/navigate_to_daftarjual_page' successfully

2023-02-22 18:45:36 - [TEST_STEP][PASSED] - callTestCase(findTestCase("Pages/page_sellerlist/click_button_diminati"), [:], STOP_ON_FAILURE): Call Test Case 'Test Cases/Pages/page_sellerlist/click_button_diminati' successfully

2023-02-22 18:45:36 - [TEST_CASE][PASSED] - Test Cases/Pages/page_sellerlist/click_button_diminati: Test Cases/Pages/page_sellerlist/click_button_diminati

2023-02-22 18:45:36 - [TEST_STEP][PASSED] - waitForElementPresent(findTestObject("page_sellerlist/text_diminati"), 5): Object 'Object Repository/page_sellerlist/text_diminati' is present

2023-02-22 18:45:39 - [MESSAGE][PASSED] - Object 'Object Repository/page_sellerlist/text_diminati' is present

2023-02-22 18:45:39 - [TEST_STEP][PASSED] - click(findTestObject("page_sellerlist/text_diminati")): Object: 'Object Repository/page_sellerlist/text_diminati' is clicked on

2023-02-22 18:45:39 - [MESSAGE][PASSED] - Object: 'Object Repository/page_sellerlist/text_diminati' is clicked on

2023-02-22 18:45:39 - [MESSAGE][PASSED] - Call Test Case 'Test Cases/Pages/page_sellerlist/click_button_diminati' successfully

2023-02-22 18:45:39 - [TEST_STEP][PASSED] - callTestCase(findTestCase("Pages/page_accept_bid/click_card_diminati"), [:], STOP_ON_FAILURE): Call Test Case 'Test Cases/Pages/page_accept_bid/click_card_diminati' successfully

2023-02-22 18:45:39 - [TEST_CASE][PASSED] - Test Cases/Pages/page_accept_bid/click_card_diminati: Test Cases/Pages/page_accept_bid/click_card_diminati

2023-02-22 18:45:39 - [TEST_STEP][PASSED] - waitForElementPresent(findTestObject("page_accept_bid/card_diminati"), 5): Object 'Object Repository/page_accept_bid/card_diminati' is present

2023-02-22 18:45:40 - [MESSAGE][PASSED] - Object 'Object Repository/page_accept_bid/card_diminati' is present

2023-02-22 18:45:40 - [TEST_STEP][PASSED] - click(findTestObject("page_accept_bid/card_diminati")): Object: 'Object Repository/page_accept_bid/card_diminati' is clicked on

2023-02-22 18:45:40 - [MESSAGE][PASSED] - Object: 'Object Repository/page_accept_bid/card_diminati' is clicked on

2023-02-22 18:45:40 - [MESSAGE][PASSED] - Call Test Case 'Test Cases/Pages/page_accept_bid/click_card_diminati' successfully

2023-02-22 18:45:40 - [TEST_STEP][PASSED] - callTestCase(findTestCase("Pages/page_accept_bid/click_accept"), [:], STOP_ON_FAILURE): Call Test Case 'Test Cases/Pages/page_accept_bid/click_accept' successfully

2023-02-22 18:45:40 - [TEST_CASE][PASSED] - Test Cases/Pages/page_accept_bid/click_accept: Test Cases/Pages/page_accept_bid/click_accept

2023-02-22 18:45:40 - [TEST_STEP][PASSED] - waitForElementPresent(findTestObject("page_accept_bid/btn_accept"), 3): Object 'Object Repository/page_accept_bid/btn_accept' is present

2023-02-22 18:45:42 - [MESSAGE][PASSED] - Object 'Object Repository/page_accept_bid/btn_accept' is present

2023-02-22 18:45:42 - [TEST_STEP][PASSED] - click(findTestObject("page_accept_bid/btn_accept")): Object: 'Object Repository/page_accept_bid/btn_accept' is clicked on

2023-02-22 18:45:42 - [MESSAGE][PASSED] - Object: 'Object Repository/page_accept_bid/btn_accept' is clicked on

2023-02-22 18:45:42 - [MESSAGE][PASSED] - Call Test Case 'Test Cases/Pages/page_accept_bid/click_accept' successfully

2023-02-22 18:45:42 - [TEST_STEP][PASSED] - callTestCase(findTestCase("Pages/page_accept_bid/success_to_accept_bid"), [:], STOP_ON_FAILURE): Call Test Case 'Test Cases/Pages/page_accept_bid/success_to_accept_bid' successfully

2023-02-22 18:45:42 - [TEST_CASE][PASSED] - Test Cases/Pages/page_accept_bid/success_to_accept_bid: Test Cases/Pages/page_accept_bid/success_to_accept_bid

2023-02-22 18:45:43 - [TEST_STEP][PASSED] - verifyElementPresent(findTestObject("page_accept_bid/info_success_accept_bid"), 5): Object 'Object Repository/page_accept_bid/info_success_accept_bid' is present

2023-02-22 18:45:44 - [MESSAGE][PASSED] - Object 'Object Repository/page_accept_bid/info_success_accept_bid' is present

2023-02-22 18:45:44 - [TEST_STEP][PASSED] - delay(5): Delayed 5 second(s)

2023-02-22 18:45:49 - [MESSAGE][PASSED] - Delayed 5 second(s)

2023-02-22 18:45:49 - [MESSAGE][PASSED] - Call Test Case 'Test Cases/Pages/page_accept_bid/success_to_accept_bid' successfully

2023-02-22 18:45:49 - [TEST_STEP][PASSED] - callTestCase(findTestCase("Pages/page_accept_bid/clear_accept_bid"), [:], STOP_ON_FAILURE): Call Test Case 'Test Cases/Pages/page_accept_bid/clear_accept_bid' successfully

2023-02-22 18:45:49 - [TEST_CASE][PASSED] - Test Cases/Pages/page_accept_bid/clear_accept_bid: Test Cases/Pages/page_accept_bid/clear_accept_bid

2023-02-22 18:45:49 - [TEST_STEP][PASSED] - verifyElementVisible(findTestObject("page_productpage/Tab_Diminati/button_Status")): Object 'Object Repository/page_productpage/Tab_Diminati/button_Status' is visible

2023-02-22 18:45:49 - [MESSAGE][PASSED] - Object 'Object Repository/page_productpage/Tab_Diminati/button_Status' is visible

2023-02-22 18:45:49 - [TEST_STEP][PASSED] - click(findTestObject("page_productpage/Tab_Diminati/button_Status")): Object: 'Object Repository/page_productpage/Tab_Diminati/button_Status' is clicked on

2023-02-22 18:45:50 - [MESSAGE][PASSED] - Object: 'Object Repository/page_productpage/Tab_Diminati/button_Status' is clicked on

2023-02-22 18:45:50 - [TEST_STEP][PASSED] - click(findTestObject("page_productpage/Tab_Diminati/input_batalkan_transaksi")): Object: 'Object Repository/page_productpage/Tab_Diminati/input_batalkan_transaksi' is clicked on

2023-02-22 18:45:50 - [MESSAGE][PASSED] - Object: 'Object Repository/page_productpage/Tab_Diminati/input_batalkan_transaksi' is clicked on

2023-02-22 18:45:50 - [TEST_STEP][PASSED] - click(findTestObject("page_productpage/Tab_Diminati/button_change_status_transaction")): Object: 'Object Repository/page_productpage/Tab_Diminati/button_change_status_transaction' is clicked on

2023-02-22 18:45:51 - [MESSAGE][PASSED] - Object: 'Object Repository/page_productpage/Tab_Diminati/button_change_status_transaction' is clicked on

2023-02-22 18:45:51 - [TEST_STEP][PASSED] - delay(5): Delayed 5 second(s)

2023-02-22 18:45:56 - [MESSAGE][PASSED] - Delayed 5 second(s)

2023-02-22 18:45:56 - [MESSAGE][PASSED] - Call Test Case 'Test Cases/Pages/page_accept_bid/clear_accept_bid' successfully]]></system-out>
         <system-err><![CDATA[]]></system-err>
      </testcase>
      <system-out><![CDATA[2023-02-22 18:44:41 - [TEST_SUITE][PASSED] - feature_accept_bid: Test Cases/Step Definition/feature_accept_bid/ACB001 - Accept bid]]></system-out>
      <system-err><![CDATA[]]></system-err>
   </testsuite>
</testsuites>
