<?xml version="1.0" encoding="UTF-8"?>
<testsuites name="feature_edit_product" time="52.44" tests="2" failures="0" errors="0">
   <testsuite name="feature_edit_product" tests="2" failures="0" errors="0" time="52.44" skipped="0" timestamp="2023-02-22 18:40:01" hostname="ADITIA ARGA PRATAMA - LAPTOP-L0K8P5OF" id="Test Suites/Without Gherkin/feature_edit_product">
      <properties>
         <property name="deviceName" value=""/>
         <property name="devicePlatform" value=""/>
         <property name="logFolder" value="C:\\Users\\ADITIA ARGA PRATAMA\\Katalon Studio\\web-automation-testing-kelompok-1.git\\Reports\\20230222_182952\\Without Gherkin\\feature_edit_product\\20230222_183009"/>
         <property name="logFiles" value="C:\\Users\\ADITIA ARGA PRATAMA\\Katalon Studio\\web-automation-testing-kelompok-1.git\\Reports\\20230222_182952\\Without Gherkin\\feature_edit_product\\20230222_183009\\execution0.log"/>
         <property name="attachments" value=""/>
         <property name="hostName" value="ADITIA ARGA PRATAMA - LAPTOP-L0K8P5OF"/>
         <property name="os" value="Windows 10 64bit"/>
         <property name="katalonVersion" value="8.5.5.208"/>
         <property name="browser" value="Chrome 110.0.0.0"/>
         <property name="hostAddress" value="192.168.127.126"/>
         <property name="sessionId" value="36feb820cb8aa263cbbe9a7c33a2414f"/>
         <property name="seleniumVersion" value="3.141.59"/>
         <property name="proxyInformation" value="ProxyInformation { proxyOption=NO_PROXY, proxyServerType=HTTP, username=, password=********, proxyServerAddress=, proxyServerPort=0, executionList=&quot;&quot;, isApplyToDesiredCapabilities=true }"/>
         <property name="platform" value="Windows 10"/>
      </properties>
      <testcase name="Test Cases/Step Definition/feature_edit_product/EDP001 - Cancel edit product" time="23.335" classname="Test Cases/Step Definition/feature_edit_product/EDP001 - Cancel edit product" status="PASSED">
         <system-out><![CDATA[2023-02-22 18:40:09 - [TEST_CASE][PASSED] - Test Cases/Step Definition/feature_edit_product/EDP001 - Cancel edit product: Test Cases/Step Definition/feature_edit_product/EDP001 - Cancel edit product

2023-02-22 18:40:09 - [TEST_STEP][PASSED] - callTestCase(findTestCase("Pages/page_home/navigate_to_login_page"), [:], STOP_ON_FAILURE): Call Test Case 'Test Cases/Pages/page_home/navigate_to_login_page' successfully

2023-02-22 18:40:09 - [TEST_CASE][PASSED] - Test Cases/Pages/page_home/navigate_to_login_page: Test Cases/Pages/page_home/navigate_to_login_page

2023-02-22 18:40:10 - [TEST_STEP][PASSED] - verifyElementPresent(findTestObject("page_home/btn_masuk"), 3): Object 'Object Repository/page_home/btn_masuk' is present

2023-02-22 18:40:12 - [MESSAGE][PASSED] - Object 'Object Repository/page_home/btn_masuk' is present

2023-02-22 18:40:12 - [TEST_STEP][PASSED] - click(findTestObject("page_home/btn_masuk"), STOP_ON_FAILURE): Object: 'Object Repository/page_home/btn_masuk' is clicked on

2023-02-22 18:40:12 - [MESSAGE][PASSED] - Object: 'Object Repository/page_home/btn_masuk' is clicked on

2023-02-22 18:40:12 - [MESSAGE][PASSED] - Call Test Case 'Test Cases/Pages/page_home/navigate_to_login_page' successfully

2023-02-22 18:40:12 - [TEST_STEP][PASSED] - callTestCase(findTestCase("Pages/page_login/verify_content"), [:], STOP_ON_FAILURE): Call Test Case 'Test Cases/Pages/page_login/verify_content' successfully

2023-02-22 18:40:12 - [TEST_CASE][PASSED] - Test Cases/Pages/page_login/verify_content: Test Cases/Pages/page_login/verify_content

2023-02-22 18:40:13 - [TEST_STEP][PASSED] - verifyElementVisible(findTestObject("page_login/img_rectangle left")): Object 'Object Repository/page_login/img_rectangle left' is visible

2023-02-22 18:40:13 - [MESSAGE][PASSED] - Object 'Object Repository/page_login/img_rectangle left' is visible

2023-02-22 18:40:13 - [TEST_STEP][PASSED] - verifyElementVisible(findTestObject("page_login/text_secondHand")): Object 'Object Repository/page_login/text_secondHand' is visible

2023-02-22 18:40:13 - [MESSAGE][PASSED] - Object 'Object Repository/page_login/text_secondHand' is visible

2023-02-22 18:40:13 - [TEST_STEP][PASSED] - verifyElementVisible(findTestObject("page_login/text_masuk")): Object 'Object Repository/page_login/text_masuk' is visible

2023-02-22 18:40:14 - [MESSAGE][PASSED] - Object 'Object Repository/page_login/text_masuk' is visible

2023-02-22 18:40:14 - [TEST_STEP][PASSED] - verifyElementVisible(findTestObject("page_login/text_email")): Object 'Object Repository/page_login/text_email' is visible

2023-02-22 18:40:14 - [MESSAGE][PASSED] - Object 'Object Repository/page_login/text_email' is visible

2023-02-22 18:40:14 - [TEST_STEP][PASSED] - verifyElementVisible(findTestObject("page_login/textfield_email")): Object 'Object Repository/page_login/textfield_email' is visible

2023-02-22 18:40:14 - [MESSAGE][PASSED] - Object 'Object Repository/page_login/textfield_email' is visible

2023-02-22 18:40:14 - [TEST_STEP][PASSED] - verifyElementVisible(findTestObject("page_login/text_password")): Object 'Object Repository/page_login/text_password' is visible

2023-02-22 18:40:15 - [MESSAGE][PASSED] - Object 'Object Repository/page_login/text_password' is visible

2023-02-22 18:40:15 - [TEST_STEP][PASSED] - verifyElementVisible(findTestObject("page_login/textfield_password")): Object 'Object Repository/page_login/textfield_password' is visible

2023-02-22 18:40:15 - [MESSAGE][PASSED] - Object 'Object Repository/page_login/textfield_password' is visible

2023-02-22 18:40:15 - [TEST_STEP][PASSED] - verifyElementVisible(findTestObject("page_login/btn_masuk")): Object 'Object Repository/page_login/btn_masuk' is visible

2023-02-22 18:40:15 - [MESSAGE][PASSED] - Object 'Object Repository/page_login/btn_masuk' is visible

2023-02-22 18:40:15 - [TEST_STEP][PASSED] - verifyElementVisible(findTestObject("page_login/text_belum punya akun")): Object 'Object Repository/page_login/text_belum punya akun' is visible

2023-02-22 18:40:16 - [MESSAGE][PASSED] - Object 'Object Repository/page_login/text_belum punya akun' is visible

2023-02-22 18:40:16 - [TEST_STEP][PASSED] - verifyElementVisible(findTestObject("page_login/linktext_daftar di sini")): Object 'Object Repository/page_login/linktext_daftar di sini' is visible

2023-02-22 18:40:16 - [MESSAGE][PASSED] - Object 'Object Repository/page_login/linktext_daftar di sini' is visible

2023-02-22 18:40:16 - [MESSAGE][PASSED] - Call Test Case 'Test Cases/Pages/page_login/verify_content' successfully

2023-02-22 18:40:16 - [TEST_STEP][PASSED] - callTestCase(findTestCase("Pages/page_login/input_email"), ["email":email], STOP_ON_FAILURE): Call Test Case 'Test Cases/Pages/page_login/input_email' successfully

2023-02-22 18:40:16 - [TEST_CASE][PASSED] - Test Cases/Pages/page_login/input_email: Test Cases/Pages/page_login/input_email

2023-02-22 18:40:16 - [TEST_STEP][PASSED] - clearText(findTestObject("page_login/textfield_email")): Text of object 'Object Repository/page_login/textfield_email' is cleared

2023-02-22 18:40:17 - [MESSAGE][PASSED] - Text of object 'Object Repository/page_login/textfield_email' is cleared

2023-02-22 18:40:17 - [TEST_STEP][PASSED] - sendKeys(findTestObject("page_login/textfield_email"), email): Keys 'd.erprion@gmail.com' sent to object: 'Object Repository/page_login/textfield_email'

2023-02-22 18:40:17 - [MESSAGE][PASSED] - Keys 'd.erprion@gmail.com' sent to object: 'Object Repository/page_login/textfield_email'

2023-02-22 18:40:17 - [MESSAGE][PASSED] - Call Test Case 'Test Cases/Pages/page_login/input_email' successfully

2023-02-22 18:40:17 - [TEST_STEP][PASSED] - callTestCase(findTestCase("Pages/page_login/input_password"), ["password":password], STOP_ON_FAILURE): Call Test Case 'Test Cases/Pages/page_login/input_password' successfully

2023-02-22 18:40:17 - [TEST_CASE][PASSED] - Test Cases/Pages/page_login/input_password: Test Cases/Pages/page_login/input_password

2023-02-22 18:40:17 - [TEST_STEP][PASSED] - clearText(findTestObject("page_login/textfield_password")): Text of object 'Object Repository/page_login/textfield_password' is cleared

2023-02-22 18:40:18 - [MESSAGE][PASSED] - Text of object 'Object Repository/page_login/textfield_password' is cleared

2023-02-22 18:40:18 - [TEST_STEP][PASSED] - sendKeys(findTestObject("page_login/textfield_password"), password): Keys 'qwerty1234' sent to object: 'Object Repository/page_login/textfield_password'

2023-02-22 18:40:18 - [MESSAGE][PASSED] - Keys 'qwerty1234' sent to object: 'Object Repository/page_login/textfield_password'

2023-02-22 18:40:18 - [MESSAGE][PASSED] - Call Test Case 'Test Cases/Pages/page_login/input_password' successfully

2023-02-22 18:40:18 - [TEST_STEP][PASSED] - callTestCase(findTestCase("Pages/page_login/click_masuk"), [:], STOP_ON_FAILURE): Call Test Case 'Test Cases/Pages/page_login/click_masuk' successfully

2023-02-22 18:40:18 - [TEST_CASE][PASSED] - Test Cases/Pages/page_login/click_masuk: Test Cases/Pages/page_login/click_masuk

2023-02-22 18:40:18 - [TEST_STEP][PASSED] - click(findTestObject("page_login/btn_masuk")): Object: 'Object Repository/page_login/btn_masuk' is clicked on

2023-02-22 18:40:19 - [MESSAGE][PASSED] - Object: 'Object Repository/page_login/btn_masuk' is clicked on

2023-02-22 18:40:19 - [MESSAGE][PASSED] - Call Test Case 'Test Cases/Pages/page_login/click_masuk' successfully

2023-02-22 18:40:19 - [TEST_STEP][PASSED] - callTestCase(findTestCase("Pages/page_home/navigate_to_daftarjual_page"), [:], STOP_ON_FAILURE): Call Test Case 'Test Cases/Pages/page_home/navigate_to_daftarjual_page' successfully

2023-02-22 18:40:19 - [TEST_CASE][PASSED] - Test Cases/Pages/page_home/navigate_to_daftarjual_page: Test Cases/Pages/page_home/navigate_to_daftarjual_page

2023-02-22 18:40:19 - [TEST_STEP][PASSED] - delay(3): Delayed 3 second(s)

2023-02-22 18:40:22 - [MESSAGE][PASSED] - Delayed 3 second(s)

2023-02-22 18:40:22 - [TEST_STEP][PASSED] - verifyElementPresent(findTestObject("page_home/btn_daftar_jual_page"), 3): Object 'Object Repository/page_home/btn_daftar_jual_page' is present

2023-02-22 18:40:22 - [MESSAGE][PASSED] - Object 'Object Repository/page_home/btn_daftar_jual_page' is present

2023-02-22 18:40:22 - [TEST_STEP][PASSED] - click(findTestObject("page_home/btn_daftar_jual_page")): Object: 'Object Repository/page_home/btn_daftar_jual_page' is clicked on

2023-02-22 18:40:23 - [MESSAGE][PASSED] - Object: 'Object Repository/page_home/btn_daftar_jual_page' is clicked on

2023-02-22 18:40:23 - [MESSAGE][PASSED] - Call Test Case 'Test Cases/Pages/page_home/navigate_to_daftarjual_page' successfully

2023-02-22 18:40:23 - [TEST_STEP][PASSED] - callTestCase(findTestCase("Pages/page_daftarjual/navigate_to_edit_product"), [:], STOP_ON_FAILURE): Call Test Case 'Test Cases/Pages/page_daftarjual/navigate_to_edit_product' successfully

2023-02-22 18:40:23 - [TEST_CASE][PASSED] - Test Cases/Pages/page_daftarjual/navigate_to_edit_product: Test Cases/Pages/page_daftarjual/navigate_to_edit_product

2023-02-22 18:40:23 - [TEST_STEP][PASSED] - verifyElementPresent(findTestObject("page_daftarjual/div_edit_produk"), 3): Object 'Object Repository/page_daftarjual/div_edit_produk' is present

2023-02-22 18:40:26 - [MESSAGE][PASSED] - Object 'Object Repository/page_daftarjual/div_edit_produk' is present

2023-02-22 18:40:26 - [TEST_STEP][PASSED] - click(findTestObject("page_daftarjual/div_edit_produk"), STOP_ON_FAILURE): Object: 'Object Repository/page_daftarjual/div_edit_produk' is clicked on

2023-02-22 18:40:27 - [MESSAGE][PASSED] - Object: 'Object Repository/page_daftarjual/div_edit_produk' is clicked on

2023-02-22 18:40:27 - [MESSAGE][PASSED] - Call Test Case 'Test Cases/Pages/page_daftarjual/navigate_to_edit_product' successfully

2023-02-22 18:40:27 - [TEST_STEP][PASSED] - callTestCase(findTestCase("Pages/page_productpage/click_edit_button"), [:], STOP_ON_FAILURE): Call Test Case 'Test Cases/Pages/page_productpage/click_edit_button' successfully

2023-02-22 18:40:27 - [TEST_CASE][PASSED] - Test Cases/Pages/page_productpage/click_edit_button: Test Cases/Pages/page_productpage/click_edit_button

2023-02-22 18:40:27 - [TEST_STEP][PASSED] - verifyElementPresent(findTestObject("page_productpage/btn_edit"), 2): Object 'Object Repository/page_productpage/btn_edit' is present

2023-02-22 18:40:28 - [MESSAGE][PASSED] - Object 'Object Repository/page_productpage/btn_edit' is present

2023-02-22 18:40:28 - [TEST_STEP][PASSED] - click(findTestObject("page_productpage/btn_edit"), STOP_ON_FAILURE): Object: 'Object Repository/page_productpage/btn_edit' is clicked on

2023-02-22 18:40:29 - [MESSAGE][PASSED] - Object: 'Object Repository/page_productpage/btn_edit' is clicked on

2023-02-22 18:40:29 - [MESSAGE][PASSED] - Call Test Case 'Test Cases/Pages/page_productpage/click_edit_button' successfully

2023-02-22 18:40:29 - [TEST_STEP][PASSED] - callTestCase(findTestCase("Pages/page_productinfo/cancel_edit_product"), [:], STOP_ON_FAILURE): Call Test Case 'Test Cases/Pages/page_productinfo/cancel_edit_product' successfully

2023-02-22 18:40:29 - [TEST_CASE][PASSED] - Test Cases/Pages/page_productinfo/cancel_edit_product: Test Cases/Pages/page_productinfo/cancel_edit_product

2023-02-22 18:40:29 - [TEST_STEP][PASSED] - click(findTestObject("page_productinfo/btn_back_cancel")): Object: 'Object Repository/page_productinfo/btn_back_cancel' is clicked on

2023-02-22 18:40:30 - [MESSAGE][PASSED] - Object: 'Object Repository/page_productinfo/btn_back_cancel' is clicked on

2023-02-22 18:40:30 - [TEST_STEP][PASSED] - verifyElementVisible(findTestObject("page_home/h2_homepage"), STOP_ON_FAILURE): Object 'Object Repository/page_home/h2_homepage' is visible

2023-02-22 18:40:32 - [MESSAGE][PASSED] - Object 'Object Repository/page_home/h2_homepage' is visible

2023-02-22 18:40:32 - [MESSAGE][PASSED] - Call Test Case 'Test Cases/Pages/page_productinfo/cancel_edit_product' successfully]]></system-out>
         <system-err><![CDATA[]]></system-err>
      </testcase>
      <testcase name="Test Cases/Step Definition/feature_edit_product/EDP002 - Edit product with valid information" time="21.539" classname="Test Cases/Step Definition/feature_edit_product/EDP002 - Edit product with valid information" status="PASSED">
         <system-out><![CDATA[2023-02-22 18:40:32 - [TEST_CASE][PASSED] - Test Cases/Step Definition/feature_edit_product/EDP002 - Edit product with valid information: Test Cases/Step Definition/feature_edit_product/EDP002 - Edit product with valid information

2023-02-22 18:40:32 - [TEST_STEP][PASSED] - callTestCase(findTestCase("Pages/page_home/navigate_to_daftarjual_page"), [:], STOP_ON_FAILURE): Call Test Case 'Test Cases/Pages/page_home/navigate_to_daftarjual_page' successfully

2023-02-22 18:40:33 - [TEST_CASE][PASSED] - Test Cases/Pages/page_home/navigate_to_daftarjual_page: Test Cases/Pages/page_home/navigate_to_daftarjual_page

2023-02-22 18:40:33 - [TEST_STEP][PASSED] - delay(3): Delayed 3 second(s)

2023-02-22 18:40:36 - [MESSAGE][PASSED] - Delayed 3 second(s)

2023-02-22 18:40:36 - [TEST_STEP][PASSED] - verifyElementPresent(findTestObject("page_home/btn_daftar_jual_page"), 3): Object 'Object Repository/page_home/btn_daftar_jual_page' is present

2023-02-22 18:40:36 - [MESSAGE][PASSED] - Object 'Object Repository/page_home/btn_daftar_jual_page' is present

2023-02-22 18:40:36 - [TEST_STEP][PASSED] - click(findTestObject("page_home/btn_daftar_jual_page")): Object: 'Object Repository/page_home/btn_daftar_jual_page' is clicked on

2023-02-22 18:40:36 - [MESSAGE][PASSED] - Object: 'Object Repository/page_home/btn_daftar_jual_page' is clicked on

2023-02-22 18:40:36 - [MESSAGE][PASSED] - Call Test Case 'Test Cases/Pages/page_home/navigate_to_daftarjual_page' successfully

2023-02-22 18:40:36 - [TEST_STEP][PASSED] - callTestCase(findTestCase("Pages/page_daftarjual/navigate_to_edit_product"), [:], STOP_ON_FAILURE): Call Test Case 'Test Cases/Pages/page_daftarjual/navigate_to_edit_product' successfully

2023-02-22 18:40:36 - [TEST_CASE][PASSED] - Test Cases/Pages/page_daftarjual/navigate_to_edit_product: Test Cases/Pages/page_daftarjual/navigate_to_edit_product

2023-02-22 18:40:36 - [TEST_STEP][PASSED] - verifyElementPresent(findTestObject("page_daftarjual/div_edit_produk"), 3): Object 'Object Repository/page_daftarjual/div_edit_produk' is present

2023-02-22 18:40:39 - [MESSAGE][PASSED] - Object 'Object Repository/page_daftarjual/div_edit_produk' is present

2023-02-22 18:40:39 - [TEST_STEP][PASSED] - click(findTestObject("page_daftarjual/div_edit_produk"), STOP_ON_FAILURE): Object: 'Object Repository/page_daftarjual/div_edit_produk' is clicked on

2023-02-22 18:40:39 - [MESSAGE][PASSED] - Object: 'Object Repository/page_daftarjual/div_edit_produk' is clicked on

2023-02-22 18:40:39 - [MESSAGE][PASSED] - Call Test Case 'Test Cases/Pages/page_daftarjual/navigate_to_edit_product' successfully

2023-02-22 18:40:39 - [TEST_STEP][PASSED] - callTestCase(findTestCase("Pages/page_productpage/click_edit_button"), [:], STOP_ON_FAILURE): Call Test Case 'Test Cases/Pages/page_productpage/click_edit_button' successfully

2023-02-22 18:40:39 - [TEST_CASE][PASSED] - Test Cases/Pages/page_productpage/click_edit_button: Test Cases/Pages/page_productpage/click_edit_button

2023-02-22 18:40:39 - [TEST_STEP][PASSED] - verifyElementPresent(findTestObject("page_productpage/btn_edit"), 2): Object 'Object Repository/page_productpage/btn_edit' is present

2023-02-22 18:40:41 - [MESSAGE][PASSED] - Object 'Object Repository/page_productpage/btn_edit' is present

2023-02-22 18:40:41 - [TEST_STEP][PASSED] - click(findTestObject("page_productpage/btn_edit"), STOP_ON_FAILURE): Object: 'Object Repository/page_productpage/btn_edit' is clicked on

2023-02-22 18:40:41 - [MESSAGE][PASSED] - Object: 'Object Repository/page_productpage/btn_edit' is clicked on

2023-02-22 18:40:41 - [MESSAGE][PASSED] - Call Test Case 'Test Cases/Pages/page_productpage/click_edit_button' successfully

2023-02-22 18:40:41 - [TEST_STEP][PASSED] - callTestCase(findTestCase("Pages/page_productinfo/input_nama_produk_field"), ["product_name":product_name], STOP_ON_FAILURE): Call Test Case 'Test Cases/Pages/page_productinfo/input_nama_produk_field' successfully

2023-02-22 18:40:42 - [TEST_CASE][PASSED] - Test Cases/Pages/page_productinfo/input_nama_produk_field: Test Cases/Pages/page_productinfo/input_nama_produk_field

2023-02-22 18:40:42 - [TEST_STEP][PASSED] - clearText(findTestObject("page_productinfo/input_nama_produk"), STOP_ON_FAILURE): Text of object 'Object Repository/page_productinfo/input_nama_produk' is cleared

2023-02-22 18:40:43 - [MESSAGE][PASSED] - Text of object 'Object Repository/page_productinfo/input_nama_produk' is cleared

2023-02-22 18:40:43 - [TEST_STEP][PASSED] - sendKeys(findTestObject("page_productinfo/input_nama_produk"), product_name): Keys 'edit produk berhasil' sent to object: 'Object Repository/page_productinfo/input_nama_produk'

2023-02-22 18:40:43 - [MESSAGE][PASSED] - Keys 'edit produk berhasil' sent to object: 'Object Repository/page_productinfo/input_nama_produk'

2023-02-22 18:40:43 - [MESSAGE][PASSED] - Call Test Case 'Test Cases/Pages/page_productinfo/input_nama_produk_field' successfully

2023-02-22 18:40:43 - [TEST_STEP][PASSED] - callTestCase(findTestCase("Pages/page_productinfo/input_harga_produk_field"), ["product_price":product_price], STOP_ON_FAILURE): Call Test Case 'Test Cases/Pages/page_productinfo/input_harga_produk_field' successfully

2023-02-22 18:40:43 - [TEST_CASE][PASSED] - Test Cases/Pages/page_productinfo/input_harga_produk_field: Test Cases/Pages/page_productinfo/input_harga_produk_field

2023-02-22 18:40:43 - [TEST_STEP][PASSED] - clearText(findTestObject("page_productinfo/input_harga_produk"), STOP_ON_FAILURE): Text of object 'Object Repository/page_productinfo/input_harga_produk' is cleared

2023-02-22 18:40:44 - [MESSAGE][PASSED] - Text of object 'Object Repository/page_productinfo/input_harga_produk' is cleared

2023-02-22 18:40:44 - [TEST_STEP][PASSED] - sendKeys(findTestObject("page_productinfo/input_harga_produk"), product_price): Keys '333333333' sent to object: 'Object Repository/page_productinfo/input_harga_produk'

2023-02-22 18:40:44 - [MESSAGE][PASSED] - Keys '333333333' sent to object: 'Object Repository/page_productinfo/input_harga_produk'

2023-02-22 18:40:44 - [MESSAGE][PASSED] - Call Test Case 'Test Cases/Pages/page_productinfo/input_harga_produk_field' successfully

2023-02-22 18:40:44 - [TEST_STEP][PASSED] - callTestCase(findTestCase("Pages/page_productinfo/input_deskripsi_field"), ["product_description":product_description], STOP_ON_FAILURE): Call Test Case 'Test Cases/Pages/page_productinfo/input_deskripsi_field' successfully

2023-02-22 18:40:44 - [TEST_CASE][PASSED] - Test Cases/Pages/page_productinfo/input_deskripsi_field: Test Cases/Pages/page_productinfo/input_deskripsi_field

2023-02-22 18:40:44 - [TEST_STEP][PASSED] - clearText(findTestObject("page_productinfo/input_deskripsi"), STOP_ON_FAILURE): Text of object 'Object Repository/page_productinfo/input_deskripsi' is cleared

2023-02-22 18:40:45 - [MESSAGE][PASSED] - Text of object 'Object Repository/page_productinfo/input_deskripsi' is cleared

2023-02-22 18:40:45 - [TEST_STEP][PASSED] - sendKeys(findTestObject("page_productinfo/input_deskripsi"), product_description): Keys 'edit deksripsi produk' sent to object: 'Object Repository/page_productinfo/input_deskripsi'

2023-02-22 18:40:45 - [MESSAGE][PASSED] - Keys 'edit deksripsi produk' sent to object: 'Object Repository/page_productinfo/input_deskripsi'

2023-02-22 18:40:45 - [MESSAGE][PASSED] - Call Test Case 'Test Cases/Pages/page_productinfo/input_deskripsi_field' successfully

2023-02-22 18:40:45 - [TEST_STEP][PASSED] - callTestCase(findTestCase("Pages/page_productinfo/choose_kategori_field"), ["category":category], STOP_ON_FAILURE): Call Test Case 'Test Cases/Pages/page_productinfo/choose_kategori_field' successfully

2023-02-22 18:40:45 - [TEST_CASE][PASSED] - Test Cases/Pages/page_productinfo/choose_kategori_field: Test Cases/Pages/page_productinfo/choose_kategori_field

2023-02-22 18:40:45 - [TEST_STEP][PASSED] - click(findTestObject("page_productinfo/select_Kategori")): Object: 'Object Repository/page_productinfo/select_Kategori' is clicked on

2023-02-22 18:40:46 - [MESSAGE][PASSED] - Object: 'Object Repository/page_productinfo/select_Kategori' is clicked on

2023-02-22 18:40:46 - [TEST_STEP][PASSED] - selectOptionByLabel(findTestObject("page_productinfo/select_kategori"), category, false): All options with label 'Kendaraan' are selected in object 'Object Repository/page_productinfo/select_kategori' 

2023-02-22 18:40:47 - [MESSAGE][PASSED] - All options with label 'Kendaraan' are selected in object 'Object Repository/page_productinfo/select_kategori' 

2023-02-22 18:40:47 - [MESSAGE][PASSED] - Call Test Case 'Test Cases/Pages/page_productinfo/choose_kategori_field' successfully

2023-02-22 18:40:47 - [TEST_STEP][PASSED] - callTestCase(findTestCase("Pages/page_productinfo/click_terbitkan_button"), [:], STOP_ON_FAILURE): Call Test Case 'Test Cases/Pages/page_productinfo/click_terbitkan_button' successfully

2023-02-22 18:40:47 - [TEST_CASE][PASSED] - Test Cases/Pages/page_productinfo/click_terbitkan_button: Test Cases/Pages/page_productinfo/click_terbitkan_button

2023-02-22 18:40:47 - [TEST_STEP][PASSED] - click(findTestObject("page_productinfo/btn_terbitkan")): Object: 'Object Repository/page_productinfo/btn_terbitkan' is clicked on

2023-02-22 18:40:47 - [MESSAGE][PASSED] - Object: 'Object Repository/page_productinfo/btn_terbitkan' is clicked on

2023-02-22 18:40:47 - [MESSAGE][PASSED] - Call Test Case 'Test Cases/Pages/page_productinfo/click_terbitkan_button' successfully

2023-02-22 18:40:47 - [TEST_STEP][PASSED] - callTestCase(findTestCase("Pages/page_home/navigate_to_daftarjual_page"), [:], STOP_ON_FAILURE): Call Test Case 'Test Cases/Pages/page_home/navigate_to_daftarjual_page' successfully

2023-02-22 18:40:47 - [TEST_CASE][PASSED] - Test Cases/Pages/page_home/navigate_to_daftarjual_page: Test Cases/Pages/page_home/navigate_to_daftarjual_page

2023-02-22 18:40:47 - [TEST_STEP][PASSED] - delay(3): Delayed 3 second(s)

2023-02-22 18:40:50 - [MESSAGE][PASSED] - Delayed 3 second(s)

2023-02-22 18:40:50 - [TEST_STEP][PASSED] - verifyElementPresent(findTestObject("page_home/btn_daftar_jual_page"), 3): Object 'Object Repository/page_home/btn_daftar_jual_page' is present

2023-02-22 18:40:51 - [MESSAGE][PASSED] - Object 'Object Repository/page_home/btn_daftar_jual_page' is present

2023-02-22 18:40:51 - [TEST_STEP][PASSED] - click(findTestObject("page_home/btn_daftar_jual_page")): Object: 'Object Repository/page_home/btn_daftar_jual_page' is clicked on

2023-02-22 18:40:51 - [MESSAGE][PASSED] - Object: 'Object Repository/page_home/btn_daftar_jual_page' is clicked on

2023-02-22 18:40:51 - [MESSAGE][PASSED] - Call Test Case 'Test Cases/Pages/page_home/navigate_to_daftarjual_page' successfully

2023-02-22 18:40:51 - [TEST_STEP][PASSED] - callTestCase(findTestCase("Pages/page_daftarjual/verify_edit_product_success"), [:], STOP_ON_FAILURE): Call Test Case 'Test Cases/Pages/page_daftarjual/verify_edit_product_success' successfully

2023-02-22 18:40:51 - [TEST_CASE][PASSED] - Test Cases/Pages/page_daftarjual/verify_edit_product_success: Test Cases/Pages/page_daftarjual/verify_edit_product_success

2023-02-22 18:40:51 - [TEST_STEP][PASSED] - verifyElementPresent(findTestObject("page_daftarjual/div_hapus_produk"), 2): Object 'Object Repository/page_daftarjual/div_hapus_produk' is present

2023-02-22 18:40:53 - [MESSAGE][PASSED] - Object 'Object Repository/page_daftarjual/div_hapus_produk' is present

2023-02-22 18:40:53 - [TEST_STEP][PASSED] - verifyTextPresent("edit produk berhasil", false): Text 'edit produk berhasil' is present on page 

2023-02-22 18:40:53 - [MESSAGE][PASSED] - Text 'edit produk berhasil' is present on page 

2023-02-22 18:40:53 - [TEST_STEP][PASSED] - verifyTextPresent("333.333.333,00", false): Text '333.333.333,00' is present on page 

2023-02-22 18:40:54 - [MESSAGE][PASSED] - Text '333.333.333,00' is present on page 

2023-02-22 18:40:54 - [MESSAGE][PASSED] - Call Test Case 'Test Cases/Pages/page_daftarjual/verify_edit_product_success' successfully]]></system-out>
         <system-err><![CDATA[]]></system-err>
      </testcase>
      <system-out><![CDATA[2023-02-22 18:40:01 - [TEST_SUITE][PASSED] - feature_edit_product: Test Cases/Step Definition/feature_edit_product/EDP002 - Edit product with valid information]]></system-out>
      <system-err><![CDATA[]]></system-err>
   </testsuite>
</testsuites>
